[DEBUG] 2018-11-20 15:18:35.842 [main] IntegratorServiceImpl - Adding Integrator [org.hibernate.cfg.beanvalidation.BeanValidationIntegrator].
[DEBUG] 2018-11-20 15:18:35.849 [main] IntegratorServiceImpl - Adding Integrator [org.hibernate.secure.spi.JaccIntegrator].
[DEBUG] 2018-11-20 15:18:35.867 [main] IntegratorServiceImpl - Adding Integrator [org.hibernate.cache.internal.CollectionCacheInvalidator].
[INFO ] 2018-11-20 15:18:36.209 [main] Version - HHH000412: Hibernate Core {5.2.12.Final}
[INFO ] 2018-11-20 15:18:36.222 [main] Environment - HHH000206: hibernate.properties not found
[DEBUG] 2018-11-20 15:18:36.372 [main] LocalXmlResourceResolver - Interpreting public/system identifier : [-//Hibernate/Hibernate Configuration DTD//EN] - [http://www.hibernate.org/dtd/hibernate-configuration-3.0.dtd]
[DEBUG] 2018-11-20 15:18:36.379 [main] LocalXmlResourceResolver - Recognized hibernate-configuration identifier; attempting to resolve on classpath under org/hibernate/
[DEBUG] 2018-11-20 15:18:36.395 [main] JaxbCfgProcessor - cfg.xml document did not define namespaces; wrapping in custom event reader to introduce namespace information
[DEBUG] 2018-11-20 15:18:37.059 [main] ServiceBinding - Overriding existing service binding [org.hibernate.secure.spi.JaccService]
[DEBUG] 2018-11-20 15:18:37.092 [main] RegionFactoryInitiator - Cache region factory : org.hibernate.cache.internal.NoCachingRegionFactory
[INFO ] 2018-11-20 15:18:37.100 [main] Version - HCANN000001: Hibernate Commons Annotations {5.0.1.Final}
[DEBUG] 2018-11-20 15:18:37.150 [main] BasicTypeRegistry - Adding type registration boolean -> org.hibernate.type.BooleanType@2fb0623e
[DEBUG] 2018-11-20 15:18:37.151 [main] BasicTypeRegistry - Adding type registration boolean -> org.hibernate.type.BooleanType@2fb0623e
[DEBUG] 2018-11-20 15:18:37.151 [main] BasicTypeRegistry - Adding type registration java.lang.Boolean -> org.hibernate.type.BooleanType@2fb0623e
[DEBUG] 2018-11-20 15:18:37.154 [main] BasicTypeRegistry - Adding type registration numeric_boolean -> org.hibernate.type.NumericBooleanType@311bf055
[DEBUG] 2018-11-20 15:18:37.156 [main] BasicTypeRegistry - Adding type registration true_false -> org.hibernate.type.TrueFalseType@448c8166
[DEBUG] 2018-11-20 15:18:37.156 [main] BasicTypeRegistry - Adding type registration yes_no -> org.hibernate.type.YesNoType@7098b907
[DEBUG] 2018-11-20 15:18:37.161 [main] BasicTypeRegistry - Adding type registration byte -> org.hibernate.type.ByteType@36804139
[DEBUG] 2018-11-20 15:18:37.161 [main] BasicTypeRegistry - Adding type registration byte -> org.hibernate.type.ByteType@36804139
[DEBUG] 2018-11-20 15:18:37.161 [main] BasicTypeRegistry - Adding type registration java.lang.Byte -> org.hibernate.type.ByteType@36804139
[DEBUG] 2018-11-20 15:18:37.162 [main] BasicTypeRegistry - Adding type registration character -> org.hibernate.type.CharacterType@5c86dbc5
[DEBUG] 2018-11-20 15:18:37.164 [main] BasicTypeRegistry - Adding type registration char -> org.hibernate.type.CharacterType@5c86dbc5
[DEBUG] 2018-11-20 15:18:37.164 [main] BasicTypeRegistry - Adding type registration java.lang.Character -> org.hibernate.type.CharacterType@5c86dbc5
[DEBUG] 2018-11-20 15:18:37.165 [main] BasicTypeRegistry - Adding type registration short -> org.hibernate.type.ShortType@769a1df5
[DEBUG] 2018-11-20 15:18:37.165 [main] BasicTypeRegistry - Adding type registration short -> org.hibernate.type.ShortType@769a1df5
[DEBUG] 2018-11-20 15:18:37.165 [main] BasicTypeRegistry - Adding type registration java.lang.Short -> org.hibernate.type.ShortType@769a1df5
[DEBUG] 2018-11-20 15:18:37.166 [main] BasicTypeRegistry - Adding type registration integer -> org.hibernate.type.IntegerType@5167f57d
[DEBUG] 2018-11-20 15:18:37.167 [main] BasicTypeRegistry - Adding type registration int -> org.hibernate.type.IntegerType@5167f57d
[DEBUG] 2018-11-20 15:18:37.170 [main] BasicTypeRegistry - Adding type registration java.lang.Integer -> org.hibernate.type.IntegerType@5167f57d
[DEBUG] 2018-11-20 15:18:37.171 [main] BasicTypeRegistry - Adding type registration long -> org.hibernate.type.LongType@6cc4cdb9
[DEBUG] 2018-11-20 15:18:37.171 [main] BasicTypeRegistry - Adding type registration long -> org.hibernate.type.LongType@6cc4cdb9
[DEBUG] 2018-11-20 15:18:37.173 [main] BasicTypeRegistry - Adding type registration java.lang.Long -> org.hibernate.type.LongType@6cc4cdb9
[DEBUG] 2018-11-20 15:18:37.175 [main] BasicTypeRegistry - Adding type registration float -> org.hibernate.type.FloatType@45efd90f
[DEBUG] 2018-11-20 15:18:37.175 [main] BasicTypeRegistry - Adding type registration float -> org.hibernate.type.FloatType@45efd90f
[DEBUG] 2018-11-20 15:18:37.175 [main] BasicTypeRegistry - Adding type registration java.lang.Float -> org.hibernate.type.FloatType@45efd90f
[DEBUG] 2018-11-20 15:18:37.176 [main] BasicTypeRegistry - Adding type registration double -> org.hibernate.type.DoubleType@7d7758be
[DEBUG] 2018-11-20 15:18:37.176 [main] BasicTypeRegistry - Adding type registration double -> org.hibernate.type.DoubleType@7d7758be
[DEBUG] 2018-11-20 15:18:37.176 [main] BasicTypeRegistry - Adding type registration java.lang.Double -> org.hibernate.type.DoubleType@7d7758be
[DEBUG] 2018-11-20 15:18:37.177 [main] BasicTypeRegistry - Adding type registration big_decimal -> org.hibernate.type.BigDecimalType@7ac296f6
[DEBUG] 2018-11-20 15:18:37.178 [main] BasicTypeRegistry - Adding type registration java.math.BigDecimal -> org.hibernate.type.BigDecimalType@7ac296f6
[DEBUG] 2018-11-20 15:18:37.178 [main] BasicTypeRegistry - Adding type registration big_integer -> org.hibernate.type.BigIntegerType@54e041a4
[DEBUG] 2018-11-20 15:18:37.178 [main] BasicTypeRegistry - Adding type registration java.math.BigInteger -> org.hibernate.type.BigIntegerType@54e041a4
[DEBUG] 2018-11-20 15:18:37.179 [main] BasicTypeRegistry - Adding type registration string -> org.hibernate.type.StringType@238d68ff
[DEBUG] 2018-11-20 15:18:37.179 [main] BasicTypeRegistry - Adding type registration java.lang.String -> org.hibernate.type.StringType@238d68ff
[DEBUG] 2018-11-20 15:18:37.181 [main] BasicTypeRegistry - Adding type registration nstring -> org.hibernate.type.StringNVarcharType@76b07f29
[DEBUG] 2018-11-20 15:18:37.182 [main] BasicTypeRegistry - Adding type registration ncharacter -> org.hibernate.type.CharacterNCharType@53f3bdbd
[DEBUG] 2018-11-20 15:18:37.183 [main] BasicTypeRegistry - Adding type registration url -> org.hibernate.type.UrlType@4c2bb6e0
[DEBUG] 2018-11-20 15:18:37.184 [main] BasicTypeRegistry - Adding type registration java.net.URL -> org.hibernate.type.UrlType@4c2bb6e0
[DEBUG] 2018-11-20 15:18:37.185 [main] BasicTypeRegistry - Adding type registration Duration -> org.hibernate.type.DurationType@4bff7da0
[DEBUG] 2018-11-20 15:18:37.190 [main] BasicTypeRegistry - Adding type registration java.time.Duration -> org.hibernate.type.DurationType@4bff7da0
[DEBUG] 2018-11-20 15:18:37.228 [main] BasicTypeRegistry - Adding type registration Instant -> org.hibernate.type.InstantType@163370c2
[DEBUG] 2018-11-20 15:18:37.229 [main] BasicTypeRegistry - Adding type registration java.time.Instant -> org.hibernate.type.InstantType@163370c2
[DEBUG] 2018-11-20 15:18:37.231 [main] BasicTypeRegistry - Adding type registration LocalDateTime -> org.hibernate.type.LocalDateTimeType@13d9cbf5
[DEBUG] 2018-11-20 15:18:37.231 [main] BasicTypeRegistry - Adding type registration java.time.LocalDateTime -> org.hibernate.type.LocalDateTimeType@13d9cbf5
[DEBUG] 2018-11-20 15:18:37.232 [main] BasicTypeRegistry - Adding type registration LocalDate -> org.hibernate.type.LocalDateType@2462cb01
[DEBUG] 2018-11-20 15:18:37.235 [main] BasicTypeRegistry - Adding type registration java.time.LocalDate -> org.hibernate.type.LocalDateType@2462cb01
[DEBUG] 2018-11-20 15:18:37.239 [main] BasicTypeRegistry - Adding type registration LocalTime -> org.hibernate.type.LocalTimeType@452e19ca
[DEBUG] 2018-11-20 15:18:37.244 [main] BasicTypeRegistry - Adding type registration java.time.LocalTime -> org.hibernate.type.LocalTimeType@452e19ca
[DEBUG] 2018-11-20 15:18:37.251 [main] BasicTypeRegistry - Adding type registration OffsetDateTime -> org.hibernate.type.OffsetDateTimeType@e25951c
[DEBUG] 2018-11-20 15:18:37.251 [main] BasicTypeRegistry - Adding type registration java.time.OffsetDateTime -> org.hibernate.type.OffsetDateTimeType@e25951c
[DEBUG] 2018-11-20 15:18:37.257 [main] BasicTypeRegistry - Adding type registration OffsetTime -> org.hibernate.type.OffsetTimeType@19976a65
[DEBUG] 2018-11-20 15:18:37.257 [main] BasicTypeRegistry - Adding type registration java.time.OffsetTime -> org.hibernate.type.OffsetTimeType@19976a65
[DEBUG] 2018-11-20 15:18:37.264 [main] BasicTypeRegistry - Adding type registration ZonedDateTime -> org.hibernate.type.ZonedDateTimeType@4bbf6d0e
[DEBUG] 2018-11-20 15:18:37.265 [main] BasicTypeRegistry - Adding type registration java.time.ZonedDateTime -> org.hibernate.type.ZonedDateTimeType@4bbf6d0e
[DEBUG] 2018-11-20 15:18:37.268 [main] BasicTypeRegistry - Adding type registration date -> org.hibernate.type.DateType@93081b6
[DEBUG] 2018-11-20 15:18:37.270 [main] BasicTypeRegistry - Adding type registration java.sql.Date -> org.hibernate.type.DateType@93081b6
[DEBUG] 2018-11-20 15:18:37.271 [main] BasicTypeRegistry - Adding type registration time -> org.hibernate.type.TimeType@16c069df
[DEBUG] 2018-11-20 15:18:37.271 [main] BasicTypeRegistry - Adding type registration java.sql.Time -> org.hibernate.type.TimeType@16c069df
[DEBUG] 2018-11-20 15:18:37.274 [main] BasicTypeRegistry - Adding type registration timestamp -> org.hibernate.type.TimestampType@7c3fdb62
[DEBUG] 2018-11-20 15:18:37.277 [main] BasicTypeRegistry - Adding type registration java.sql.Timestamp -> org.hibernate.type.TimestampType@7c3fdb62
[DEBUG] 2018-11-20 15:18:37.277 [main] BasicTypeRegistry - Adding type registration java.util.Date -> org.hibernate.type.TimestampType@7c3fdb62
[DEBUG] 2018-11-20 15:18:37.279 [main] BasicTypeRegistry - Adding type registration dbtimestamp -> org.hibernate.type.DbTimestampType@6dd7b5a3
[DEBUG] 2018-11-20 15:18:37.280 [main] BasicTypeRegistry - Adding type registration calendar -> org.hibernate.type.CalendarType@7bf3a5d8
[DEBUG] 2018-11-20 15:18:37.280 [main] BasicTypeRegistry - Adding type registration java.util.Calendar -> org.hibernate.type.CalendarType@7bf3a5d8
[DEBUG] 2018-11-20 15:18:37.280 [main] BasicTypeRegistry - Adding type registration java.util.GregorianCalendar -> org.hibernate.type.CalendarType@7bf3a5d8
[DEBUG] 2018-11-20 15:18:37.281 [main] BasicTypeRegistry - Adding type registration calendar_date -> org.hibernate.type.CalendarDateType@44be0077
[DEBUG] 2018-11-20 15:18:37.284 [main] BasicTypeRegistry - Adding type registration locale -> org.hibernate.type.LocaleType@51a9ad5e
[DEBUG] 2018-11-20 15:18:37.284 [main] BasicTypeRegistry - Adding type registration java.util.Locale -> org.hibernate.type.LocaleType@51a9ad5e
[DEBUG] 2018-11-20 15:18:37.285 [main] BasicTypeRegistry - Adding type registration currency -> org.hibernate.type.CurrencyType@609bcfb6
[DEBUG] 2018-11-20 15:18:37.285 [main] BasicTypeRegistry - Adding type registration java.util.Currency -> org.hibernate.type.CurrencyType@609bcfb6
[DEBUG] 2018-11-20 15:18:37.285 [main] BasicTypeRegistry - Adding type registration timezone -> org.hibernate.type.TimeZoneType@7b993c65
[DEBUG] 2018-11-20 15:18:37.289 [main] BasicTypeRegistry - Adding type registration java.util.TimeZone -> org.hibernate.type.TimeZoneType@7b993c65
[DEBUG] 2018-11-20 15:18:37.293 [main] BasicTypeRegistry - Adding type registration class -> org.hibernate.type.ClassType@407a7f2a
[DEBUG] 2018-11-20 15:18:37.294 [main] BasicTypeRegistry - Adding type registration java.lang.Class -> org.hibernate.type.ClassType@407a7f2a
[DEBUG] 2018-11-20 15:18:37.298 [main] BasicTypeRegistry - Adding type registration uuid-binary -> org.hibernate.type.UUIDBinaryType@495ee280
[DEBUG] 2018-11-20 15:18:37.298 [main] BasicTypeRegistry - Adding type registration java.util.UUID -> org.hibernate.type.UUIDBinaryType@495ee280
[DEBUG] 2018-11-20 15:18:37.299 [main] BasicTypeRegistry - Adding type registration uuid-char -> org.hibernate.type.UUIDCharType@3116c353
[DEBUG] 2018-11-20 15:18:37.300 [main] BasicTypeRegistry - Adding type registration binary -> org.hibernate.type.BinaryType@2e32ccc5
[DEBUG] 2018-11-20 15:18:37.300 [main] BasicTypeRegistry - Adding type registration byte[] -> org.hibernate.type.BinaryType@2e32ccc5
[DEBUG] 2018-11-20 15:18:37.300 [main] BasicTypeRegistry - Adding type registration [B -> org.hibernate.type.BinaryType@2e32ccc5
[DEBUG] 2018-11-20 15:18:37.301 [main] BasicTypeRegistry - Adding type registration wrapper-binary -> org.hibernate.type.WrapperBinaryType@5f77d0f9
[DEBUG] 2018-11-20 15:18:37.303 [main] BasicTypeRegistry - Adding type registration Byte[] -> org.hibernate.type.WrapperBinaryType@5f77d0f9
[DEBUG] 2018-11-20 15:18:37.306 [main] BasicTypeRegistry - Adding type registration [Ljava.lang.Byte; -> org.hibernate.type.WrapperBinaryType@5f77d0f9
[DEBUG] 2018-11-20 15:18:37.307 [main] BasicTypeRegistry - Adding type registration row_version -> org.hibernate.type.RowVersionType@42b3b079
[DEBUG] 2018-11-20 15:18:37.310 [main] BasicTypeRegistry - Adding type registration image -> org.hibernate.type.ImageType@6692b6c6
[DEBUG] 2018-11-20 15:18:37.311 [main] BasicTypeRegistry - Adding type registration characters -> org.hibernate.type.CharArrayType@6736fa8d
[DEBUG] 2018-11-20 15:18:37.311 [main] BasicTypeRegistry - Adding type registration char[] -> org.hibernate.type.CharArrayType@6736fa8d
[DEBUG] 2018-11-20 15:18:37.311 [main] BasicTypeRegistry - Adding type registration [C -> org.hibernate.type.CharArrayType@6736fa8d
[DEBUG] 2018-11-20 15:18:37.312 [main] BasicTypeRegistry - Adding type registration wrapper-characters -> org.hibernate.type.CharacterArrayType@14a50707
[DEBUG] 2018-11-20 15:18:37.312 [main] BasicTypeRegistry - Adding type registration [Ljava.lang.Character; -> org.hibernate.type.CharacterArrayType@14a50707
[DEBUG] 2018-11-20 15:18:37.312 [main] BasicTypeRegistry - Adding type registration Character[] -> org.hibernate.type.CharacterArrayType@14a50707
[DEBUG] 2018-11-20 15:18:37.313 [main] BasicTypeRegistry - Adding type registration text -> org.hibernate.type.TextType@7354b8c5
[DEBUG] 2018-11-20 15:18:37.315 [main] BasicTypeRegistry - Adding type registration ntext -> org.hibernate.type.NTextType@59e2d8e3
[DEBUG] 2018-11-20 15:18:37.321 [main] BasicTypeRegistry - Adding type registration blob -> org.hibernate.type.BlobType@43599640
[DEBUG] 2018-11-20 15:18:37.321 [main] BasicTypeRegistry - Adding type registration java.sql.Blob -> org.hibernate.type.BlobType@43599640
[DEBUG] 2018-11-20 15:18:37.377 [main] BasicTypeRegistry - Adding type registration materialized_blob -> org.hibernate.type.MaterializedBlobType@1863d2fe
[DEBUG] 2018-11-20 15:18:37.382 [main] BasicTypeRegistry - Adding type registration clob -> org.hibernate.type.ClobType@379614be
[DEBUG] 2018-11-20 15:18:37.382 [main] BasicTypeRegistry - Adding type registration java.sql.Clob -> org.hibernate.type.ClobType@379614be
[DEBUG] 2018-11-20 15:18:37.384 [main] BasicTypeRegistry - Adding type registration nclob -> org.hibernate.type.NClobType@57c03d88
[DEBUG] 2018-11-20 15:18:37.385 [main] BasicTypeRegistry - Adding type registration java.sql.NClob -> org.hibernate.type.NClobType@57c03d88
[DEBUG] 2018-11-20 15:18:37.385 [main] BasicTypeRegistry - Adding type registration materialized_clob -> org.hibernate.type.MaterializedClobType@45ac5f9b
[DEBUG] 2018-11-20 15:18:37.388 [main] BasicTypeRegistry - Adding type registration materialized_nclob -> org.hibernate.type.MaterializedNClobType@68034211
[DEBUG] 2018-11-20 15:18:37.391 [main] BasicTypeRegistry - Adding type registration serializable -> org.hibernate.type.SerializableType@6e15fe2
[DEBUG] 2018-11-20 15:18:37.395 [main] BasicTypeRegistry - Adding type registration object -> org.hibernate.type.ObjectType@46271dd6
[DEBUG] 2018-11-20 15:18:37.396 [main] BasicTypeRegistry - Adding type registration java.lang.Object -> org.hibernate.type.ObjectType@46271dd6
[DEBUG] 2018-11-20 15:18:37.396 [main] BasicTypeRegistry - Adding type registration imm_date -> org.hibernate.type.AdaptedImmutableType@5495333e
[DEBUG] 2018-11-20 15:18:37.396 [main] BasicTypeRegistry - Adding type registration imm_time -> org.hibernate.type.AdaptedImmutableType@2a225dd7
[DEBUG] 2018-11-20 15:18:37.401 [main] BasicTypeRegistry - Adding type registration imm_timestamp -> org.hibernate.type.AdaptedImmutableType@61eaec38
[DEBUG] 2018-11-20 15:18:37.402 [main] BasicTypeRegistry - Adding type registration imm_dbtimestamp -> org.hibernate.type.AdaptedImmutableType@125290e5
[DEBUG] 2018-11-20 15:18:37.402 [main] BasicTypeRegistry - Adding type registration imm_calendar -> org.hibernate.type.AdaptedImmutableType@6fa34d52
[DEBUG] 2018-11-20 15:18:37.402 [main] BasicTypeRegistry - Adding type registration imm_calendar_date -> org.hibernate.type.AdaptedImmutableType@57576994
[DEBUG] 2018-11-20 15:18:37.402 [main] BasicTypeRegistry - Adding type registration imm_binary -> org.hibernate.type.AdaptedImmutableType@616ac46a
[DEBUG] 2018-11-20 15:18:37.402 [main] BasicTypeRegistry - Adding type registration imm_serializable -> org.hibernate.type.AdaptedImmutableType@67b9b51a
[INFO ] 2018-11-20 15:18:37.420 [main] C3P0ConnectionProvider - HHH010002: C3P0 using driver: com.mysql.jdbc.Driver at URL: jdbc:mysql://localhost:3306/AnimalFacts
[INFO ] 2018-11-20 15:18:37.421 [main] C3P0ConnectionProvider - HHH10001001: Connection properties: {user=root, password=****}
[INFO ] 2018-11-20 15:18:37.421 [main] C3P0ConnectionProvider - HHH10001003: Autocommit mode: false
[INFO ] 2018-11-20 15:18:37.683 [main] C3P0ConnectionProvider - HHH10001007: JDBC isolation level: <unknown>
[DEBUG] 2018-11-20 15:18:38.235 [main] JdbcEnvironmentInitiator - Database ->
       name : MySQL
    version : 5.7.24-0ubuntu0.16.04.1
      major : 5
      minor : 7
[DEBUG] 2018-11-20 15:18:38.240 [main] JdbcEnvironmentInitiator - Driver ->
       name : MySQL Connector Java
    version : mysql-connector-java-5.1.39 ( Revision: 3289a357af6d09ecc1a10fd3c26e95183e5790ad )
      major : 5
      minor : 1
[DEBUG] 2018-11-20 15:18:38.241 [main] JdbcEnvironmentInitiator - JDBC version : 4.0
[INFO ] 2018-11-20 15:18:38.285 [main] Dialect - HHH000400: Using dialect: org.hibernate.dialect.MySQL5Dialect
[DEBUG] 2018-11-20 15:18:38.389 [main] IdentifierHelperBuilder - JDBC driver metadata reported database stores quoted identifiers in more than one case
[DEBUG] 2018-11-20 15:18:38.399 [main] IdentifierHelperBuilder - IdentifierCaseStrategy for both quoted and unquoted identifiers was set to the same strategy [MIXED]; that will likely lead to problems in schema update and validation if using quoted identifiers
[DEBUG] 2018-11-20 15:18:38.499 [main] DefaultIdentifierGeneratorFactory - Registering IdentifierGenerator strategy [uuid2] -> [org.hibernate.id.UUIDGenerator]
[DEBUG] 2018-11-20 15:18:38.500 [main] DefaultIdentifierGeneratorFactory - Registering IdentifierGenerator strategy [guid] -> [org.hibernate.id.GUIDGenerator]
[DEBUG] 2018-11-20 15:18:38.505 [main] DefaultIdentifierGeneratorFactory - Registering IdentifierGenerator strategy [uuid] -> [org.hibernate.id.UUIDHexGenerator]
[DEBUG] 2018-11-20 15:18:38.506 [main] DefaultIdentifierGeneratorFactory - Registering IdentifierGenerator strategy [uuid.hex] -> [org.hibernate.id.UUIDHexGenerator]
[DEBUG] 2018-11-20 15:18:38.506 [main] DefaultIdentifierGeneratorFactory - Registering IdentifierGenerator strategy [assigned] -> [org.hibernate.id.Assigned]
[DEBUG] 2018-11-20 15:18:38.507 [main] DefaultIdentifierGeneratorFactory - Registering IdentifierGenerator strategy [identity] -> [org.hibernate.id.IdentityGenerator]
[DEBUG] 2018-11-20 15:18:38.507 [main] DefaultIdentifierGeneratorFactory - Registering IdentifierGenerator strategy [select] -> [org.hibernate.id.SelectGenerator]
[DEBUG] 2018-11-20 15:18:38.508 [main] DefaultIdentifierGeneratorFactory - Registering IdentifierGenerator strategy [sequence] -> [org.hibernate.id.enhanced.SequenceStyleGenerator]
[DEBUG] 2018-11-20 15:18:38.509 [main] DefaultIdentifierGeneratorFactory - Registering IdentifierGenerator strategy [seqhilo] -> [org.hibernate.id.SequenceHiLoGenerator]
[DEBUG] 2018-11-20 15:18:38.510 [main] DefaultIdentifierGeneratorFactory - Registering IdentifierGenerator strategy [increment] -> [org.hibernate.id.IncrementGenerator]
[DEBUG] 2018-11-20 15:18:38.510 [main] DefaultIdentifierGeneratorFactory - Registering IdentifierGenerator strategy [foreign] -> [org.hibernate.id.ForeignGenerator]
[DEBUG] 2018-11-20 15:18:38.514 [main] DefaultIdentifierGeneratorFactory - Registering IdentifierGenerator strategy [sequence-identity] -> [org.hibernate.id.SequenceIdentityGenerator]
[DEBUG] 2018-11-20 15:18:38.515 [main] DefaultIdentifierGeneratorFactory - Registering IdentifierGenerator strategy [enhanced-sequence] -> [org.hibernate.id.enhanced.SequenceStyleGenerator]
[DEBUG] 2018-11-20 15:18:38.516 [main] DefaultIdentifierGeneratorFactory - Registering IdentifierGenerator strategy [enhanced-table] -> [org.hibernate.id.enhanced.TableGenerator]
[DEBUG] 2018-11-20 15:18:38.569 [main] Namespace - Created database namespace [logicalName=Name{catalog=null, schema=null}, physicalName=Name{catalog=null, schema=null}]
[DEBUG] 2018-11-20 15:18:38.621 [main] AnnotationBinder - Binding entity from annotated class: entity.Animal
[DEBUG] 2018-11-20 15:18:38.651 [main] Ejb3Column - Binding column: Ejb3DiscriminatorColumn{logicalColumnName'DTYPE', discriminatorTypeName='string'}
[DEBUG] 2018-11-20 15:18:38.657 [main] EntityBinder - Import with entity name Animal
[DEBUG] 2018-11-20 15:18:38.663 [main] EntityBinder - Bind entity entity.Animal on table animal
[DEBUG] 2018-11-20 15:18:38.703 [main] Ejb3Column - Binding column: Ejb3Column{table=org.hibernate.mapping.Table(animal), mappingColumn=id, insertable=true, updatable=true, unique=false}
[DEBUG] 2018-11-20 15:18:38.707 [main] PropertyBinder - MetadataSourceProcessor property id with lazy=false
[DEBUG] 2018-11-20 15:18:38.708 [main] AbstractPropertyHolder - Attempting to locate auto-apply AttributeConverter for property [entity.Animal:id]
[DEBUG] 2018-11-20 15:18:38.709 [main] SimpleValueBinder - building SimpleValue for id
[DEBUG] 2018-11-20 15:18:38.711 [main] PropertyBinder - Building property id
[DEBUG] 2018-11-20 15:18:38.720 [main] Ejb3Column - Binding column: Ejb3Column{table=org.hibernate.mapping.Table(animal), mappingColumn=animal, insertable=true, updatable=true, unique=false}
[DEBUG] 2018-11-20 15:18:38.726 [main] PropertyBinder - MetadataSourceProcessor property animal with lazy=false
[DEBUG] 2018-11-20 15:18:38.726 [main] AbstractPropertyHolder - Attempting to locate auto-apply AttributeConverter for property [entity.Animal:animal]
[DEBUG] 2018-11-20 15:18:38.727 [main] SimpleValueBinder - building SimpleValue for animal
[DEBUG] 2018-11-20 15:18:38.727 [main] PropertyBinder - Building property animal
[DEBUG] 2018-11-20 15:18:38.730 [main] Ejb3Column - Binding column: Ejb3JoinColumn{logicalColumnName='null', referencedColumn='null', mappedBy='animal'}
[DEBUG] 2018-11-20 15:18:38.732 [main] Ejb3Column - Binding column: Ejb3Column{table=org.hibernate.mapping.Table(animal), mappingColumn=fact, insertable=true, updatable=true, unique=false}
[DEBUG] 2018-11-20 15:18:38.737 [main] Ejb3Column - Binding column: Ejb3Column{table=org.hibernate.mapping.Table(animal), mappingColumn=null, insertable=true, updatable=true, unique=false}
[DEBUG] 2018-11-20 15:18:38.750 [main] Ejb3Column - Binding column: Ejb3Column{table=org.hibernate.mapping.Table(animal), mappingColumn=element, insertable=true, updatable=true, unique=false}
[DEBUG] 2018-11-20 15:18:38.750 [main] Ejb3Column - Binding column: Ejb3Column{table=org.hibernate.mapping.Table(animal), mappingColumn=fact_KEY, insertable=true, updatable=true, unique=false}
[DEBUG] 2018-11-20 15:18:38.751 [main] Ejb3Column - Binding column: Ejb3JoinColumn{logicalColumnName='fact_KEY', referencedColumn='null', mappedBy='null'}
[DEBUG] 2018-11-20 15:18:38.752 [main] Ejb3Column - Binding column: Ejb3JoinColumn{logicalColumnName='null', referencedColumn='null', mappedBy='animal'}
[DEBUG] 2018-11-20 15:18:38.752 [main] Ejb3Column - Binding column: Ejb3JoinColumn{logicalColumnName='null', referencedColumn='null', mappedBy='animal'}
[DEBUG] 2018-11-20 15:18:38.753 [main] CollectionBinder - Collection role: entity.Animal.fact
[DEBUG] 2018-11-20 15:18:38.756 [main] PropertyBinder - Building property fact
[DEBUG] 2018-11-20 15:18:38.757 [main] AnnotationBinder - Binding entity from annotated class: entity.Fact
[DEBUG] 2018-11-20 15:18:38.757 [main] Ejb3Column - Binding column: Ejb3DiscriminatorColumn{logicalColumnName'DTYPE', discriminatorTypeName='string'}
[DEBUG] 2018-11-20 15:18:38.758 [main] EntityBinder - Import with entity name Fact
[DEBUG] 2018-11-20 15:18:38.758 [main] EntityBinder - Bind entity entity.Fact on table facts
[DEBUG] 2018-11-20 15:18:38.771 [main] Ejb3Column - Binding column: Ejb3Column{table=org.hibernate.mapping.Table(facts), mappingColumn=id, insertable=true, updatable=true, unique=false}
[DEBUG] 2018-11-20 15:18:38.771 [main] PropertyBinder - MetadataSourceProcessor property id with lazy=false
[DEBUG] 2018-11-20 15:18:38.771 [main] AbstractPropertyHolder - Attempting to locate auto-apply AttributeConverter for property [entity.Fact:id]
[DEBUG] 2018-11-20 15:18:38.772 [main] SimpleValueBinder - building SimpleValue for id
[DEBUG] 2018-11-20 15:18:38.772 [main] PropertyBinder - Building property id
[DEBUG] 2018-11-20 15:18:38.772 [main] Ejb3Column - Binding column: Ejb3JoinColumn{logicalColumnName='animalId', referencedColumn='id', mappedBy=''}
[DEBUG] 2018-11-20 15:18:38.773 [main] Ejb3Column - Binding column: Ejb3Column{table=org.hibernate.mapping.Table(facts), mappingColumn=animal, insertable=true, updatable=true, unique=false}
[DEBUG] 2018-11-20 15:18:38.774 [main] PropertyBinder - Building property animal
[DEBUG] 2018-11-20 15:18:38.775 [main] Ejb3Column - Binding column: Ejb3Column{table=org.hibernate.mapping.Table(facts), mappingColumn=fact, insertable=true, updatable=true, unique=false}
[DEBUG] 2018-11-20 15:18:38.775 [main] PropertyBinder - MetadataSourceProcessor property fact with lazy=false
[DEBUG] 2018-11-20 15:18:38.775 [main] AbstractPropertyHolder - Attempting to locate auto-apply AttributeConverter for property [entity.Fact:fact]
[DEBUG] 2018-11-20 15:18:38.776 [main] SimpleValueBinder - building SimpleValue for fact
[DEBUG] 2018-11-20 15:18:38.776 [main] PropertyBinder - Building property fact
[DEBUG] 2018-11-20 15:18:38.781 [main] SimpleValueBinder - Starting fillSimpleValue for id
[DEBUG] 2018-11-20 15:18:38.781 [main] SimpleValueBinder - Starting fillSimpleValue for animal
[DEBUG] 2018-11-20 15:18:38.784 [main] SimpleValueBinder - Starting fillSimpleValue for id
[DEBUG] 2018-11-20 15:18:38.785 [main] SimpleValueBinder - Starting fillSimpleValue for fact
[DEBUG] 2018-11-20 15:18:38.794 [main] PrimaryKey - Forcing column [id] to be non-null as it is part of the primary key for table [animal]
[DEBUG] 2018-11-20 15:18:38.794 [main] PrimaryKey - Forcing column [id] to be non-null as it is part of the primary key for table [facts]
[DEBUG] 2018-11-20 15:18:38.794 [main] CollectionSecondPass - Second pass for collection: entity.Animal.fact
[DEBUG] 2018-11-20 15:18:38.795 [main] CollectionBinder - Binding a OneToMany: entity.Animal.fact through a foreign key
[DEBUG] 2018-11-20 15:18:38.795 [main] CollectionBinder - Mapping collection: entity.Animal.fact -> facts
[DEBUG] 2018-11-20 15:18:38.796 [main] TableBinder - Retrieving property entity.Fact.animal
[DEBUG] 2018-11-20 15:18:38.796 [main] CollectionSecondPass - Mapped collection key: animalId, one-to-many: entity.Fact
[DEBUG] 2018-11-20 15:18:38.797 [main] InFlightMetadataCollectorImpl - Resolving reference to class: entity.Animal
[DEBUG] 2018-11-20 15:18:38.805 [main] InFlightMetadataCollectorImpl - Resolving reference to class: entity.Animal
[DEBUG] 2018-11-20 15:18:38.883 [main] SessionFactoryImpl - Building session factory
[DEBUG] 2018-11-20 15:18:38.884 [main] Settings - SessionFactory name : null
[DEBUG] 2018-11-20 15:18:38.884 [main] Settings - Automatic flush during beforeCompletion(): enabled
[DEBUG] 2018-11-20 15:18:38.884 [main] Settings - Automatic session close at end of transaction: disabled
[DEBUG] 2018-11-20 15:18:38.885 [main] Settings - Statistics: disabled
[DEBUG] 2018-11-20 15:18:38.885 [main] Settings - Deleted entity synthetic identifier rollback: disabled
[DEBUG] 2018-11-20 15:18:38.885 [main] Settings - Default entity-mode: pojo
[DEBUG] 2018-11-20 15:18:38.885 [main] Settings - Check Nullability in Core (should be disabled when Bean Validation is on): enabled
[DEBUG] 2018-11-20 15:18:38.885 [main] Settings - Allow initialization of lazy state outside session : disabled
[DEBUG] 2018-11-20 15:18:38.885 [main] Settings - Using BatchFetchStyle : LEGACY
[DEBUG] 2018-11-20 15:18:38.885 [main] Settings - Default batch fetch size: -1
[DEBUG] 2018-11-20 15:18:38.885 [main] Settings - Maximum outer join fetch depth: 2
[DEBUG] 2018-11-20 15:18:38.885 [main] Settings - Default null ordering: NONE
[DEBUG] 2018-11-20 15:18:38.886 [main] Settings - Order SQL updates by primary key: disabled
[DEBUG] 2018-11-20 15:18:38.886 [main] Settings - Order SQL inserts for batching: disabled
[DEBUG] 2018-11-20 15:18:38.886 [main] Settings - multi-tenancy strategy : NONE
[DEBUG] 2018-11-20 15:18:38.886 [main] Settings - JTA Track by Thread: enabled
[DEBUG] 2018-11-20 15:18:38.886 [main] Settings - Query language substitutions: {}
[DEBUG] 2018-11-20 15:18:38.886 [main] Settings - JPA query language strict compliance: disabled
[DEBUG] 2018-11-20 15:18:38.886 [main] Settings - Named query checking : enabled
[DEBUG] 2018-11-20 15:18:38.886 [main] Settings - Second-level cache: enabled
[DEBUG] 2018-11-20 15:18:38.886 [main] Settings - Second-level query cache: disabled
[DEBUG] 2018-11-20 15:18:38.887 [main] Settings - Second-level query cache factory: org.hibernate.cache.internal.StandardQueryCacheFactory@6e521c1e
[DEBUG] 2018-11-20 15:18:38.887 [main] Settings - Second-level cache region prefix: null
[DEBUG] 2018-11-20 15:18:38.887 [main] Settings - Optimize second-level cache for minimal puts: disabled
[DEBUG] 2018-11-20 15:18:38.887 [main] Settings - Structured second-level cache entries: disabled
[DEBUG] 2018-11-20 15:18:38.888 [main] Settings - Second-level cache direct-reference entries: disabled
[DEBUG] 2018-11-20 15:18:38.888 [main] Settings - Automatic eviction of collection cache: disabled
[DEBUG] 2018-11-20 15:18:38.888 [main] Settings - JDBC batch size: 15
[DEBUG] 2018-11-20 15:18:38.888 [main] Settings - JDBC batch updates for versioned data: enabled
[DEBUG] 2018-11-20 15:18:38.888 [main] Settings - Scrollable result sets: enabled
[DEBUG] 2018-11-20 15:18:38.888 [main] Settings - Wrap result sets: disabled
[DEBUG] 2018-11-20 15:18:38.888 [main] Settings - JDBC3 getGeneratedKeys(): enabled
[DEBUG] 2018-11-20 15:18:38.888 [main] Settings - JDBC result set fetch size: null
[DEBUG] 2018-11-20 15:18:38.888 [main] Settings - Connection release mode: AFTER_TRANSACTION
[DEBUG] 2018-11-20 15:18:38.888 [main] Settings - Generate SQL with comments: disabled
[DEBUG] 2018-11-20 15:18:39.002 [main] SessionFactoryImpl - Session factory constructed with filter configurations : {}
[DEBUG] 2018-11-20 15:18:39.004 [main] SessionFactoryImpl - Instantiating session factory with properties: {sun.desktop=gnome, awt.toolkit=sun.awt.X11.XToolkit, file.encoding.pkg=sun.io, java.specification.version=1.8, hibernate.c3p0.idle_test_period=3000, sun.cpu.isalist=, sun.jnu.encoding=UTF-8, hibernate.c3p0.min_size=5, java.class.path=/home/student/Downloads/idea-IU-173.4674.33/lib/idea_rt.jar:/home/student/Downloads/idea-IU-173.4674.33/plugins/junit/lib/junit-rt.jar:/home/student/Downloads/idea-IU-173.4674.33/plugins/junit/lib/junit5-rt.jar:/home/student/.m2/repository/org/junit/platform/junit-platform-launcher/1.0.0/junit-platform-launcher-1.0.0.jar:/home/student/.m2/repository/org/apiguardian/apiguardian-api/1.0.0/apiguardian-api-1.0.0.jar:/home/student/.m2/repository/org/junit/platform/junit-platform-engine/1.0.0/junit-platform-engine-1.0.0.jar:/home/student/.m2/repository/org/junit/platform/junit-platform-commons/1.0.0/junit-platform-commons-1.0.0.jar:/home/student/.m2/repository/org/opentest4j/opentest4j/1.0.0/opentest4j-1.0.0.jar:/home/student/.m2/repository/org/junit/jupiter/junit-jupiter-engine/5.0.0/junit-jupiter-engine-5.0.0.jar:/home/student/.m2/repository/org/junit/jupiter/junit-jupiter-api/5.0.0/junit-jupiter-api-5.0.0.jar:/home/student/.m2/repository/org/junit/vintage/junit-vintage-engine/4.12.0/junit-vintage-engine-4.12.0.jar:/usr/lib/jvm/java-8-oracle/jre/lib/charsets.jar:/usr/lib/jvm/java-8-oracle/jre/lib/deploy.jar:/usr/lib/jvm/java-8-oracle/jre/lib/ext/cldrdata.jar:/usr/lib/jvm/java-8-oracle/jre/lib/ext/dnsns.jar:/usr/lib/jvm/java-8-oracle/jre/lib/ext/jaccess.jar:/usr/lib/jvm/java-8-oracle/jre/lib/ext/jfxrt.jar:/usr/lib/jvm/java-8-oracle/jre/lib/ext/localedata.jar:/usr/lib/jvm/java-8-oracle/jre/lib/ext/nashorn.jar:/usr/lib/jvm/java-8-oracle/jre/lib/ext/sunec.jar:/usr/lib/jvm/java-8-oracle/jre/lib/ext/sunjce_provider.jar:/usr/lib/jvm/java-8-oracle/jre/lib/ext/sunpkcs11.jar:/usr/lib/jvm/java-8-oracle/jre/lib/ext/zipfs.jar:/usr/lib/jvm/java-8-oracle/jre/lib/javaws.jar:/usr/lib/jvm/java-8-oracle/jre/lib/jce.jar:/usr/lib/jvm/java-8-oracle/jre/lib/jfr.jar:/usr/lib/jvm/java-8-oracle/jre/lib/jfxswt.jar:/usr/lib/jvm/java-8-oracle/jre/lib/jsse.jar:/usr/lib/jvm/java-8-oracle/jre/lib/management-agent.jar:/usr/lib/jvm/java-8-oracle/jre/lib/plugin.jar:/usr/lib/jvm/java-8-oracle/jre/lib/resources.jar:/usr/lib/jvm/java-8-oracle/jre/lib/rt.jar:/home/student/IdeaProjects/AnimalFactsRepo/target/test-classes:/home/student/IdeaProjects/AnimalFactsRepo/target/classes:/home/student/.m2/repository/junit/junit/4.11/junit-4.11.jar:/home/student/.m2/repository/org/hamcrest/hamcrest-core/1.3/hamcrest-core-1.3.jar:/home/student/.m2/repository/javax/javaee-web-api/7.0/javaee-web-api-7.0.jar:/home/student/.m2/repository/org/glassfish/jersey/containers/jersey-container-servlet/2.23.2/jersey-container-servlet-2.23.2.jar:/home/student/.m2/repository/org/glassfish/jersey/containers/jersey-container-servlet-core/2.23.2/jersey-container-servlet-core-2.23.2.jar:/home/student/.m2/repository/org/glassfish/jersey/core/jersey-common/2.23.2/jersey-common-2.23.2.jar:/home/student/.m2/repository/javax/annotation/javax.annotation-api/1.2/javax.annotation-api-1.2.jar:/home/student/.m2/repository/org/glassfish/jersey/bundles/repackaged/jersey-guava/2.23.2/jersey-guava-2.23.2.jar:/home/student/.m2/repository/org/glassfish/hk2/osgi-resource-locator/1.0.1/osgi-resource-locator-1.0.1.jar:/home/student/.m2/repository/org/glassfish/jersey/core/jersey-server/2.23.2/jersey-server-2.23.2.jar:/home/student/.m2/repository/org/glassfish/jersey/media/jersey-media-jaxb/2.23.2/jersey-media-jaxb-2.23.2.jar:/home/student/.m2/repository/javax/validation/validation-api/1.1.0.Final/validation-api-1.1.0.Final.jar:/home/student/.m2/repository/javax/ws/rs/javax.ws.rs-api/2.0.1/javax.ws.rs-api-2.0.1.jar:/home/student/.m2/repository/org/apache/logging/log4j/log4j-api/2.10.0/log4j-api-2.10.0.jar:/home/student/.m2/repository/org/apache/logging/log4j/log4j-core/2.10.0/log4j-core-2.10.0.jar:/home/student/.m2/repository/org/hibernate/hibernate-core/5.2.12.Final/hibernate-core-5.2.12.Final.jar:/home/student/.m2/repository/org/jboss/logging/jboss-logging/3.3.0.Final/jboss-logging-3.3.0.Final.jar:/home/student/.m2/repository/org/hibernate/javax/persistence/hibernate-jpa-2.1-api/1.0.0.Final/hibernate-jpa-2.1-api-1.0.0.Final.jar:/home/student/.m2/repository/org/javassist/javassist/3.20.0-GA/javassist-3.20.0-GA.jar:/home/student/.m2/repository/antlr/antlr/2.7.7/antlr-2.7.7.jar:/home/student/.m2/repository/org/jboss/spec/javax/transaction/jboss-transaction-api_1.2_spec/1.0.1.Final/jboss-transaction-api_1.2_spec-1.0.1.Final.jar:/home/student/.m2/repository/org/jboss/jandex/2.0.3.Final/jandex-2.0.3.Final.jar:/home/student/.m2/repository/com/fasterxml/classmate/1.3.0/classmate-1.3.0.jar:/home/student/.m2/repository/dom4j/dom4j/1.6.1/dom4j-1.6.1.jar:/home/student/.m2/repository/org/hibernate/common/hibernate-commons-annotations/5.0.1.Final/hibernate-commons-annotations-5.0.1.Final.jar:/home/student/.m2/repository/org/hibernate/hibernate-c3p0/5.2.12.Final/hibernate-c3p0-5.2.12.Final.jar:/home/student/.m2/repository/com/mchange/c3p0/0.9.5.2/c3p0-0.9.5.2.jar:/home/student/.m2/repository/com/mchange/mchange-commons-java/0.2.11/mchange-commons-java-0.2.11.jar:/home/student/.m2/repository/mysql/mysql-connector-java/5.1.39/mysql-connector-java-5.1.39.jar:/home/student/.m2/repository/jstl/jstl/1.2/jstl-1.2.jar:/home/student/.m2/repository/org/glassfish/jersey/core/jersey-client/2.23.2/jersey-client-2.23.2.jar:/home/student/.m2/repository/org/glassfish/hk2/hk2-api/2.5.0-b05/hk2-api-2.5.0-b05.jar:/home/student/.m2/repository/org/glassfish/hk2/hk2-utils/2.5.0-b05/hk2-utils-2.5.0-b05.jar:/home/student/.m2/repository/org/glassfish/hk2/external/aopalliance-repackaged/2.5.0-b05/aopalliance-repackaged-2.5.0-b05.jar:/home/student/.m2/repository/org/glassfish/hk2/external/javax.inject/2.5.0-b05/javax.inject-2.5.0-b05.jar:/home/student/.m2/repository/org/glassfish/hk2/hk2-locator/2.5.0-b05/hk2-locator-2.5.0-b05.jar:/home/student/.m2/repository/com/fasterxml/jackson/core/jackson-core/2.9.3/jackson-core-2.9.3.jar:/home/student/.m2/repository/com/fasterxml/jackson/core/jackson-annotations/2.9.3/jackson-annotations-2.9.3.jar:/home/student/.m2/repository/com/fasterxml/jackson/core/jackson-databind/2.8.3/jackson-databind-2.8.3.jar:/home/student/Downloads/idea-IU-173.4674.33/lib/idea_rt.jar, java.vm.vendor=Oracle Corporation, sun.arch.data.model=64, idea.test.cyclic.buffer.size=1048576, java.vendor.url=http://java.oracle.com/, user.timezone=America/Chicago, os.name=Linux, java.vm.specification.version=1.8, user.country=US, sun.java.launcher=SUN_STANDARD, sun.boot.library.path=/usr/lib/jvm/java-8-oracle/jre/lib/amd64, sun.java.command=com.intellij.rt.execution.junit.JUnitStarter -ideVersion5 -junit5 rest.RestServiceTest,deleteSuccess, sun.cpu.endian=little, hibernate.c3p0.max_statements=50, user.home=/home/student, user.language=en, java.specification.vendor=Oracle Corporation, java.home=/usr/lib/jvm/java-8-oracle/jre, file.separator=/, line.separator=
, hibernate.c3p0.timeout=300, java.vm.specification.vendor=Oracle Corporation, java.specification.name=Java Platform API Specification, java.awt.graphicsenv=sun.awt.X11GraphicsEnvironment, sun.boot.class.path=/usr/lib/jvm/java-8-oracle/jre/lib/resources.jar:/usr/lib/jvm/java-8-oracle/jre/lib/rt.jar:/usr/lib/jvm/java-8-oracle/jre/lib/sunrsasign.jar:/usr/lib/jvm/java-8-oracle/jre/lib/jsse.jar:/usr/lib/jvm/java-8-oracle/jre/lib/jce.jar:/usr/lib/jvm/java-8-oracle/jre/lib/charsets.jar:/usr/lib/jvm/java-8-oracle/jre/lib/jfr.jar:/usr/lib/jvm/java-8-oracle/jre/classes, connection.password=student, sun.management.compiler=HotSpot 64-Bit Tiered Compilers, hibernate.c3p0.max_size=20, java.runtime.version=1.8.0_144-b01, user.name=student, path.separator=:, hibernate.connection.username=root, os.version=4.4.0-57-generic, java.endorsed.dirs=/usr/lib/jvm/java-8-oracle/jre/lib/endorsed, java.runtime.name=Java(TM) SE Runtime Environment, hibernate.connection.url=jdbc:mysql://localhost:3306/AnimalFacts, file.encoding=UTF-8, java.vm.name=Java HotSpot(TM) 64-Bit Server VM, hibernate.connection.driver_class=com.mysql.jdbc.Driver, java.vendor.url.bug=http://bugreport.sun.com/bugreport/, java.io.tmpdir=/tmp, java.version=1.8.0_144, user.dir=/home/student/IdeaProjects/AnimalFactsRepo, os.arch=amd64, connection.username=root, java.vm.specification.name=Java Virtual Machine Specification, hibernate.connection.password=****, java.awt.printerjob=sun.print.PSPrinterJob, sun.os.patch.level=unknown, connection.driver_class=com.mysql.jdbc.Driver, hibernate.boot.CfgXmlAccessService.key=org.hibernate.boot.cfgxml.spi.LoadedConfig@1b822fcc, java.library.path=/usr/java/packages/lib/amd64:/usr/lib64:/lib64:/lib:/usr/lib, java.vm.info=mixed mode, java.vendor=Oracle Corporation, java.vm.version=25.144-b01, hibernate.bytecode.use_reflection_optimizer=false, java.ext.dirs=/usr/lib/jvm/java-8-oracle/jre/lib/ext:/usr/java/packages/lib/ext, sun.io.unicode.encoding=UnicodeLittle, connection.url=jdbc:mysql://localhost:3306/AnimalFacts, java.class.version=52.0}
[DEBUG] 2018-11-20 15:18:39.041 [main] TypeSafeActivator - Unable to acquire Bean Validation ValidatorFactory, skipping activation
[DEBUG] 2018-11-20 15:18:39.044 [main] JaccIntegrator - Skipping JACC integration as it was not enabled
[DEBUG] 2018-11-20 15:18:39.045 [main] SessionFactoryImpl - Instantiated session factory
[DEBUG] 2018-11-20 15:18:39.144 [main] ClassLoaderAccessImpl - Not known whether passed class name [entity.Animal] is safe
[DEBUG] 2018-11-20 15:18:39.144 [main] ClassLoaderAccessImpl - No temp ClassLoader provided; using live ClassLoader for loading potentially unsafe class : entity.Animal
[DEBUG] 2018-11-20 15:18:39.178 [main] ClassLoaderAccessImpl - Not known whether passed class name [entity.Animal] is safe
[DEBUG] 2018-11-20 15:18:39.178 [main] ClassLoaderAccessImpl - No temp ClassLoader provided; using live ClassLoader for loading potentially unsafe class : entity.Animal
[DEBUG] 2018-11-20 15:18:39.291 [main] ClassLoaderAccessImpl - Not known whether passed class name [entity.Fact] is safe
[DEBUG] 2018-11-20 15:18:39.292 [main] ClassLoaderAccessImpl - No temp ClassLoader provided; using live ClassLoader for loading potentially unsafe class : entity.Fact
[DEBUG] 2018-11-20 15:18:39.292 [main] ClassLoaderAccessImpl - Not known whether passed class name [entity.Fact] is safe
[DEBUG] 2018-11-20 15:18:39.292 [main] ClassLoaderAccessImpl - No temp ClassLoader provided; using live ClassLoader for loading potentially unsafe class : entity.Fact
[DEBUG] 2018-11-20 15:18:39.323 [main] AbstractCollectionPersister - Static SQL for collection: entity.Animal.fact
[DEBUG] 2018-11-20 15:18:39.325 [main] AbstractCollectionPersister -  Row insert: update facts set animalId=? where id=?
[DEBUG] 2018-11-20 15:18:39.325 [main] AbstractCollectionPersister -  Row update: update facts set  where id=?
[DEBUG] 2018-11-20 15:18:39.325 [main] AbstractCollectionPersister -  Row delete: update facts set animalId=null where animalId=? and id=?
[DEBUG] 2018-11-20 15:18:39.325 [main] AbstractCollectionPersister -  One-shot delete: update facts set animalId=null where animalId=?
[DEBUG] 2018-11-20 15:18:39.335 [main] AbstractEntityPersister - Static SQL for entity: entity.Animal
[DEBUG] 2018-11-20 15:18:39.335 [main] AbstractEntityPersister -  Version select: select id from animal where id =?
[DEBUG] 2018-11-20 15:18:39.337 [main] AbstractEntityPersister -  Snapshot select: select animal_.id, animal_.animal as animal2_0_ from animal animal_ where animal_.id=?
[DEBUG] 2018-11-20 15:18:39.338 [main] AbstractEntityPersister -  Insert 0: insert into animal (animal, id) values (?, ?)
[DEBUG] 2018-11-20 15:18:39.338 [main] AbstractEntityPersister -  Update 0: update animal set animal=? where id=?
[DEBUG] 2018-11-20 15:18:39.338 [main] AbstractEntityPersister -  Delete 0: delete from animal where id=?
[DEBUG] 2018-11-20 15:18:39.339 [main] AbstractEntityPersister -  Identity insert: insert into animal (animal) values (?)
[DEBUG] 2018-11-20 15:18:39.387 [main] QuerySpacesImpl - Adding QuerySpace : uid = <gen:0> -> org.hibernate.loader.plan.build.internal.spaces.EntityQuerySpaceImpl@6a078481]
[DEBUG] 2018-11-20 15:18:39.391 [main] MetamodelGraphWalker - Visiting attribute path : animal
[DEBUG] 2018-11-20 15:18:39.391 [main] MetamodelGraphWalker - Visiting attribute path : fact
[DEBUG] 2018-11-20 15:18:39.399 [main] QuerySpacesImpl - Adding QuerySpace : uid = <gen:1> -> org.hibernate.loader.plan.build.internal.spaces.CollectionQuerySpaceImpl@408613cc]
[DEBUG] 2018-11-20 15:18:39.403 [main] QuerySpacesImpl - Adding QuerySpace : uid = <gen:2> -> org.hibernate.loader.plan.build.internal.spaces.EntityQuerySpaceImpl@437ebf59]
[DEBUG] 2018-11-20 15:18:39.405 [main] MetamodelGraphWalker - Visiting attribute path : fact.animal
[DEBUG] 2018-11-20 15:18:39.407 [main] MetamodelGraphWalker - Property path deemed to be circular : fact.animal
[DEBUG] 2018-11-20 15:18:39.407 [main] MetamodelGraphWalker - Visiting attribute path : fact.fact
[DEBUG] 2018-11-20 15:18:39.410 [main] FetchStyleLoadPlanBuildingAssociationVisitationStrategy - Building LoadPlan...
[DEBUG] 2018-11-20 15:18:39.434 [main] LoadQueryJoinAndFetchProcessor - processing queryspace <gen:0>
[DEBUG] 2018-11-20 15:18:39.446 [main] LoadPlanTreePrinter - LoadPlan(entity=entity.Animal)
    - Returns
       - EntityReturnImpl(entity=entity.Animal, querySpaceUid=<gen:0>, path=entity.Animal)
          - CollectionAttributeFetchImpl(collection=entity.Animal.fact, querySpaceUid=<gen:1>, path=entity.Animal.fact)
             - (collection element) CollectionFetchableElementEntityGraph(entity=entity.Fact, querySpaceUid=<gen:2>, path=entity.Animal.fact.<elements>)
    - QuerySpaces
       - EntityQuerySpaceImpl(uid=<gen:0>, entity=entity.Animal)
          - SQL table alias mapping - animal0_
          - alias suffix - 0_
          - suffixed key columns - {id1_0_0_}
          - JOIN (JoinDefinedByMetadata(fact)) : <gen:0> -> <gen:1>
             - CollectionQuerySpaceImpl(uid=<gen:1>, collection=entity.Animal.fact)
                - SQL table alias mapping - fact1_
                - alias suffix - 1_
                - suffixed key columns - {animalId3_1_1_}
                - entity-element alias suffix - 2_
                - 2_entity-element suffixed key columns - id1_1_2_
                - JOIN (JoinDefinedByMetadata(elements)) : <gen:1> -> <gen:2>
                   - EntityQuerySpaceImpl(uid=<gen:2>, entity=entity.Fact)
                      - SQL table alias mapping - fact1_
                      - alias suffix - 2_
                      - suffixed key columns - {id1_1_2_}

[DEBUG] 2018-11-20 15:18:39.453 [main] EntityLoader - Static select for entity entity.Animal [NONE]: select animal0_.id as id1_0_0_, animal0_.animal as animal2_0_0_, fact1_.animalId as animalId3_1_1_, fact1_.id as id1_1_1_, fact1_.id as id1_1_2_, fact1_.animalId as animalId3_1_2_, fact1_.fact as fact2_1_2_ from animal animal0_ left outer join facts fact1_ on animal0_.id=fact1_.animalId where animal0_.id=?
[DEBUG] 2018-11-20 15:18:39.453 [main] QuerySpacesImpl - Adding QuerySpace : uid = <gen:0> -> org.hibernate.loader.plan.build.internal.spaces.EntityQuerySpaceImpl@238ad8c]
[DEBUG] 2018-11-20 15:18:39.453 [main] MetamodelGraphWalker - Visiting attribute path : animal
[DEBUG] 2018-11-20 15:18:39.456 [main] MetamodelGraphWalker - Visiting attribute path : fact
[DEBUG] 2018-11-20 15:18:39.456 [main] QuerySpacesImpl - Adding QuerySpace : uid = <gen:1> -> org.hibernate.loader.plan.build.internal.spaces.CollectionQuerySpaceImpl@1761de10]
[DEBUG] 2018-11-20 15:18:39.457 [main] QuerySpacesImpl - Adding QuerySpace : uid = <gen:2> -> org.hibernate.loader.plan.build.internal.spaces.EntityQuerySpaceImpl@22df874e]
[DEBUG] 2018-11-20 15:18:39.457 [main] MetamodelGraphWalker - Visiting attribute path : fact.animal
[DEBUG] 2018-11-20 15:18:39.457 [main] MetamodelGraphWalker - Property path deemed to be circular : fact.animal
[DEBUG] 2018-11-20 15:18:39.457 [main] MetamodelGraphWalker - Visiting attribute path : fact.fact
[DEBUG] 2018-11-20 15:18:39.457 [main] FetchStyleLoadPlanBuildingAssociationVisitationStrategy - Building LoadPlan...
[DEBUG] 2018-11-20 15:18:39.457 [main] LoadQueryJoinAndFetchProcessor - processing queryspace <gen:0>
[DEBUG] 2018-11-20 15:18:39.461 [main] LoadPlanTreePrinter - LoadPlan(entity=entity.Animal)
    - Returns
       - EntityReturnImpl(entity=entity.Animal, querySpaceUid=<gen:0>, path=entity.Animal)
          - CollectionAttributeFetchImpl(collection=entity.Animal.fact, querySpaceUid=<gen:1>, path=entity.Animal.fact)
             - (collection element) CollectionFetchableElementEntityGraph(entity=entity.Fact, querySpaceUid=<gen:2>, path=entity.Animal.fact.<elements>)
    - QuerySpaces
       - EntityQuerySpaceImpl(uid=<gen:0>, entity=entity.Animal)
          - SQL table alias mapping - animal0_
          - alias suffix - 0_
          - suffixed key columns - {id1_0_0_}
          - JOIN (JoinDefinedByMetadata(fact)) : <gen:0> -> <gen:1>
             - CollectionQuerySpaceImpl(uid=<gen:1>, collection=entity.Animal.fact)
                - SQL table alias mapping - fact1_
                - alias suffix - 1_
                - suffixed key columns - {animalId3_1_1_}
                - entity-element alias suffix - 2_
                - 2_entity-element suffixed key columns - id1_1_2_
                - JOIN (JoinDefinedByMetadata(elements)) : <gen:1> -> <gen:2>
                   - EntityQuerySpaceImpl(uid=<gen:2>, entity=entity.Fact)
                      - SQL table alias mapping - fact1_
                      - alias suffix - 2_
                      - suffixed key columns - {id1_1_2_}

[DEBUG] 2018-11-20 15:18:39.461 [main] EntityLoader - Static select for entity entity.Animal [READ]: select animal0_.id as id1_0_0_, animal0_.animal as animal2_0_0_, fact1_.animalId as animalId3_1_1_, fact1_.id as id1_1_1_, fact1_.id as id1_1_2_, fact1_.animalId as animalId3_1_2_, fact1_.fact as fact2_1_2_ from animal animal0_ left outer join facts fact1_ on animal0_.id=fact1_.animalId where animal0_.id=?
[DEBUG] 2018-11-20 15:18:39.462 [main] QuerySpacesImpl - Adding QuerySpace : uid = <gen:0> -> org.hibernate.loader.plan.build.internal.spaces.EntityQuerySpaceImpl@42d236fb]
[DEBUG] 2018-11-20 15:18:39.462 [main] MetamodelGraphWalker - Visiting attribute path : animal
[DEBUG] 2018-11-20 15:18:39.462 [main] MetamodelGraphWalker - Visiting attribute path : fact
[DEBUG] 2018-11-20 15:18:39.462 [main] QuerySpacesImpl - Adding QuerySpace : uid = <gen:1> -> org.hibernate.loader.plan.build.internal.spaces.CollectionQuerySpaceImpl@19f21b6b]
[DEBUG] 2018-11-20 15:18:39.462 [main] QuerySpacesImpl - Adding QuerySpace : uid = <gen:2> -> org.hibernate.loader.plan.build.internal.spaces.EntityQuerySpaceImpl@1532c619]
[DEBUG] 2018-11-20 15:18:39.462 [main] FetchStyleLoadPlanBuildingAssociationVisitationStrategy - Building LoadPlan...
[DEBUG] 2018-11-20 15:18:39.463 [main] LoadQueryJoinAndFetchProcessor - processing queryspace <gen:0>
[DEBUG] 2018-11-20 15:18:39.463 [main] LoadPlanTreePrinter - LoadPlan(entity=entity.Animal)
    - Returns
       - EntityReturnImpl(entity=entity.Animal, querySpaceUid=<gen:0>, path=entity.Animal)
          - CollectionAttributeFetchImpl(collection=entity.Animal.fact, querySpaceUid=<gen:1>, path=entity.Animal.fact)
             - (collection element) CollectionFetchableElementEntityGraph(entity=entity.Fact, querySpaceUid=<gen:2>, path=entity.Animal.fact.<elements>)
    - QuerySpaces
       - EntityQuerySpaceImpl(uid=<gen:0>, entity=entity.Animal)
          - SQL table alias mapping - animal0_
          - alias suffix - 0_
          - suffixed key columns - {id1_0_0_}

[DEBUG] 2018-11-20 15:18:39.463 [main] EntityLoader - Static select for entity entity.Animal [UPGRADE]: select animal0_.id as id1_0_0_, animal0_.animal as animal2_0_0_ from animal animal0_ where animal0_.id=? for update
[DEBUG] 2018-11-20 15:18:39.463 [main] QuerySpacesImpl - Adding QuerySpace : uid = <gen:0> -> org.hibernate.loader.plan.build.internal.spaces.EntityQuerySpaceImpl@46044faa]
[DEBUG] 2018-11-20 15:18:39.463 [main] MetamodelGraphWalker - Visiting attribute path : animal
[DEBUG] 2018-11-20 15:18:39.463 [main] MetamodelGraphWalker - Visiting attribute path : fact
[DEBUG] 2018-11-20 15:18:39.463 [main] QuerySpacesImpl - Adding QuerySpace : uid = <gen:1> -> org.hibernate.loader.plan.build.internal.spaces.CollectionQuerySpaceImpl@1a78dacd]
[DEBUG] 2018-11-20 15:18:39.463 [main] QuerySpacesImpl - Adding QuerySpace : uid = <gen:2> -> org.hibernate.loader.plan.build.internal.spaces.EntityQuerySpaceImpl@19f9d595]
[DEBUG] 2018-11-20 15:18:39.463 [main] FetchStyleLoadPlanBuildingAssociationVisitationStrategy - Building LoadPlan...
[DEBUG] 2018-11-20 15:18:39.464 [main] LoadQueryJoinAndFetchProcessor - processing queryspace <gen:0>
[DEBUG] 2018-11-20 15:18:39.464 [main] LoadPlanTreePrinter - LoadPlan(entity=entity.Animal)
    - Returns
       - EntityReturnImpl(entity=entity.Animal, querySpaceUid=<gen:0>, path=entity.Animal)
          - CollectionAttributeFetchImpl(collection=entity.Animal.fact, querySpaceUid=<gen:1>, path=entity.Animal.fact)
             - (collection element) CollectionFetchableElementEntityGraph(entity=entity.Fact, querySpaceUid=<gen:2>, path=entity.Animal.fact.<elements>)
    - QuerySpaces
       - EntityQuerySpaceImpl(uid=<gen:0>, entity=entity.Animal)
          - SQL table alias mapping - animal0_
          - alias suffix - 0_
          - suffixed key columns - {id1_0_0_}

[DEBUG] 2018-11-20 15:18:39.464 [main] EntityLoader - Static select for entity entity.Animal [UPGRADE_NOWAIT]: select animal0_.id as id1_0_0_, animal0_.animal as animal2_0_0_ from animal animal0_ where animal0_.id=? for update
[DEBUG] 2018-11-20 15:18:39.464 [main] QuerySpacesImpl - Adding QuerySpace : uid = <gen:0> -> org.hibernate.loader.plan.build.internal.spaces.EntityQuerySpaceImpl@7de4a01f]
[DEBUG] 2018-11-20 15:18:39.464 [main] MetamodelGraphWalker - Visiting attribute path : animal
[DEBUG] 2018-11-20 15:18:39.464 [main] MetamodelGraphWalker - Visiting attribute path : fact
[DEBUG] 2018-11-20 15:18:39.464 [main] QuerySpacesImpl - Adding QuerySpace : uid = <gen:1> -> org.hibernate.loader.plan.build.internal.spaces.CollectionQuerySpaceImpl@778ca8ef]
[DEBUG] 2018-11-20 15:18:39.464 [main] QuerySpacesImpl - Adding QuerySpace : uid = <gen:2> -> org.hibernate.loader.plan.build.internal.spaces.EntityQuerySpaceImpl@208e9ef6]
[DEBUG] 2018-11-20 15:18:39.464 [main] FetchStyleLoadPlanBuildingAssociationVisitationStrategy - Building LoadPlan...
[DEBUG] 2018-11-20 15:18:39.465 [main] LoadQueryJoinAndFetchProcessor - processing queryspace <gen:0>
[DEBUG] 2018-11-20 15:18:39.465 [main] LoadPlanTreePrinter - LoadPlan(entity=entity.Animal)
    - Returns
       - EntityReturnImpl(entity=entity.Animal, querySpaceUid=<gen:0>, path=entity.Animal)
          - CollectionAttributeFetchImpl(collection=entity.Animal.fact, querySpaceUid=<gen:1>, path=entity.Animal.fact)
             - (collection element) CollectionFetchableElementEntityGraph(entity=entity.Fact, querySpaceUid=<gen:2>, path=entity.Animal.fact.<elements>)
    - QuerySpaces
       - EntityQuerySpaceImpl(uid=<gen:0>, entity=entity.Animal)
          - SQL table alias mapping - animal0_
          - alias suffix - 0_
          - suffixed key columns - {id1_0_0_}

[DEBUG] 2018-11-20 15:18:39.465 [main] EntityLoader - Static select for entity entity.Animal [UPGRADE_SKIPLOCKED]: select animal0_.id as id1_0_0_, animal0_.animal as animal2_0_0_ from animal animal0_ where animal0_.id=? for update
[DEBUG] 2018-11-20 15:18:39.465 [main] QuerySpacesImpl - Adding QuerySpace : uid = <gen:0> -> org.hibernate.loader.plan.build.internal.spaces.EntityQuerySpaceImpl@78b236a0]
[DEBUG] 2018-11-20 15:18:39.465 [main] MetamodelGraphWalker - Visiting attribute path : animal
[DEBUG] 2018-11-20 15:18:39.465 [main] MetamodelGraphWalker - Visiting attribute path : fact
[DEBUG] 2018-11-20 15:18:39.465 [main] QuerySpacesImpl - Adding QuerySpace : uid = <gen:1> -> org.hibernate.loader.plan.build.internal.spaces.CollectionQuerySpaceImpl@34448e6c]
[DEBUG] 2018-11-20 15:18:39.465 [main] QuerySpacesImpl - Adding QuerySpace : uid = <gen:2> -> org.hibernate.loader.plan.build.internal.spaces.EntityQuerySpaceImpl@60e9df3c]
[DEBUG] 2018-11-20 15:18:39.465 [main] FetchStyleLoadPlanBuildingAssociationVisitationStrategy - Building LoadPlan...
[DEBUG] 2018-11-20 15:18:39.465 [main] LoadQueryJoinAndFetchProcessor - processing queryspace <gen:0>
[DEBUG] 2018-11-20 15:18:39.469 [main] LoadPlanTreePrinter - LoadPlan(entity=entity.Animal)
    - Returns
       - EntityReturnImpl(entity=entity.Animal, querySpaceUid=<gen:0>, path=entity.Animal)
          - CollectionAttributeFetchImpl(collection=entity.Animal.fact, querySpaceUid=<gen:1>, path=entity.Animal.fact)
             - (collection element) CollectionFetchableElementEntityGraph(entity=entity.Fact, querySpaceUid=<gen:2>, path=entity.Animal.fact.<elements>)
    - QuerySpaces
       - EntityQuerySpaceImpl(uid=<gen:0>, entity=entity.Animal)
          - SQL table alias mapping - animal0_
          - alias suffix - 0_
          - suffixed key columns - {id1_0_0_}

[DEBUG] 2018-11-20 15:18:39.469 [main] EntityLoader - Static select for entity entity.Animal [FORCE]: select animal0_.id as id1_0_0_, animal0_.animal as animal2_0_0_ from animal animal0_ where animal0_.id=? for update
[DEBUG] 2018-11-20 15:18:39.469 [main] QuerySpacesImpl - Adding QuerySpace : uid = <gen:0> -> org.hibernate.loader.plan.build.internal.spaces.EntityQuerySpaceImpl@907f2b7]
[DEBUG] 2018-11-20 15:18:39.469 [main] MetamodelGraphWalker - Visiting attribute path : animal
[DEBUG] 2018-11-20 15:18:39.470 [main] MetamodelGraphWalker - Visiting attribute path : fact
[DEBUG] 2018-11-20 15:18:39.470 [main] QuerySpacesImpl - Adding QuerySpace : uid = <gen:1> -> org.hibernate.loader.plan.build.internal.spaces.CollectionQuerySpaceImpl@537b32ef]
[DEBUG] 2018-11-20 15:18:39.470 [main] QuerySpacesImpl - Adding QuerySpace : uid = <gen:2> -> org.hibernate.loader.plan.build.internal.spaces.EntityQuerySpaceImpl@7dc51783]
[DEBUG] 2018-11-20 15:18:39.470 [main] FetchStyleLoadPlanBuildingAssociationVisitationStrategy - Building LoadPlan...
[DEBUG] 2018-11-20 15:18:39.474 [main] LoadQueryJoinAndFetchProcessor - processing queryspace <gen:0>
[DEBUG] 2018-11-20 15:18:39.475 [main] LoadPlanTreePrinter - LoadPlan(entity=entity.Animal)
    - Returns
       - EntityReturnImpl(entity=entity.Animal, querySpaceUid=<gen:0>, path=entity.Animal)
          - CollectionAttributeFetchImpl(collection=entity.Animal.fact, querySpaceUid=<gen:1>, path=entity.Animal.fact)
             - (collection element) CollectionFetchableElementEntityGraph(entity=entity.Fact, querySpaceUid=<gen:2>, path=entity.Animal.fact.<elements>)
    - QuerySpaces
       - EntityQuerySpaceImpl(uid=<gen:0>, entity=entity.Animal)
          - SQL table alias mapping - animal0_
          - alias suffix - 0_
          - suffixed key columns - {id1_0_0_}

[DEBUG] 2018-11-20 15:18:39.475 [main] EntityLoader - Static select for entity entity.Animal [PESSIMISTIC_READ]: select animal0_.id as id1_0_0_, animal0_.animal as animal2_0_0_ from animal animal0_ where animal0_.id=? lock in share mode
[DEBUG] 2018-11-20 15:18:39.475 [main] QuerySpacesImpl - Adding QuerySpace : uid = <gen:0> -> org.hibernate.loader.plan.build.internal.spaces.EntityQuerySpaceImpl@4b61d0c6]
[DEBUG] 2018-11-20 15:18:39.476 [main] MetamodelGraphWalker - Visiting attribute path : animal
[DEBUG] 2018-11-20 15:18:39.476 [main] MetamodelGraphWalker - Visiting attribute path : fact
[DEBUG] 2018-11-20 15:18:39.477 [main] QuerySpacesImpl - Adding QuerySpace : uid = <gen:1> -> org.hibernate.loader.plan.build.internal.spaces.CollectionQuerySpaceImpl@65e7f52a]
[DEBUG] 2018-11-20 15:18:39.477 [main] QuerySpacesImpl - Adding QuerySpace : uid = <gen:2> -> org.hibernate.loader.plan.build.internal.spaces.EntityQuerySpaceImpl@304b9f1a]
[DEBUG] 2018-11-20 15:18:39.477 [main] FetchStyleLoadPlanBuildingAssociationVisitationStrategy - Building LoadPlan...
[DEBUG] 2018-11-20 15:18:39.477 [main] LoadQueryJoinAndFetchProcessor - processing queryspace <gen:0>
[DEBUG] 2018-11-20 15:18:39.479 [main] LoadPlanTreePrinter - LoadPlan(entity=entity.Animal)
    - Returns
       - EntityReturnImpl(entity=entity.Animal, querySpaceUid=<gen:0>, path=entity.Animal)
          - CollectionAttributeFetchImpl(collection=entity.Animal.fact, querySpaceUid=<gen:1>, path=entity.Animal.fact)
             - (collection element) CollectionFetchableElementEntityGraph(entity=entity.Fact, querySpaceUid=<gen:2>, path=entity.Animal.fact.<elements>)
    - QuerySpaces
       - EntityQuerySpaceImpl(uid=<gen:0>, entity=entity.Animal)
          - SQL table alias mapping - animal0_
          - alias suffix - 0_
          - suffixed key columns - {id1_0_0_}

[DEBUG] 2018-11-20 15:18:39.480 [main] EntityLoader - Static select for entity entity.Animal [PESSIMISTIC_WRITE]: select animal0_.id as id1_0_0_, animal0_.animal as animal2_0_0_ from animal animal0_ where animal0_.id=? for update
[DEBUG] 2018-11-20 15:18:39.480 [main] QuerySpacesImpl - Adding QuerySpace : uid = <gen:0> -> org.hibernate.loader.plan.build.internal.spaces.EntityQuerySpaceImpl@75699e35]
[DEBUG] 2018-11-20 15:18:39.480 [main] MetamodelGraphWalker - Visiting attribute path : animal
[DEBUG] 2018-11-20 15:18:39.480 [main] MetamodelGraphWalker - Visiting attribute path : fact
[DEBUG] 2018-11-20 15:18:39.480 [main] QuerySpacesImpl - Adding QuerySpace : uid = <gen:1> -> org.hibernate.loader.plan.build.internal.spaces.CollectionQuerySpaceImpl@4aeaadc1]
[DEBUG] 2018-11-20 15:18:39.480 [main] QuerySpacesImpl - Adding QuerySpace : uid = <gen:2> -> org.hibernate.loader.plan.build.internal.spaces.EntityQuerySpaceImpl@263558c9]
[DEBUG] 2018-11-20 15:18:39.480 [main] FetchStyleLoadPlanBuildingAssociationVisitationStrategy - Building LoadPlan...
[DEBUG] 2018-11-20 15:18:39.480 [main] LoadQueryJoinAndFetchProcessor - processing queryspace <gen:0>
[DEBUG] 2018-11-20 15:18:39.480 [main] LoadPlanTreePrinter - LoadPlan(entity=entity.Animal)
    - Returns
       - EntityReturnImpl(entity=entity.Animal, querySpaceUid=<gen:0>, path=entity.Animal)
          - CollectionAttributeFetchImpl(collection=entity.Animal.fact, querySpaceUid=<gen:1>, path=entity.Animal.fact)
             - (collection element) CollectionFetchableElementEntityGraph(entity=entity.Fact, querySpaceUid=<gen:2>, path=entity.Animal.fact.<elements>)
    - QuerySpaces
       - EntityQuerySpaceImpl(uid=<gen:0>, entity=entity.Animal)
          - SQL table alias mapping - animal0_
          - alias suffix - 0_
          - suffixed key columns - {id1_0_0_}

[DEBUG] 2018-11-20 15:18:39.481 [main] EntityLoader - Static select for entity entity.Animal [PESSIMISTIC_FORCE_INCREMENT]: select animal0_.id as id1_0_0_, animal0_.animal as animal2_0_0_ from animal animal0_ where animal0_.id=? for update
[DEBUG] 2018-11-20 15:18:39.481 [main] QuerySpacesImpl - Adding QuerySpace : uid = <gen:0> -> org.hibernate.loader.plan.build.internal.spaces.EntityQuerySpaceImpl@1f14f20c]
[DEBUG] 2018-11-20 15:18:39.485 [main] MetamodelGraphWalker - Visiting attribute path : animal
[DEBUG] 2018-11-20 15:18:39.485 [main] MetamodelGraphWalker - Visiting attribute path : fact
[DEBUG] 2018-11-20 15:18:39.485 [main] QuerySpacesImpl - Adding QuerySpace : uid = <gen:1> -> org.hibernate.loader.plan.build.internal.spaces.CollectionQuerySpaceImpl@62315f22]
[DEBUG] 2018-11-20 15:18:39.485 [main] QuerySpacesImpl - Adding QuerySpace : uid = <gen:2> -> org.hibernate.loader.plan.build.internal.spaces.EntityQuerySpaceImpl@6e4ea0bd]
[DEBUG] 2018-11-20 15:18:39.485 [main] FetchStyleLoadPlanBuildingAssociationVisitationStrategy - Building LoadPlan...
[DEBUG] 2018-11-20 15:18:39.485 [main] LoadQueryJoinAndFetchProcessor - processing queryspace <gen:0>
[DEBUG] 2018-11-20 15:18:39.486 [main] LoadPlanTreePrinter - LoadPlan(entity=entity.Animal)
    - Returns
       - EntityReturnImpl(entity=entity.Animal, querySpaceUid=<gen:0>, path=entity.Animal)
          - CollectionAttributeFetchImpl(collection=entity.Animal.fact, querySpaceUid=<gen:1>, path=entity.Animal.fact)
             - (collection element) CollectionFetchableElementEntityGraph(entity=entity.Fact, querySpaceUid=<gen:2>, path=entity.Animal.fact.<elements>)
    - QuerySpaces
       - EntityQuerySpaceImpl(uid=<gen:0>, entity=entity.Animal)
          - SQL table alias mapping - animal0_
          - alias suffix - 0_
          - suffixed key columns - {id1_0_0_}

[DEBUG] 2018-11-20 15:18:39.486 [main] EntityLoader - Static select for entity entity.Animal [OPTIMISTIC]: select animal0_.id as id1_0_0_, animal0_.animal as animal2_0_0_ from animal animal0_ where animal0_.id=?
[DEBUG] 2018-11-20 15:18:39.486 [main] QuerySpacesImpl - Adding QuerySpace : uid = <gen:0> -> org.hibernate.loader.plan.build.internal.spaces.EntityQuerySpaceImpl@56f2bbea]
[DEBUG] 2018-11-20 15:18:39.486 [main] MetamodelGraphWalker - Visiting attribute path : animal
[DEBUG] 2018-11-20 15:18:39.486 [main] MetamodelGraphWalker - Visiting attribute path : fact
[DEBUG] 2018-11-20 15:18:39.486 [main] QuerySpacesImpl - Adding QuerySpace : uid = <gen:1> -> org.hibernate.loader.plan.build.internal.spaces.CollectionQuerySpaceImpl@1059754c]
[DEBUG] 2018-11-20 15:18:39.486 [main] QuerySpacesImpl - Adding QuerySpace : uid = <gen:2> -> org.hibernate.loader.plan.build.internal.spaces.EntityQuerySpaceImpl@b0964b2]
[DEBUG] 2018-11-20 15:18:39.487 [main] FetchStyleLoadPlanBuildingAssociationVisitationStrategy - Building LoadPlan...
[DEBUG] 2018-11-20 15:18:39.487 [main] LoadQueryJoinAndFetchProcessor - processing queryspace <gen:0>
[DEBUG] 2018-11-20 15:18:39.487 [main] LoadPlanTreePrinter - LoadPlan(entity=entity.Animal)
    - Returns
       - EntityReturnImpl(entity=entity.Animal, querySpaceUid=<gen:0>, path=entity.Animal)
          - CollectionAttributeFetchImpl(collection=entity.Animal.fact, querySpaceUid=<gen:1>, path=entity.Animal.fact)
             - (collection element) CollectionFetchableElementEntityGraph(entity=entity.Fact, querySpaceUid=<gen:2>, path=entity.Animal.fact.<elements>)
    - QuerySpaces
       - EntityQuerySpaceImpl(uid=<gen:0>, entity=entity.Animal)
          - SQL table alias mapping - animal0_
          - alias suffix - 0_
          - suffixed key columns - {id1_0_0_}

[DEBUG] 2018-11-20 15:18:39.487 [main] EntityLoader - Static select for entity entity.Animal [OPTIMISTIC_FORCE_INCREMENT]: select animal0_.id as id1_0_0_, animal0_.animal as animal2_0_0_ from animal animal0_ where animal0_.id=?
[DEBUG] 2018-11-20 15:18:39.513 [main] Loader - Static select for action ACTION_MERGE on entity entity.Animal: select animal0_.id as id1_0_1_, animal0_.animal as animal2_0_1_, fact1_.animalId as animalId3_1_3_, fact1_.id as id1_1_3_, fact1_.id as id1_1_0_, fact1_.animalId as animalId3_1_0_, fact1_.fact as fact2_1_0_ from animal animal0_ left outer join facts fact1_ on animal0_.id=fact1_.animalId where animal0_.id=?
[DEBUG] 2018-11-20 15:18:39.517 [main] Loader - Static select for action ACTION_REFRESH on entity entity.Animal: select animal0_.id as id1_0_1_, animal0_.animal as animal2_0_1_, fact1_.animalId as animalId3_1_3_, fact1_.id as id1_1_3_, fact1_.id as id1_1_0_, fact1_.animalId as animalId3_1_0_, fact1_.fact as fact2_1_0_ from animal animal0_ left outer join facts fact1_ on animal0_.id=fact1_.animalId where animal0_.id=?
[DEBUG] 2018-11-20 15:18:39.517 [main] AbstractEntityPersister - Static SQL for entity: entity.Fact
[DEBUG] 2018-11-20 15:18:39.518 [main] AbstractEntityPersister -  Version select: select id from facts where id =?
[DEBUG] 2018-11-20 15:18:39.518 [main] AbstractEntityPersister -  Snapshot select: select fact_.id, fact_.animalId as animalId3_1_, fact_.fact as fact2_1_ from facts fact_ where fact_.id=?
[DEBUG] 2018-11-20 15:18:39.518 [main] AbstractEntityPersister -  Insert 0: insert into facts (animalId, fact, id) values (?, ?, ?)
[DEBUG] 2018-11-20 15:18:39.518 [main] AbstractEntityPersister -  Update 0: update facts set animalId=?, fact=? where id=?
[DEBUG] 2018-11-20 15:18:39.518 [main] AbstractEntityPersister -  Delete 0: delete from facts where id=?
[DEBUG] 2018-11-20 15:18:39.518 [main] AbstractEntityPersister -  Identity insert: insert into facts (animalId, fact) values (?, ?)
[DEBUG] 2018-11-20 15:18:39.518 [main] QuerySpacesImpl - Adding QuerySpace : uid = <gen:0> -> org.hibernate.loader.plan.build.internal.spaces.EntityQuerySpaceImpl@42cc13a0]
[DEBUG] 2018-11-20 15:18:39.518 [main] MetamodelGraphWalker - Visiting attribute path : animal
[DEBUG] 2018-11-20 15:18:39.520 [main] QuerySpacesImpl - Adding QuerySpace : uid = <gen:1> -> org.hibernate.loader.plan.build.internal.spaces.EntityQuerySpaceImpl@6813a331]
[DEBUG] 2018-11-20 15:18:39.521 [main] MetamodelGraphWalker - Visiting attribute path : animal.animal
[DEBUG] 2018-11-20 15:18:39.521 [main] MetamodelGraphWalker - Visiting attribute path : animal.fact
[DEBUG] 2018-11-20 15:18:39.525 [main] MetamodelGraphWalker - Property path deemed to be circular : animal.fact
[DEBUG] 2018-11-20 15:18:39.525 [main] MetamodelGraphWalker - Visiting attribute path : fact
[DEBUG] 2018-11-20 15:18:39.525 [main] FetchStyleLoadPlanBuildingAssociationVisitationStrategy - Building LoadPlan...
[DEBUG] 2018-11-20 15:18:39.525 [main] LoadQueryJoinAndFetchProcessor - processing queryspace <gen:0>
[DEBUG] 2018-11-20 15:18:39.526 [main] LoadPlanTreePrinter - LoadPlan(entity=entity.Fact)
    - Returns
       - EntityReturnImpl(entity=entity.Fact, querySpaceUid=<gen:0>, path=entity.Fact)
          - EntityAttributeFetchImpl(entity=entity.Animal, querySpaceUid=<gen:1>, path=entity.Fact.animal)
    - QuerySpaces
       - EntityQuerySpaceImpl(uid=<gen:0>, entity=entity.Fact)
          - SQL table alias mapping - fact0_
          - alias suffix - 0_
          - suffixed key columns - {id1_1_0_}
          - JOIN (JoinDefinedByMetadata(animal)) : <gen:0> -> <gen:1>
             - EntityQuerySpaceImpl(uid=<gen:1>, entity=entity.Animal)
                - SQL table alias mapping - animal1_
                - alias suffix - 1_
                - suffixed key columns - {id1_0_1_}

[DEBUG] 2018-11-20 15:18:39.527 [main] EntityLoader - Static select for entity entity.Fact [NONE]: select fact0_.id as id1_1_0_, fact0_.animalId as animalId3_1_0_, fact0_.fact as fact2_1_0_, animal1_.id as id1_0_1_, animal1_.animal as animal2_0_1_ from facts fact0_ left outer join animal animal1_ on fact0_.animalId=animal1_.id where fact0_.id=?
[DEBUG] 2018-11-20 15:18:39.527 [main] QuerySpacesImpl - Adding QuerySpace : uid = <gen:0> -> org.hibernate.loader.plan.build.internal.spaces.EntityQuerySpaceImpl@111610e6]
[DEBUG] 2018-11-20 15:18:39.527 [main] MetamodelGraphWalker - Visiting attribute path : animal
[DEBUG] 2018-11-20 15:18:39.528 [main] QuerySpacesImpl - Adding QuerySpace : uid = <gen:1> -> org.hibernate.loader.plan.build.internal.spaces.EntityQuerySpaceImpl@29d37757]
[DEBUG] 2018-11-20 15:18:39.529 [main] MetamodelGraphWalker - Visiting attribute path : animal.animal
[DEBUG] 2018-11-20 15:18:39.529 [main] MetamodelGraphWalker - Visiting attribute path : animal.fact
[DEBUG] 2018-11-20 15:18:39.529 [main] MetamodelGraphWalker - Property path deemed to be circular : animal.fact
[DEBUG] 2018-11-20 15:18:39.529 [main] MetamodelGraphWalker - Visiting attribute path : fact
[DEBUG] 2018-11-20 15:18:39.529 [main] FetchStyleLoadPlanBuildingAssociationVisitationStrategy - Building LoadPlan...
[DEBUG] 2018-11-20 15:18:39.529 [main] LoadQueryJoinAndFetchProcessor - processing queryspace <gen:0>
[DEBUG] 2018-11-20 15:18:39.548 [main] LoadPlanTreePrinter - LoadPlan(entity=entity.Fact)
    - Returns
       - EntityReturnImpl(entity=entity.Fact, querySpaceUid=<gen:0>, path=entity.Fact)
          - EntityAttributeFetchImpl(entity=entity.Animal, querySpaceUid=<gen:1>, path=entity.Fact.animal)
    - QuerySpaces
       - EntityQuerySpaceImpl(uid=<gen:0>, entity=entity.Fact)
          - SQL table alias mapping - fact0_
          - alias suffix - 0_
          - suffixed key columns - {id1_1_0_}
          - JOIN (JoinDefinedByMetadata(animal)) : <gen:0> -> <gen:1>
             - EntityQuerySpaceImpl(uid=<gen:1>, entity=entity.Animal)
                - SQL table alias mapping - animal1_
                - alias suffix - 1_
                - suffixed key columns - {id1_0_1_}

[DEBUG] 2018-11-20 15:18:39.548 [main] EntityLoader - Static select for entity entity.Fact [READ]: select fact0_.id as id1_1_0_, fact0_.animalId as animalId3_1_0_, fact0_.fact as fact2_1_0_, animal1_.id as id1_0_1_, animal1_.animal as animal2_0_1_ from facts fact0_ left outer join animal animal1_ on fact0_.animalId=animal1_.id where fact0_.id=?
[DEBUG] 2018-11-20 15:18:39.548 [main] QuerySpacesImpl - Adding QuerySpace : uid = <gen:0> -> org.hibernate.loader.plan.build.internal.spaces.EntityQuerySpaceImpl@25cc7470]
[DEBUG] 2018-11-20 15:18:39.549 [main] MetamodelGraphWalker - Visiting attribute path : animal
[DEBUG] 2018-11-20 15:18:39.549 [main] QuerySpacesImpl - Adding QuerySpace : uid = <gen:1> -> org.hibernate.loader.plan.build.internal.spaces.EntityQuerySpaceImpl@79b663b3]
[DEBUG] 2018-11-20 15:18:39.549 [main] MetamodelGraphWalker - Visiting attribute path : fact
[DEBUG] 2018-11-20 15:18:39.549 [main] FetchStyleLoadPlanBuildingAssociationVisitationStrategy - Building LoadPlan...
[DEBUG] 2018-11-20 15:18:39.550 [main] LoadQueryJoinAndFetchProcessor - processing queryspace <gen:0>
[DEBUG] 2018-11-20 15:18:39.550 [main] LoadPlanTreePrinter - LoadPlan(entity=entity.Fact)
    - Returns
       - EntityReturnImpl(entity=entity.Fact, querySpaceUid=<gen:0>, path=entity.Fact)
          - EntityAttributeFetchImpl(entity=entity.Animal, querySpaceUid=<gen:1>, path=entity.Fact.animal)
    - QuerySpaces
       - EntityQuerySpaceImpl(uid=<gen:0>, entity=entity.Fact)
          - SQL table alias mapping - fact0_
          - alias suffix - 0_
          - suffixed key columns - {id1_1_0_}

[DEBUG] 2018-11-20 15:18:39.550 [main] EntityLoader - Static select for entity entity.Fact [UPGRADE]: select fact0_.id as id1_1_0_, fact0_.animalId as animalId3_1_0_, fact0_.fact as fact2_1_0_ from facts fact0_ where fact0_.id=? for update
[DEBUG] 2018-11-20 15:18:39.550 [main] QuerySpacesImpl - Adding QuerySpace : uid = <gen:0> -> org.hibernate.loader.plan.build.internal.spaces.EntityQuerySpaceImpl@1b812421]
[DEBUG] 2018-11-20 15:18:39.551 [main] MetamodelGraphWalker - Visiting attribute path : animal
[DEBUG] 2018-11-20 15:18:39.551 [main] QuerySpacesImpl - Adding QuerySpace : uid = <gen:1> -> org.hibernate.loader.plan.build.internal.spaces.EntityQuerySpaceImpl@7882c44a]
[DEBUG] 2018-11-20 15:18:39.551 [main] MetamodelGraphWalker - Visiting attribute path : fact
[DEBUG] 2018-11-20 15:18:39.551 [main] FetchStyleLoadPlanBuildingAssociationVisitationStrategy - Building LoadPlan...
[DEBUG] 2018-11-20 15:18:39.551 [main] LoadQueryJoinAndFetchProcessor - processing queryspace <gen:0>
[DEBUG] 2018-11-20 15:18:39.552 [main] LoadPlanTreePrinter - LoadPlan(entity=entity.Fact)
    - Returns
       - EntityReturnImpl(entity=entity.Fact, querySpaceUid=<gen:0>, path=entity.Fact)
          - EntityAttributeFetchImpl(entity=entity.Animal, querySpaceUid=<gen:1>, path=entity.Fact.animal)
    - QuerySpaces
       - EntityQuerySpaceImpl(uid=<gen:0>, entity=entity.Fact)
          - SQL table alias mapping - fact0_
          - alias suffix - 0_
          - suffixed key columns - {id1_1_0_}

[DEBUG] 2018-11-20 15:18:39.552 [main] EntityLoader - Static select for entity entity.Fact [UPGRADE_NOWAIT]: select fact0_.id as id1_1_0_, fact0_.animalId as animalId3_1_0_, fact0_.fact as fact2_1_0_ from facts fact0_ where fact0_.id=? for update
[DEBUG] 2018-11-20 15:18:39.552 [main] QuerySpacesImpl - Adding QuerySpace : uid = <gen:0> -> org.hibernate.loader.plan.build.internal.spaces.EntityQuerySpaceImpl@32639b12]
[DEBUG] 2018-11-20 15:18:39.552 [main] MetamodelGraphWalker - Visiting attribute path : animal
[DEBUG] 2018-11-20 15:18:39.552 [main] QuerySpacesImpl - Adding QuerySpace : uid = <gen:1> -> org.hibernate.loader.plan.build.internal.spaces.EntityQuerySpaceImpl@3887cf88]
[DEBUG] 2018-11-20 15:18:39.552 [main] MetamodelGraphWalker - Visiting attribute path : fact
[DEBUG] 2018-11-20 15:18:39.552 [main] FetchStyleLoadPlanBuildingAssociationVisitationStrategy - Building LoadPlan...
[DEBUG] 2018-11-20 15:18:39.552 [main] LoadQueryJoinAndFetchProcessor - processing queryspace <gen:0>
[DEBUG] 2018-11-20 15:18:39.553 [main] LoadPlanTreePrinter - LoadPlan(entity=entity.Fact)
    - Returns
       - EntityReturnImpl(entity=entity.Fact, querySpaceUid=<gen:0>, path=entity.Fact)
          - EntityAttributeFetchImpl(entity=entity.Animal, querySpaceUid=<gen:1>, path=entity.Fact.animal)
    - QuerySpaces
       - EntityQuerySpaceImpl(uid=<gen:0>, entity=entity.Fact)
          - SQL table alias mapping - fact0_
          - alias suffix - 0_
          - suffixed key columns - {id1_1_0_}

[DEBUG] 2018-11-20 15:18:39.553 [main] EntityLoader - Static select for entity entity.Fact [UPGRADE_SKIPLOCKED]: select fact0_.id as id1_1_0_, fact0_.animalId as animalId3_1_0_, fact0_.fact as fact2_1_0_ from facts fact0_ where fact0_.id=? for update
[DEBUG] 2018-11-20 15:18:39.553 [main] QuerySpacesImpl - Adding QuerySpace : uid = <gen:0> -> org.hibernate.loader.plan.build.internal.spaces.EntityQuerySpaceImpl@5649ec46]
[DEBUG] 2018-11-20 15:18:39.553 [main] MetamodelGraphWalker - Visiting attribute path : animal
[DEBUG] 2018-11-20 15:18:39.553 [main] QuerySpacesImpl - Adding QuerySpace : uid = <gen:1> -> org.hibernate.loader.plan.build.internal.spaces.EntityQuerySpaceImpl@502f8b57]
[DEBUG] 2018-11-20 15:18:39.553 [main] MetamodelGraphWalker - Visiting attribute path : fact
[DEBUG] 2018-11-20 15:18:39.553 [main] FetchStyleLoadPlanBuildingAssociationVisitationStrategy - Building LoadPlan...
[DEBUG] 2018-11-20 15:18:39.553 [main] LoadQueryJoinAndFetchProcessor - processing queryspace <gen:0>
[DEBUG] 2018-11-20 15:18:39.556 [main] LoadPlanTreePrinter - LoadPlan(entity=entity.Fact)
    - Returns
       - EntityReturnImpl(entity=entity.Fact, querySpaceUid=<gen:0>, path=entity.Fact)
          - EntityAttributeFetchImpl(entity=entity.Animal, querySpaceUid=<gen:1>, path=entity.Fact.animal)
    - QuerySpaces
       - EntityQuerySpaceImpl(uid=<gen:0>, entity=entity.Fact)
          - SQL table alias mapping - fact0_
          - alias suffix - 0_
          - suffixed key columns - {id1_1_0_}

[DEBUG] 2018-11-20 15:18:39.556 [main] EntityLoader - Static select for entity entity.Fact [FORCE]: select fact0_.id as id1_1_0_, fact0_.animalId as animalId3_1_0_, fact0_.fact as fact2_1_0_ from facts fact0_ where fact0_.id=? for update
[DEBUG] 2018-11-20 15:18:39.556 [main] QuerySpacesImpl - Adding QuerySpace : uid = <gen:0> -> org.hibernate.loader.plan.build.internal.spaces.EntityQuerySpaceImpl@5652f555]
[DEBUG] 2018-11-20 15:18:39.556 [main] MetamodelGraphWalker - Visiting attribute path : animal
[DEBUG] 2018-11-20 15:18:39.556 [main] QuerySpacesImpl - Adding QuerySpace : uid = <gen:1> -> org.hibernate.loader.plan.build.internal.spaces.EntityQuerySpaceImpl@55120f99]
[DEBUG] 2018-11-20 15:18:39.557 [main] MetamodelGraphWalker - Visiting attribute path : fact
[DEBUG] 2018-11-20 15:18:39.557 [main] FetchStyleLoadPlanBuildingAssociationVisitationStrategy - Building LoadPlan...
[DEBUG] 2018-11-20 15:18:39.558 [main] LoadQueryJoinAndFetchProcessor - processing queryspace <gen:0>
[DEBUG] 2018-11-20 15:18:39.558 [main] LoadPlanTreePrinter - LoadPlan(entity=entity.Fact)
    - Returns
       - EntityReturnImpl(entity=entity.Fact, querySpaceUid=<gen:0>, path=entity.Fact)
          - EntityAttributeFetchImpl(entity=entity.Animal, querySpaceUid=<gen:1>, path=entity.Fact.animal)
    - QuerySpaces
       - EntityQuerySpaceImpl(uid=<gen:0>, entity=entity.Fact)
          - SQL table alias mapping - fact0_
          - alias suffix - 0_
          - suffixed key columns - {id1_1_0_}

[DEBUG] 2018-11-20 15:18:39.558 [main] EntityLoader - Static select for entity entity.Fact [PESSIMISTIC_READ]: select fact0_.id as id1_1_0_, fact0_.animalId as animalId3_1_0_, fact0_.fact as fact2_1_0_ from facts fact0_ where fact0_.id=? lock in share mode
[DEBUG] 2018-11-20 15:18:39.559 [main] QuerySpacesImpl - Adding QuerySpace : uid = <gen:0> -> org.hibernate.loader.plan.build.internal.spaces.EntityQuerySpaceImpl@794b435f]
[DEBUG] 2018-11-20 15:18:39.559 [main] MetamodelGraphWalker - Visiting attribute path : animal
[DEBUG] 2018-11-20 15:18:39.559 [main] QuerySpacesImpl - Adding QuerySpace : uid = <gen:1> -> org.hibernate.loader.plan.build.internal.spaces.EntityQuerySpaceImpl@779dfe55]
[DEBUG] 2018-11-20 15:18:39.559 [main] MetamodelGraphWalker - Visiting attribute path : fact
[DEBUG] 2018-11-20 15:18:39.559 [main] FetchStyleLoadPlanBuildingAssociationVisitationStrategy - Building LoadPlan...
[DEBUG] 2018-11-20 15:18:39.559 [main] LoadQueryJoinAndFetchProcessor - processing queryspace <gen:0>
[DEBUG] 2018-11-20 15:18:39.562 [main] LoadPlanTreePrinter - LoadPlan(entity=entity.Fact)
    - Returns
       - EntityReturnImpl(entity=entity.Fact, querySpaceUid=<gen:0>, path=entity.Fact)
          - EntityAttributeFetchImpl(entity=entity.Animal, querySpaceUid=<gen:1>, path=entity.Fact.animal)
    - QuerySpaces
       - EntityQuerySpaceImpl(uid=<gen:0>, entity=entity.Fact)
          - SQL table alias mapping - fact0_
          - alias suffix - 0_
          - suffixed key columns - {id1_1_0_}

[DEBUG] 2018-11-20 15:18:39.562 [main] EntityLoader - Static select for entity entity.Fact [PESSIMISTIC_WRITE]: select fact0_.id as id1_1_0_, fact0_.animalId as animalId3_1_0_, fact0_.fact as fact2_1_0_ from facts fact0_ where fact0_.id=? for update
[DEBUG] 2018-11-20 15:18:39.562 [main] QuerySpacesImpl - Adding QuerySpace : uid = <gen:0> -> org.hibernate.loader.plan.build.internal.spaces.EntityQuerySpaceImpl@323659f8]
[DEBUG] 2018-11-20 15:18:39.562 [main] MetamodelGraphWalker - Visiting attribute path : animal
[DEBUG] 2018-11-20 15:18:39.562 [main] QuerySpacesImpl - Adding QuerySpace : uid = <gen:1> -> org.hibernate.loader.plan.build.internal.spaces.EntityQuerySpaceImpl@3e521715]
[DEBUG] 2018-11-20 15:18:39.563 [main] MetamodelGraphWalker - Visiting attribute path : fact
[DEBUG] 2018-11-20 15:18:39.563 [main] FetchStyleLoadPlanBuildingAssociationVisitationStrategy - Building LoadPlan...
[DEBUG] 2018-11-20 15:18:39.563 [main] LoadQueryJoinAndFetchProcessor - processing queryspace <gen:0>
[DEBUG] 2018-11-20 15:18:39.563 [main] LoadPlanTreePrinter - LoadPlan(entity=entity.Fact)
    - Returns
       - EntityReturnImpl(entity=entity.Fact, querySpaceUid=<gen:0>, path=entity.Fact)
          - EntityAttributeFetchImpl(entity=entity.Animal, querySpaceUid=<gen:1>, path=entity.Fact.animal)
    - QuerySpaces
       - EntityQuerySpaceImpl(uid=<gen:0>, entity=entity.Fact)
          - SQL table alias mapping - fact0_
          - alias suffix - 0_
          - suffixed key columns - {id1_1_0_}

[DEBUG] 2018-11-20 15:18:39.563 [main] EntityLoader - Static select for entity entity.Fact [PESSIMISTIC_FORCE_INCREMENT]: select fact0_.id as id1_1_0_, fact0_.animalId as animalId3_1_0_, fact0_.fact as fact2_1_0_ from facts fact0_ where fact0_.id=? for update
[DEBUG] 2018-11-20 15:18:39.563 [main] QuerySpacesImpl - Adding QuerySpace : uid = <gen:0> -> org.hibernate.loader.plan.build.internal.spaces.EntityQuerySpaceImpl@26a529dc]
[DEBUG] 2018-11-20 15:18:39.563 [main] MetamodelGraphWalker - Visiting attribute path : animal
[DEBUG] 2018-11-20 15:18:39.563 [main] QuerySpacesImpl - Adding QuerySpace : uid = <gen:1> -> org.hibernate.loader.plan.build.internal.spaces.EntityQuerySpaceImpl@1286528d]
[DEBUG] 2018-11-20 15:18:39.564 [main] MetamodelGraphWalker - Visiting attribute path : fact
[DEBUG] 2018-11-20 15:18:39.564 [main] FetchStyleLoadPlanBuildingAssociationVisitationStrategy - Building LoadPlan...
[DEBUG] 2018-11-20 15:18:39.564 [main] LoadQueryJoinAndFetchProcessor - processing queryspace <gen:0>
[DEBUG] 2018-11-20 15:18:39.564 [main] LoadPlanTreePrinter - LoadPlan(entity=entity.Fact)
    - Returns
       - EntityReturnImpl(entity=entity.Fact, querySpaceUid=<gen:0>, path=entity.Fact)
          - EntityAttributeFetchImpl(entity=entity.Animal, querySpaceUid=<gen:1>, path=entity.Fact.animal)
    - QuerySpaces
       - EntityQuerySpaceImpl(uid=<gen:0>, entity=entity.Fact)
          - SQL table alias mapping - fact0_
          - alias suffix - 0_
          - suffixed key columns - {id1_1_0_}

[DEBUG] 2018-11-20 15:18:39.564 [main] EntityLoader - Static select for entity entity.Fact [OPTIMISTIC]: select fact0_.id as id1_1_0_, fact0_.animalId as animalId3_1_0_, fact0_.fact as fact2_1_0_ from facts fact0_ where fact0_.id=?
[DEBUG] 2018-11-20 15:18:39.564 [main] QuerySpacesImpl - Adding QuerySpace : uid = <gen:0> -> org.hibernate.loader.plan.build.internal.spaces.EntityQuerySpaceImpl@3cc20577]
[DEBUG] 2018-11-20 15:18:39.564 [main] MetamodelGraphWalker - Visiting attribute path : animal
[DEBUG] 2018-11-20 15:18:39.565 [main] QuerySpacesImpl - Adding QuerySpace : uid = <gen:1> -> org.hibernate.loader.plan.build.internal.spaces.EntityQuerySpaceImpl@775594f2]
[DEBUG] 2018-11-20 15:18:39.565 [main] MetamodelGraphWalker - Visiting attribute path : fact
[DEBUG] 2018-11-20 15:18:39.568 [main] FetchStyleLoadPlanBuildingAssociationVisitationStrategy - Building LoadPlan...
[DEBUG] 2018-11-20 15:18:39.568 [main] LoadQueryJoinAndFetchProcessor - processing queryspace <gen:0>
[DEBUG] 2018-11-20 15:18:39.569 [main] LoadPlanTreePrinter - LoadPlan(entity=entity.Fact)
    - Returns
       - EntityReturnImpl(entity=entity.Fact, querySpaceUid=<gen:0>, path=entity.Fact)
          - EntityAttributeFetchImpl(entity=entity.Animal, querySpaceUid=<gen:1>, path=entity.Fact.animal)
    - QuerySpaces
       - EntityQuerySpaceImpl(uid=<gen:0>, entity=entity.Fact)
          - SQL table alias mapping - fact0_
          - alias suffix - 0_
          - suffixed key columns - {id1_1_0_}

[DEBUG] 2018-11-20 15:18:39.569 [main] EntityLoader - Static select for entity entity.Fact [OPTIMISTIC_FORCE_INCREMENT]: select fact0_.id as id1_1_0_, fact0_.animalId as animalId3_1_0_, fact0_.fact as fact2_1_0_ from facts fact0_ where fact0_.id=?
[DEBUG] 2018-11-20 15:18:39.569 [main] Loader - Static select for action ACTION_MERGE on entity entity.Fact: select fact0_.id as id1_1_0_, fact0_.animalId as animalId3_1_0_, fact0_.fact as fact2_1_0_ from facts fact0_ where fact0_.id=?
[DEBUG] 2018-11-20 15:18:39.570 [main] Loader - Static select for action ACTION_REFRESH on entity entity.Fact: select fact0_.id as id1_1_0_, fact0_.animalId as animalId3_1_0_, fact0_.fact as fact2_1_0_ from facts fact0_ where fact0_.id=?
[DEBUG] 2018-11-20 15:18:39.583 [main] QuerySpacesImpl - Adding QuerySpace : uid = <gen:0> -> org.hibernate.loader.plan.build.internal.spaces.CollectionQuerySpaceImpl@3bd55d8]
[DEBUG] 2018-11-20 15:18:39.583 [main] QuerySpacesImpl - Adding QuerySpace : uid = <gen:1> -> org.hibernate.loader.plan.build.internal.spaces.EntityQuerySpaceImpl@63998bf4]
[DEBUG] 2018-11-20 15:18:39.584 [main] MetamodelGraphWalker - Visiting attribute path : animal
[DEBUG] 2018-11-20 15:18:39.584 [main] MetamodelGraphWalker - Property path deemed to be circular : animal
[DEBUG] 2018-11-20 15:18:39.584 [main] MetamodelGraphWalker - Visiting attribute path : fact
[DEBUG] 2018-11-20 15:18:39.586 [main] FetchStyleLoadPlanBuildingAssociationVisitationStrategy - Building LoadPlan...
[DEBUG] 2018-11-20 15:18:39.588 [main] LoadQueryJoinAndFetchProcessor - processing queryspace <gen:0>
[DEBUG] 2018-11-20 15:18:39.592 [main] LoadPlanTreePrinter - LoadPlan(collection=entity.Animal.fact)
    - Returns
       - CollectionReturnImpl(collection=entity.Animal.fact, querySpaceUid=<gen:0>, path=[entity.Animal.fact])
          - (collection element) CollectionFetchableElementEntityGraph(entity=entity.Fact, querySpaceUid=<gen:1>, path=[entity.Animal.fact].<elements>)
    - QuerySpaces
       - CollectionQuerySpaceImpl(uid=<gen:0>, collection=entity.Animal.fact)
          - SQL table alias mapping - fact0_
          - alias suffix - 0_
          - suffixed key columns - {animalId3_1_0_}
          - entity-element alias suffix - 1_
          - 1_entity-element suffixed key columns - id1_1_1_
          - JOIN (JoinDefinedByMetadata(elements)) : <gen:0> -> <gen:1>
             - EntityQuerySpaceImpl(uid=<gen:1>, entity=entity.Fact)
                - SQL table alias mapping - fact0_
                - alias suffix - 1_
                - suffixed key columns - {id1_1_1_}

[DEBUG] 2018-11-20 15:18:39.593 [main] CollectionLoader - Static select for collection entity.Animal.fact: select fact0_.animalId as animalId3_1_0_, fact0_.id as id1_1_0_, fact0_.id as id1_1_1_, fact0_.animalId as animalId3_1_1_, fact0_.fact as fact2_1_1_ from facts fact0_ where fact0_.animalId=?
[DEBUG] 2018-11-20 15:18:39.641 [main] SchemaManagementToolCoordinator - No actions specified; doing nothing
[DEBUG] 2018-11-20 15:18:39.641 [main] JtaPlatformInitiator - No JtaPlatform was specified, checking resolver
[DEBUG] 2018-11-20 15:18:39.643 [main] JtaPlatformResolverInitiator - No JtaPlatformResolver was specified, using default [org.hibernate.engine.transaction.jta.platform.internal.StandardJtaPlatformResolver]
[DEBUG] 2018-11-20 15:18:39.651 [main] StandardJtaPlatformResolver - Could not resolve JtaPlatform, using default [org.hibernate.engine.transaction.jta.platform.internal.NoJtaPlatform]
[DEBUG] 2018-11-20 15:18:39.652 [main] NamedQueryRepository - Checking 0 named HQL queries
[DEBUG] 2018-11-20 15:18:39.652 [main] NamedQueryRepository - Checking 0 named SQL queries
[DEBUG] 2018-11-20 15:18:39.657 [main] SessionFactoryRegistry - Initializing SessionFactoryRegistry : org.hibernate.internal.SessionFactoryRegistry@6d64b553
[DEBUG] 2018-11-20 15:18:39.661 [main] SessionFactoryRegistry - Registering SessionFactory: 8c6da9f8-28d7-410c-a9ed-fcb5eab08255 (<unnamed>)
[DEBUG] 2018-11-20 15:18:39.661 [main] SessionFactoryRegistry - Not binding SessionFactory to JNDI, no JNDI name configured
[DEBUG] 2018-11-20 15:18:39.811 [main] StatisticsInitiator - Statistics initialized [enabled=false]
[DEBUG] 2018-11-20 15:18:39.846 [main] SQL - select fact0_.id as id1_1_0_, fact0_.animalId as animalId3_1_0_, fact0_.fact as fact2_1_0_, animal1_.id as id1_0_1_, animal1_.animal as animal2_0_1_ from facts fact0_ left outer join animal animal1_ on fact0_.animalId=animal1_.id where fact0_.id=?
[DEBUG] 2018-11-20 15:18:39.903 [main] ResourceRegistryStandardImpl - HHH000387: ResultSet's statement was not registered
[DEBUG] 2018-11-20 15:18:39.903 [main] AbstractLoadPlanBasedEntityLoader - Done entity load : entity.Fact#1
[DEBUG] 2018-11-20 15:18:39.903 [main] LogicalConnectionManagedImpl - Initiating JDBC connection release from afterTransaction
[DEBUG] 2018-11-20 15:18:39.907 [main] TransactionImpl - begin
