[DEBUG] 2018-11-20 15:17:21.449 [main] IntegratorServiceImpl - Adding Integrator [org.hibernate.cfg.beanvalidation.BeanValidationIntegrator].
[DEBUG] 2018-11-20 15:17:21.461 [main] IntegratorServiceImpl - Adding Integrator [org.hibernate.secure.spi.JaccIntegrator].
[DEBUG] 2018-11-20 15:17:21.474 [main] IntegratorServiceImpl - Adding Integrator [org.hibernate.cache.internal.CollectionCacheInvalidator].
[INFO ] 2018-11-20 15:17:21.834 [main] Version - HHH000412: Hibernate Core {5.2.12.Final}
[INFO ] 2018-11-20 15:17:21.840 [main] Environment - HHH000206: hibernate.properties not found
[DEBUG] 2018-11-20 15:17:22.039 [main] LocalXmlResourceResolver - Interpreting public/system identifier : [-//Hibernate/Hibernate Configuration DTD//EN] - [http://www.hibernate.org/dtd/hibernate-configuration-3.0.dtd]
[DEBUG] 2018-11-20 15:17:22.044 [main] LocalXmlResourceResolver - Recognized hibernate-configuration identifier; attempting to resolve on classpath under org/hibernate/
[DEBUG] 2018-11-20 15:17:22.076 [main] JaxbCfgProcessor - cfg.xml document did not define namespaces; wrapping in custom event reader to introduce namespace information
[DEBUG] 2018-11-20 15:17:22.959 [main] ServiceBinding - Overriding existing service binding [org.hibernate.secure.spi.JaccService]
[DEBUG] 2018-11-20 15:17:23.011 [main] RegionFactoryInitiator - Cache region factory : org.hibernate.cache.internal.NoCachingRegionFactory
[INFO ] 2018-11-20 15:17:23.028 [main] Version - HCANN000001: Hibernate Commons Annotations {5.0.1.Final}
[DEBUG] 2018-11-20 15:17:23.078 [main] BasicTypeRegistry - Adding type registration boolean -> org.hibernate.type.BooleanType@6f36c2f0
[DEBUG] 2018-11-20 15:17:23.078 [main] BasicTypeRegistry - Adding type registration boolean -> org.hibernate.type.BooleanType@6f36c2f0
[DEBUG] 2018-11-20 15:17:23.078 [main] BasicTypeRegistry - Adding type registration java.lang.Boolean -> org.hibernate.type.BooleanType@6f36c2f0
[DEBUG] 2018-11-20 15:17:23.079 [main] BasicTypeRegistry - Adding type registration numeric_boolean -> org.hibernate.type.NumericBooleanType@3b35a229
[DEBUG] 2018-11-20 15:17:23.081 [main] BasicTypeRegistry - Adding type registration true_false -> org.hibernate.type.TrueFalseType@5e3f861
[DEBUG] 2018-11-20 15:17:23.081 [main] BasicTypeRegistry - Adding type registration yes_no -> org.hibernate.type.YesNoType@5be1d0a4
[DEBUG] 2018-11-20 15:17:23.082 [main] BasicTypeRegistry - Adding type registration byte -> org.hibernate.type.ByteType@4f49f6af
[DEBUG] 2018-11-20 15:17:23.083 [main] BasicTypeRegistry - Adding type registration byte -> org.hibernate.type.ByteType@4f49f6af
[DEBUG] 2018-11-20 15:17:23.083 [main] BasicTypeRegistry - Adding type registration java.lang.Byte -> org.hibernate.type.ByteType@4f49f6af
[DEBUG] 2018-11-20 15:17:23.089 [main] BasicTypeRegistry - Adding type registration character -> org.hibernate.type.CharacterType@15d49048
[DEBUG] 2018-11-20 15:17:23.091 [main] BasicTypeRegistry - Adding type registration char -> org.hibernate.type.CharacterType@15d49048
[DEBUG] 2018-11-20 15:17:23.092 [main] BasicTypeRegistry - Adding type registration java.lang.Character -> org.hibernate.type.CharacterType@15d49048
[DEBUG] 2018-11-20 15:17:23.094 [main] BasicTypeRegistry - Adding type registration short -> org.hibernate.type.ShortType@3b6d844d
[DEBUG] 2018-11-20 15:17:23.094 [main] BasicTypeRegistry - Adding type registration short -> org.hibernate.type.ShortType@3b6d844d
[DEBUG] 2018-11-20 15:17:23.096 [main] BasicTypeRegistry - Adding type registration java.lang.Short -> org.hibernate.type.ShortType@3b6d844d
[DEBUG] 2018-11-20 15:17:23.098 [main] BasicTypeRegistry - Adding type registration integer -> org.hibernate.type.IntegerType@10289886
[DEBUG] 2018-11-20 15:17:23.098 [main] BasicTypeRegistry - Adding type registration int -> org.hibernate.type.IntegerType@10289886
[DEBUG] 2018-11-20 15:17:23.105 [main] BasicTypeRegistry - Adding type registration java.lang.Integer -> org.hibernate.type.IntegerType@10289886
[DEBUG] 2018-11-20 15:17:23.111 [main] BasicTypeRegistry - Adding type registration long -> org.hibernate.type.LongType@3e78b6a5
[DEBUG] 2018-11-20 15:17:23.111 [main] BasicTypeRegistry - Adding type registration long -> org.hibernate.type.LongType@3e78b6a5
[DEBUG] 2018-11-20 15:17:23.111 [main] BasicTypeRegistry - Adding type registration java.lang.Long -> org.hibernate.type.LongType@3e78b6a5
[DEBUG] 2018-11-20 15:17:23.113 [main] BasicTypeRegistry - Adding type registration float -> org.hibernate.type.FloatType@3e2055d6
[DEBUG] 2018-11-20 15:17:23.113 [main] BasicTypeRegistry - Adding type registration float -> org.hibernate.type.FloatType@3e2055d6
[DEBUG] 2018-11-20 15:17:23.115 [main] BasicTypeRegistry - Adding type registration java.lang.Float -> org.hibernate.type.FloatType@3e2055d6
[DEBUG] 2018-11-20 15:17:23.120 [main] BasicTypeRegistry - Adding type registration double -> org.hibernate.type.DoubleType@1a5b6f42
[DEBUG] 2018-11-20 15:17:23.120 [main] BasicTypeRegistry - Adding type registration double -> org.hibernate.type.DoubleType@1a5b6f42
[DEBUG] 2018-11-20 15:17:23.120 [main] BasicTypeRegistry - Adding type registration java.lang.Double -> org.hibernate.type.DoubleType@1a5b6f42
[DEBUG] 2018-11-20 15:17:23.122 [main] BasicTypeRegistry - Adding type registration big_decimal -> org.hibernate.type.BigDecimalType@3214ee6
[DEBUG] 2018-11-20 15:17:23.122 [main] BasicTypeRegistry - Adding type registration java.math.BigDecimal -> org.hibernate.type.BigDecimalType@3214ee6
[DEBUG] 2018-11-20 15:17:23.128 [main] BasicTypeRegistry - Adding type registration big_integer -> org.hibernate.type.BigIntegerType@2bdd8394
[DEBUG] 2018-11-20 15:17:23.129 [main] BasicTypeRegistry - Adding type registration java.math.BigInteger -> org.hibernate.type.BigIntegerType@2bdd8394
[DEBUG] 2018-11-20 15:17:23.130 [main] BasicTypeRegistry - Adding type registration string -> org.hibernate.type.StringType@41488b16
[DEBUG] 2018-11-20 15:17:23.130 [main] BasicTypeRegistry - Adding type registration java.lang.String -> org.hibernate.type.StringType@41488b16
[DEBUG] 2018-11-20 15:17:23.131 [main] BasicTypeRegistry - Adding type registration nstring -> org.hibernate.type.StringNVarcharType@22f59fa
[DEBUG] 2018-11-20 15:17:23.132 [main] BasicTypeRegistry - Adding type registration ncharacter -> org.hibernate.type.CharacterNCharType@79defdc
[DEBUG] 2018-11-20 15:17:23.133 [main] BasicTypeRegistry - Adding type registration url -> org.hibernate.type.UrlType@5852c06f
[DEBUG] 2018-11-20 15:17:23.133 [main] BasicTypeRegistry - Adding type registration java.net.URL -> org.hibernate.type.UrlType@5852c06f
[DEBUG] 2018-11-20 15:17:23.134 [main] BasicTypeRegistry - Adding type registration Duration -> org.hibernate.type.DurationType@376a0d86
[DEBUG] 2018-11-20 15:17:23.139 [main] BasicTypeRegistry - Adding type registration java.time.Duration -> org.hibernate.type.DurationType@376a0d86
[DEBUG] 2018-11-20 15:17:23.177 [main] BasicTypeRegistry - Adding type registration Instant -> org.hibernate.type.InstantType@b86de0d
[DEBUG] 2018-11-20 15:17:23.178 [main] BasicTypeRegistry - Adding type registration java.time.Instant -> org.hibernate.type.InstantType@b86de0d
[DEBUG] 2018-11-20 15:17:23.180 [main] BasicTypeRegistry - Adding type registration LocalDateTime -> org.hibernate.type.LocalDateTimeType@4808bc9b
[DEBUG] 2018-11-20 15:17:23.180 [main] BasicTypeRegistry - Adding type registration java.time.LocalDateTime -> org.hibernate.type.LocalDateTimeType@4808bc9b
[DEBUG] 2018-11-20 15:17:23.181 [main] BasicTypeRegistry - Adding type registration LocalDate -> org.hibernate.type.LocalDateType@7de62196
[DEBUG] 2018-11-20 15:17:23.181 [main] BasicTypeRegistry - Adding type registration java.time.LocalDate -> org.hibernate.type.LocalDateType@7de62196
[DEBUG] 2018-11-20 15:17:23.183 [main] BasicTypeRegistry - Adding type registration LocalTime -> org.hibernate.type.LocalTimeType@478db956
[DEBUG] 2018-11-20 15:17:23.183 [main] BasicTypeRegistry - Adding type registration java.time.LocalTime -> org.hibernate.type.LocalTimeType@478db956
[DEBUG] 2018-11-20 15:17:23.184 [main] BasicTypeRegistry - Adding type registration OffsetDateTime -> org.hibernate.type.OffsetDateTimeType@1b410b60
[DEBUG] 2018-11-20 15:17:23.184 [main] BasicTypeRegistry - Adding type registration java.time.OffsetDateTime -> org.hibernate.type.OffsetDateTimeType@1b410b60
[DEBUG] 2018-11-20 15:17:23.185 [main] BasicTypeRegistry - Adding type registration OffsetTime -> org.hibernate.type.OffsetTimeType@456d6c1e
[DEBUG] 2018-11-20 15:17:23.185 [main] BasicTypeRegistry - Adding type registration java.time.OffsetTime -> org.hibernate.type.OffsetTimeType@456d6c1e
[DEBUG] 2018-11-20 15:17:23.195 [main] BasicTypeRegistry - Adding type registration ZonedDateTime -> org.hibernate.type.ZonedDateTimeType@4bc222e
[DEBUG] 2018-11-20 15:17:23.195 [main] BasicTypeRegistry - Adding type registration java.time.ZonedDateTime -> org.hibernate.type.ZonedDateTimeType@4bc222e
[DEBUG] 2018-11-20 15:17:23.205 [main] BasicTypeRegistry - Adding type registration date -> org.hibernate.type.DateType@102cec62
[DEBUG] 2018-11-20 15:17:23.205 [main] BasicTypeRegistry - Adding type registration java.sql.Date -> org.hibernate.type.DateType@102cec62
[DEBUG] 2018-11-20 15:17:23.206 [main] BasicTypeRegistry - Adding type registration time -> org.hibernate.type.TimeType@19b89d4
[DEBUG] 2018-11-20 15:17:23.206 [main] BasicTypeRegistry - Adding type registration java.sql.Time -> org.hibernate.type.TimeType@19b89d4
[DEBUG] 2018-11-20 15:17:23.209 [main] BasicTypeRegistry - Adding type registration timestamp -> org.hibernate.type.TimestampType@14f232c4
[DEBUG] 2018-11-20 15:17:23.209 [main] BasicTypeRegistry - Adding type registration java.sql.Timestamp -> org.hibernate.type.TimestampType@14f232c4
[DEBUG] 2018-11-20 15:17:23.209 [main] BasicTypeRegistry - Adding type registration java.util.Date -> org.hibernate.type.TimestampType@14f232c4
[DEBUG] 2018-11-20 15:17:23.211 [main] BasicTypeRegistry - Adding type registration dbtimestamp -> org.hibernate.type.DbTimestampType@93081b6
[DEBUG] 2018-11-20 15:17:23.213 [main] BasicTypeRegistry - Adding type registration calendar -> org.hibernate.type.CalendarType@16c069df
[DEBUG] 2018-11-20 15:17:23.213 [main] BasicTypeRegistry - Adding type registration java.util.Calendar -> org.hibernate.type.CalendarType@16c069df
[DEBUG] 2018-11-20 15:17:23.213 [main] BasicTypeRegistry - Adding type registration java.util.GregorianCalendar -> org.hibernate.type.CalendarType@16c069df
[DEBUG] 2018-11-20 15:17:23.215 [main] BasicTypeRegistry - Adding type registration calendar_date -> org.hibernate.type.CalendarDateType@26adfd2d
[DEBUG] 2018-11-20 15:17:23.221 [main] BasicTypeRegistry - Adding type registration locale -> org.hibernate.type.LocaleType@6dd7b5a3
[DEBUG] 2018-11-20 15:17:23.221 [main] BasicTypeRegistry - Adding type registration java.util.Locale -> org.hibernate.type.LocaleType@6dd7b5a3
[DEBUG] 2018-11-20 15:17:23.222 [main] BasicTypeRegistry - Adding type registration currency -> org.hibernate.type.CurrencyType@7bf3a5d8
[DEBUG] 2018-11-20 15:17:23.222 [main] BasicTypeRegistry - Adding type registration java.util.Currency -> org.hibernate.type.CurrencyType@7bf3a5d8
[DEBUG] 2018-11-20 15:17:23.223 [main] BasicTypeRegistry - Adding type registration timezone -> org.hibernate.type.TimeZoneType@72ef8d15
[DEBUG] 2018-11-20 15:17:23.225 [main] BasicTypeRegistry - Adding type registration java.util.TimeZone -> org.hibernate.type.TimeZoneType@72ef8d15
[DEBUG] 2018-11-20 15:17:23.226 [main] BasicTypeRegistry - Adding type registration class -> org.hibernate.type.ClassType@72ade7e3
[DEBUG] 2018-11-20 15:17:23.226 [main] BasicTypeRegistry - Adding type registration java.lang.Class -> org.hibernate.type.ClassType@72ade7e3
[DEBUG] 2018-11-20 15:17:23.230 [main] BasicTypeRegistry - Adding type registration uuid-binary -> org.hibernate.type.UUIDBinaryType@37911f88
[DEBUG] 2018-11-20 15:17:23.235 [main] BasicTypeRegistry - Adding type registration java.util.UUID -> org.hibernate.type.UUIDBinaryType@37911f88
[DEBUG] 2018-11-20 15:17:23.236 [main] BasicTypeRegistry - Adding type registration uuid-char -> org.hibernate.type.UUIDCharType@7f284218
[DEBUG] 2018-11-20 15:17:23.237 [main] BasicTypeRegistry - Adding type registration binary -> org.hibernate.type.BinaryType@2cb2fc20
[DEBUG] 2018-11-20 15:17:23.238 [main] BasicTypeRegistry - Adding type registration byte[] -> org.hibernate.type.BinaryType@2cb2fc20
[DEBUG] 2018-11-20 15:17:23.238 [main] BasicTypeRegistry - Adding type registration [B -> org.hibernate.type.BinaryType@2cb2fc20
[DEBUG] 2018-11-20 15:17:23.239 [main] BasicTypeRegistry - Adding type registration wrapper-binary -> org.hibernate.type.WrapperBinaryType@495ee280
[DEBUG] 2018-11-20 15:17:23.239 [main] BasicTypeRegistry - Adding type registration Byte[] -> org.hibernate.type.WrapperBinaryType@495ee280
[DEBUG] 2018-11-20 15:17:23.241 [main] BasicTypeRegistry - Adding type registration [Ljava.lang.Byte; -> org.hibernate.type.WrapperBinaryType@495ee280
[DEBUG] 2018-11-20 15:17:23.243 [main] BasicTypeRegistry - Adding type registration row_version -> org.hibernate.type.RowVersionType@4e928fbf
[DEBUG] 2018-11-20 15:17:23.244 [main] BasicTypeRegistry - Adding type registration image -> org.hibernate.type.ImageType@3e44f2a5
[DEBUG] 2018-11-20 15:17:23.245 [main] BasicTypeRegistry - Adding type registration characters -> org.hibernate.type.CharArrayType@895e367
[DEBUG] 2018-11-20 15:17:23.245 [main] BasicTypeRegistry - Adding type registration char[] -> org.hibernate.type.CharArrayType@895e367
[DEBUG] 2018-11-20 15:17:23.245 [main] BasicTypeRegistry - Adding type registration [C -> org.hibernate.type.CharArrayType@895e367
[DEBUG] 2018-11-20 15:17:23.246 [main] BasicTypeRegistry - Adding type registration wrapper-characters -> org.hibernate.type.CharacterArrayType@4dd6fd0a
[DEBUG] 2018-11-20 15:17:23.251 [main] BasicTypeRegistry - Adding type registration [Ljava.lang.Character; -> org.hibernate.type.CharacterArrayType@4dd6fd0a
[DEBUG] 2018-11-20 15:17:23.252 [main] BasicTypeRegistry - Adding type registration Character[] -> org.hibernate.type.CharacterArrayType@4dd6fd0a
[DEBUG] 2018-11-20 15:17:23.253 [main] BasicTypeRegistry - Adding type registration text -> org.hibernate.type.TextType@589da3f3
[DEBUG] 2018-11-20 15:17:23.253 [main] BasicTypeRegistry - Adding type registration ntext -> org.hibernate.type.NTextType@50313382
[DEBUG] 2018-11-20 15:17:23.267 [main] BasicTypeRegistry - Adding type registration blob -> org.hibernate.type.BlobType@13b3d178
[DEBUG] 2018-11-20 15:17:23.267 [main] BasicTypeRegistry - Adding type registration java.sql.Blob -> org.hibernate.type.BlobType@13b3d178
[DEBUG] 2018-11-20 15:17:23.267 [main] BasicTypeRegistry - Adding type registration materialized_blob -> org.hibernate.type.MaterializedBlobType@a82c5f1
[DEBUG] 2018-11-20 15:17:23.272 [main] BasicTypeRegistry - Adding type registration clob -> org.hibernate.type.ClobType@29a5f4e7
[DEBUG] 2018-11-20 15:17:23.272 [main] BasicTypeRegistry - Adding type registration java.sql.Clob -> org.hibernate.type.ClobType@29a5f4e7
[DEBUG] 2018-11-20 15:17:23.277 [main] BasicTypeRegistry - Adding type registration nclob -> org.hibernate.type.NClobType@2b9ed6da
[DEBUG] 2018-11-20 15:17:23.277 [main] BasicTypeRegistry - Adding type registration java.sql.NClob -> org.hibernate.type.NClobType@2b9ed6da
[DEBUG] 2018-11-20 15:17:23.277 [main] BasicTypeRegistry - Adding type registration materialized_clob -> org.hibernate.type.MaterializedClobType@421e361
[DEBUG] 2018-11-20 15:17:23.277 [main] BasicTypeRegistry - Adding type registration materialized_nclob -> org.hibernate.type.MaterializedNClobType@3fc79729
[DEBUG] 2018-11-20 15:17:23.280 [main] BasicTypeRegistry - Adding type registration serializable -> org.hibernate.type.SerializableType@57c03d88
[DEBUG] 2018-11-20 15:17:23.282 [main] BasicTypeRegistry - Adding type registration object -> org.hibernate.type.ObjectType@1722011b
[DEBUG] 2018-11-20 15:17:23.282 [main] BasicTypeRegistry - Adding type registration java.lang.Object -> org.hibernate.type.ObjectType@1722011b
[DEBUG] 2018-11-20 15:17:23.283 [main] BasicTypeRegistry - Adding type registration imm_date -> org.hibernate.type.AdaptedImmutableType@3e2059ae
[DEBUG] 2018-11-20 15:17:23.283 [main] BasicTypeRegistry - Adding type registration imm_time -> org.hibernate.type.AdaptedImmutableType@398dada8
[DEBUG] 2018-11-20 15:17:23.283 [main] BasicTypeRegistry - Adding type registration imm_timestamp -> org.hibernate.type.AdaptedImmutableType@7cb502c
[DEBUG] 2018-11-20 15:17:23.283 [main] BasicTypeRegistry - Adding type registration imm_dbtimestamp -> org.hibernate.type.AdaptedImmutableType@275bf9b3
[DEBUG] 2018-11-20 15:17:23.283 [main] BasicTypeRegistry - Adding type registration imm_calendar -> org.hibernate.type.AdaptedImmutableType@1b8a29df
[DEBUG] 2018-11-20 15:17:23.283 [main] BasicTypeRegistry - Adding type registration imm_calendar_date -> org.hibernate.type.AdaptedImmutableType@4fbe37eb
[DEBUG] 2018-11-20 15:17:23.284 [main] BasicTypeRegistry - Adding type registration imm_binary -> org.hibernate.type.AdaptedImmutableType@12a94400
[DEBUG] 2018-11-20 15:17:23.284 [main] BasicTypeRegistry - Adding type registration imm_serializable -> org.hibernate.type.AdaptedImmutableType@6a47b187
[INFO ] 2018-11-20 15:17:23.322 [main] C3P0ConnectionProvider - HHH010002: C3P0 using driver: com.mysql.jdbc.Driver at URL: jdbc:mysql://localhost:3306/AnimalFacts
[INFO ] 2018-11-20 15:17:23.323 [main] C3P0ConnectionProvider - HHH10001001: Connection properties: {user=root, password=****}
[INFO ] 2018-11-20 15:17:23.323 [main] C3P0ConnectionProvider - HHH10001003: Autocommit mode: false
[INFO ] 2018-11-20 15:17:23.781 [main] C3P0ConnectionProvider - HHH10001007: JDBC isolation level: <unknown>
[DEBUG] 2018-11-20 15:17:24.602 [main] JdbcEnvironmentInitiator - Database ->
       name : MySQL
    version : 5.7.24-0ubuntu0.16.04.1
      major : 5
      minor : 7
[DEBUG] 2018-11-20 15:17:24.604 [main] JdbcEnvironmentInitiator - Driver ->
       name : MySQL Connector Java
    version : mysql-connector-java-5.1.39 ( Revision: 3289a357af6d09ecc1a10fd3c26e95183e5790ad )
      major : 5
      minor : 1
[DEBUG] 2018-11-20 15:17:24.606 [main] JdbcEnvironmentInitiator - JDBC version : 4.0
[INFO ] 2018-11-20 15:17:24.675 [main] Dialect - HHH000400: Using dialect: org.hibernate.dialect.MySQL5Dialect
[DEBUG] 2018-11-20 15:17:24.836 [main] IdentifierHelperBuilder - JDBC driver metadata reported database stores quoted identifiers in more than one case
[DEBUG] 2018-11-20 15:17:24.845 [main] IdentifierHelperBuilder - IdentifierCaseStrategy for both quoted and unquoted identifiers was set to the same strategy [MIXED]; that will likely lead to problems in schema update and validation if using quoted identifiers
[DEBUG] 2018-11-20 15:17:24.942 [main] DefaultIdentifierGeneratorFactory - Registering IdentifierGenerator strategy [uuid2] -> [org.hibernate.id.UUIDGenerator]
[DEBUG] 2018-11-20 15:17:24.946 [main] DefaultIdentifierGeneratorFactory - Registering IdentifierGenerator strategy [guid] -> [org.hibernate.id.GUIDGenerator]
[DEBUG] 2018-11-20 15:17:24.947 [main] DefaultIdentifierGeneratorFactory - Registering IdentifierGenerator strategy [uuid] -> [org.hibernate.id.UUIDHexGenerator]
[DEBUG] 2018-11-20 15:17:24.948 [main] DefaultIdentifierGeneratorFactory - Registering IdentifierGenerator strategy [uuid.hex] -> [org.hibernate.id.UUIDHexGenerator]
[DEBUG] 2018-11-20 15:17:24.948 [main] DefaultIdentifierGeneratorFactory - Registering IdentifierGenerator strategy [assigned] -> [org.hibernate.id.Assigned]
[DEBUG] 2018-11-20 15:17:24.949 [main] DefaultIdentifierGeneratorFactory - Registering IdentifierGenerator strategy [identity] -> [org.hibernate.id.IdentityGenerator]
[DEBUG] 2018-11-20 15:17:24.950 [main] DefaultIdentifierGeneratorFactory - Registering IdentifierGenerator strategy [select] -> [org.hibernate.id.SelectGenerator]
[DEBUG] 2018-11-20 15:17:24.951 [main] DefaultIdentifierGeneratorFactory - Registering IdentifierGenerator strategy [sequence] -> [org.hibernate.id.enhanced.SequenceStyleGenerator]
[DEBUG] 2018-11-20 15:17:24.952 [main] DefaultIdentifierGeneratorFactory - Registering IdentifierGenerator strategy [seqhilo] -> [org.hibernate.id.SequenceHiLoGenerator]
[DEBUG] 2018-11-20 15:17:24.952 [main] DefaultIdentifierGeneratorFactory - Registering IdentifierGenerator strategy [increment] -> [org.hibernate.id.IncrementGenerator]
[DEBUG] 2018-11-20 15:17:24.952 [main] DefaultIdentifierGeneratorFactory - Registering IdentifierGenerator strategy [foreign] -> [org.hibernate.id.ForeignGenerator]
[DEBUG] 2018-11-20 15:17:24.953 [main] DefaultIdentifierGeneratorFactory - Registering IdentifierGenerator strategy [sequence-identity] -> [org.hibernate.id.SequenceIdentityGenerator]
[DEBUG] 2018-11-20 15:17:24.953 [main] DefaultIdentifierGeneratorFactory - Registering IdentifierGenerator strategy [enhanced-sequence] -> [org.hibernate.id.enhanced.SequenceStyleGenerator]
[DEBUG] 2018-11-20 15:17:24.953 [main] DefaultIdentifierGeneratorFactory - Registering IdentifierGenerator strategy [enhanced-table] -> [org.hibernate.id.enhanced.TableGenerator]
[DEBUG] 2018-11-20 15:17:25.016 [main] Namespace - Created database namespace [logicalName=Name{catalog=null, schema=null}, physicalName=Name{catalog=null, schema=null}]
[DEBUG] 2018-11-20 15:17:25.071 [main] AnnotationBinder - Binding entity from annotated class: entity.Animal
[DEBUG] 2018-11-20 15:17:25.114 [main] Ejb3Column - Binding column: Ejb3DiscriminatorColumn{logicalColumnName'DTYPE', discriminatorTypeName='string'}
[DEBUG] 2018-11-20 15:17:25.123 [main] EntityBinder - Import with entity name Animal
[DEBUG] 2018-11-20 15:17:25.126 [main] EntityBinder - Bind entity entity.Animal on table animal
[DEBUG] 2018-11-20 15:17:25.193 [main] Ejb3Column - Binding column: Ejb3Column{table=org.hibernate.mapping.Table(animal), mappingColumn=id, insertable=true, updatable=true, unique=false}
[DEBUG] 2018-11-20 15:17:25.199 [main] PropertyBinder - MetadataSourceProcessor property id with lazy=false
[DEBUG] 2018-11-20 15:17:25.202 [main] AbstractPropertyHolder - Attempting to locate auto-apply AttributeConverter for property [entity.Animal:id]
[DEBUG] 2018-11-20 15:17:25.203 [main] SimpleValueBinder - building SimpleValue for id
[DEBUG] 2018-11-20 15:17:25.205 [main] PropertyBinder - Building property id
[DEBUG] 2018-11-20 15:17:25.215 [main] Ejb3Column - Binding column: Ejb3Column{table=org.hibernate.mapping.Table(animal), mappingColumn=animal, insertable=true, updatable=true, unique=false}
[DEBUG] 2018-11-20 15:17:25.215 [main] PropertyBinder - MetadataSourceProcessor property animal with lazy=false
[DEBUG] 2018-11-20 15:17:25.216 [main] AbstractPropertyHolder - Attempting to locate auto-apply AttributeConverter for property [entity.Animal:animal]
[DEBUG] 2018-11-20 15:17:25.216 [main] SimpleValueBinder - building SimpleValue for animal
[DEBUG] 2018-11-20 15:17:25.216 [main] PropertyBinder - Building property animal
[DEBUG] 2018-11-20 15:17:25.221 [main] Ejb3Column - Binding column: Ejb3JoinColumn{logicalColumnName='null', referencedColumn='null', mappedBy='animal'}
[DEBUG] 2018-11-20 15:17:25.226 [main] Ejb3Column - Binding column: Ejb3Column{table=org.hibernate.mapping.Table(animal), mappingColumn=fact, insertable=true, updatable=true, unique=false}
[DEBUG] 2018-11-20 15:17:25.227 [main] Ejb3Column - Binding column: Ejb3Column{table=org.hibernate.mapping.Table(animal), mappingColumn=null, insertable=true, updatable=true, unique=false}
[DEBUG] 2018-11-20 15:17:25.243 [main] Ejb3Column - Binding column: Ejb3Column{table=org.hibernate.mapping.Table(animal), mappingColumn=element, insertable=true, updatable=true, unique=false}
[DEBUG] 2018-11-20 15:17:25.244 [main] Ejb3Column - Binding column: Ejb3Column{table=org.hibernate.mapping.Table(animal), mappingColumn=fact_KEY, insertable=true, updatable=true, unique=false}
[DEBUG] 2018-11-20 15:17:25.244 [main] Ejb3Column - Binding column: Ejb3JoinColumn{logicalColumnName='fact_KEY', referencedColumn='null', mappedBy='null'}
[DEBUG] 2018-11-20 15:17:25.245 [main] Ejb3Column - Binding column: Ejb3JoinColumn{logicalColumnName='null', referencedColumn='null', mappedBy='animal'}
[DEBUG] 2018-11-20 15:17:25.245 [main] Ejb3Column - Binding column: Ejb3JoinColumn{logicalColumnName='null', referencedColumn='null', mappedBy='animal'}
[DEBUG] 2018-11-20 15:17:25.247 [main] CollectionBinder - Collection role: entity.Animal.fact
[DEBUG] 2018-11-20 15:17:25.249 [main] PropertyBinder - Building property fact
[DEBUG] 2018-11-20 15:17:25.250 [main] AnnotationBinder - Binding entity from annotated class: entity.Fact
[DEBUG] 2018-11-20 15:17:25.250 [main] Ejb3Column - Binding column: Ejb3DiscriminatorColumn{logicalColumnName'DTYPE', discriminatorTypeName='string'}
[DEBUG] 2018-11-20 15:17:25.251 [main] EntityBinder - Import with entity name Fact
[DEBUG] 2018-11-20 15:17:25.251 [main] EntityBinder - Bind entity entity.Fact on table facts
[DEBUG] 2018-11-20 15:17:25.270 [main] Ejb3Column - Binding column: Ejb3Column{table=org.hibernate.mapping.Table(facts), mappingColumn=id, insertable=true, updatable=true, unique=false}
[DEBUG] 2018-11-20 15:17:25.270 [main] PropertyBinder - MetadataSourceProcessor property id with lazy=false
[DEBUG] 2018-11-20 15:17:25.270 [main] AbstractPropertyHolder - Attempting to locate auto-apply AttributeConverter for property [entity.Fact:id]
[DEBUG] 2018-11-20 15:17:25.271 [main] SimpleValueBinder - building SimpleValue for id
[DEBUG] 2018-11-20 15:17:25.271 [main] PropertyBinder - Building property id
[DEBUG] 2018-11-20 15:17:25.272 [main] Ejb3Column - Binding column: Ejb3JoinColumn{logicalColumnName='animalId', referencedColumn='id', mappedBy=''}
[DEBUG] 2018-11-20 15:17:25.272 [main] Ejb3Column - Binding column: Ejb3Column{table=org.hibernate.mapping.Table(facts), mappingColumn=animal, insertable=true, updatable=true, unique=false}
[DEBUG] 2018-11-20 15:17:25.274 [main] PropertyBinder - Building property animal
[DEBUG] 2018-11-20 15:17:25.275 [main] Ejb3Column - Binding column: Ejb3Column{table=org.hibernate.mapping.Table(facts), mappingColumn=fact, insertable=true, updatable=true, unique=false}
[DEBUG] 2018-11-20 15:17:25.275 [main] PropertyBinder - MetadataSourceProcessor property fact with lazy=false
[DEBUG] 2018-11-20 15:17:25.275 [main] AbstractPropertyHolder - Attempting to locate auto-apply AttributeConverter for property [entity.Fact:fact]
[DEBUG] 2018-11-20 15:17:25.276 [main] SimpleValueBinder - building SimpleValue for fact
[DEBUG] 2018-11-20 15:17:25.276 [main] PropertyBinder - Building property fact
[DEBUG] 2018-11-20 15:17:25.276 [main] SimpleValueBinder - Starting fillSimpleValue for id
[DEBUG] 2018-11-20 15:17:25.277 [main] SimpleValueBinder - Starting fillSimpleValue for animal
[DEBUG] 2018-11-20 15:17:25.277 [main] SimpleValueBinder - Starting fillSimpleValue for id
[DEBUG] 2018-11-20 15:17:25.277 [main] SimpleValueBinder - Starting fillSimpleValue for fact
[DEBUG] 2018-11-20 15:17:25.281 [main] PrimaryKey - Forcing column [id] to be non-null as it is part of the primary key for table [animal]
[DEBUG] 2018-11-20 15:17:25.281 [main] PrimaryKey - Forcing column [id] to be non-null as it is part of the primary key for table [facts]
[DEBUG] 2018-11-20 15:17:25.281 [main] CollectionSecondPass - Second pass for collection: entity.Animal.fact
[DEBUG] 2018-11-20 15:17:25.282 [main] CollectionBinder - Binding a OneToMany: entity.Animal.fact through a foreign key
[DEBUG] 2018-11-20 15:17:25.290 [main] CollectionBinder - Mapping collection: entity.Animal.fact -> facts
[DEBUG] 2018-11-20 15:17:25.295 [main] TableBinder - Retrieving property entity.Fact.animal
[DEBUG] 2018-11-20 15:17:25.295 [main] CollectionSecondPass - Mapped collection key: animalId, one-to-many: entity.Fact
[DEBUG] 2018-11-20 15:17:25.295 [main] InFlightMetadataCollectorImpl - Resolving reference to class: entity.Animal
[DEBUG] 2018-11-20 15:17:25.301 [main] InFlightMetadataCollectorImpl - Resolving reference to class: entity.Animal
[DEBUG] 2018-11-20 15:17:25.370 [main] SessionFactoryImpl - Building session factory
[DEBUG] 2018-11-20 15:17:25.372 [main] Settings - SessionFactory name : null
[DEBUG] 2018-11-20 15:17:25.372 [main] Settings - Automatic flush during beforeCompletion(): enabled
[DEBUG] 2018-11-20 15:17:25.372 [main] Settings - Automatic session close at end of transaction: disabled
[DEBUG] 2018-11-20 15:17:25.372 [main] Settings - Statistics: disabled
[DEBUG] 2018-11-20 15:17:25.372 [main] Settings - Deleted entity synthetic identifier rollback: disabled
[DEBUG] 2018-11-20 15:17:25.372 [main] Settings - Default entity-mode: pojo
[DEBUG] 2018-11-20 15:17:25.374 [main] Settings - Check Nullability in Core (should be disabled when Bean Validation is on): enabled
[DEBUG] 2018-11-20 15:17:25.374 [main] Settings - Allow initialization of lazy state outside session : disabled
[DEBUG] 2018-11-20 15:17:25.374 [main] Settings - Using BatchFetchStyle : LEGACY
[DEBUG] 2018-11-20 15:17:25.374 [main] Settings - Default batch fetch size: -1
[DEBUG] 2018-11-20 15:17:25.374 [main] Settings - Maximum outer join fetch depth: 2
[DEBUG] 2018-11-20 15:17:25.374 [main] Settings - Default null ordering: NONE
[DEBUG] 2018-11-20 15:17:25.374 [main] Settings - Order SQL updates by primary key: disabled
[DEBUG] 2018-11-20 15:17:25.374 [main] Settings - Order SQL inserts for batching: disabled
[DEBUG] 2018-11-20 15:17:25.374 [main] Settings - multi-tenancy strategy : NONE
[DEBUG] 2018-11-20 15:17:25.374 [main] Settings - JTA Track by Thread: enabled
[DEBUG] 2018-11-20 15:17:25.374 [main] Settings - Query language substitutions: {}
[DEBUG] 2018-11-20 15:17:25.374 [main] Settings - JPA query language strict compliance: disabled
[DEBUG] 2018-11-20 15:17:25.377 [main] Settings - Named query checking : enabled
[DEBUG] 2018-11-20 15:17:25.378 [main] Settings - Second-level cache: enabled
[DEBUG] 2018-11-20 15:17:25.378 [main] Settings - Second-level query cache: disabled
[DEBUG] 2018-11-20 15:17:25.378 [main] Settings - Second-level query cache factory: org.hibernate.cache.internal.StandardQueryCacheFactory@6a1d204a
[DEBUG] 2018-11-20 15:17:25.378 [main] Settings - Second-level cache region prefix: null
[DEBUG] 2018-11-20 15:17:25.378 [main] Settings - Optimize second-level cache for minimal puts: disabled
[DEBUG] 2018-11-20 15:17:25.378 [main] Settings - Structured second-level cache entries: disabled
[DEBUG] 2018-11-20 15:17:25.378 [main] Settings - Second-level cache direct-reference entries: disabled
[DEBUG] 2018-11-20 15:17:25.379 [main] Settings - Automatic eviction of collection cache: disabled
[DEBUG] 2018-11-20 15:17:25.379 [main] Settings - JDBC batch size: 15
[DEBUG] 2018-11-20 15:17:25.379 [main] Settings - JDBC batch updates for versioned data: enabled
[DEBUG] 2018-11-20 15:17:25.379 [main] Settings - Scrollable result sets: enabled
[DEBUG] 2018-11-20 15:17:25.379 [main] Settings - Wrap result sets: disabled
[DEBUG] 2018-11-20 15:17:25.379 [main] Settings - JDBC3 getGeneratedKeys(): enabled
[DEBUG] 2018-11-20 15:17:25.379 [main] Settings - JDBC result set fetch size: null
[DEBUG] 2018-11-20 15:17:25.379 [main] Settings - Connection release mode: AFTER_TRANSACTION
[DEBUG] 2018-11-20 15:17:25.379 [main] Settings - Generate SQL with comments: disabled
[DEBUG] 2018-11-20 15:17:25.529 [main] SessionFactoryImpl - Session factory constructed with filter configurations : {}
[DEBUG] 2018-11-20 15:17:25.532 [main] SessionFactoryImpl - Instantiating session factory with properties: {sun.desktop=gnome, awt.toolkit=sun.awt.X11.XToolkit, file.encoding.pkg=sun.io, java.specification.version=1.8, hibernate.c3p0.idle_test_period=3000, sun.cpu.isalist=, sun.jnu.encoding=UTF-8, hibernate.c3p0.min_size=5, java.class.path=/home/student/Downloads/idea-IU-173.4674.33/lib/idea_rt.jar:/home/student/Downloads/idea-IU-173.4674.33/plugins/junit/lib/junit-rt.jar:/home/student/Downloads/idea-IU-173.4674.33/plugins/junit/lib/junit5-rt.jar:/home/student/.m2/repository/org/junit/platform/junit-platform-launcher/1.0.0/junit-platform-launcher-1.0.0.jar:/home/student/.m2/repository/org/apiguardian/apiguardian-api/1.0.0/apiguardian-api-1.0.0.jar:/home/student/.m2/repository/org/junit/platform/junit-platform-engine/1.0.0/junit-platform-engine-1.0.0.jar:/home/student/.m2/repository/org/junit/platform/junit-platform-commons/1.0.0/junit-platform-commons-1.0.0.jar:/home/student/.m2/repository/org/opentest4j/opentest4j/1.0.0/opentest4j-1.0.0.jar:/home/student/.m2/repository/org/junit/jupiter/junit-jupiter-engine/5.0.0/junit-jupiter-engine-5.0.0.jar:/home/student/.m2/repository/org/junit/jupiter/junit-jupiter-api/5.0.0/junit-jupiter-api-5.0.0.jar:/home/student/.m2/repository/org/junit/vintage/junit-vintage-engine/4.12.0/junit-vintage-engine-4.12.0.jar:/usr/lib/jvm/java-8-oracle/jre/lib/charsets.jar:/usr/lib/jvm/java-8-oracle/jre/lib/deploy.jar:/usr/lib/jvm/java-8-oracle/jre/lib/ext/cldrdata.jar:/usr/lib/jvm/java-8-oracle/jre/lib/ext/dnsns.jar:/usr/lib/jvm/java-8-oracle/jre/lib/ext/jaccess.jar:/usr/lib/jvm/java-8-oracle/jre/lib/ext/jfxrt.jar:/usr/lib/jvm/java-8-oracle/jre/lib/ext/localedata.jar:/usr/lib/jvm/java-8-oracle/jre/lib/ext/nashorn.jar:/usr/lib/jvm/java-8-oracle/jre/lib/ext/sunec.jar:/usr/lib/jvm/java-8-oracle/jre/lib/ext/sunjce_provider.jar:/usr/lib/jvm/java-8-oracle/jre/lib/ext/sunpkcs11.jar:/usr/lib/jvm/java-8-oracle/jre/lib/ext/zipfs.jar:/usr/lib/jvm/java-8-oracle/jre/lib/javaws.jar:/usr/lib/jvm/java-8-oracle/jre/lib/jce.jar:/usr/lib/jvm/java-8-oracle/jre/lib/jfr.jar:/usr/lib/jvm/java-8-oracle/jre/lib/jfxswt.jar:/usr/lib/jvm/java-8-oracle/jre/lib/jsse.jar:/usr/lib/jvm/java-8-oracle/jre/lib/management-agent.jar:/usr/lib/jvm/java-8-oracle/jre/lib/plugin.jar:/usr/lib/jvm/java-8-oracle/jre/lib/resources.jar:/usr/lib/jvm/java-8-oracle/jre/lib/rt.jar:/home/student/IdeaProjects/AnimalFactsRepo/target/test-classes:/home/student/IdeaProjects/AnimalFactsRepo/target/classes:/home/student/.m2/repository/junit/junit/4.11/junit-4.11.jar:/home/student/.m2/repository/org/hamcrest/hamcrest-core/1.3/hamcrest-core-1.3.jar:/home/student/.m2/repository/javax/javaee-web-api/7.0/javaee-web-api-7.0.jar:/home/student/.m2/repository/org/glassfish/jersey/containers/jersey-container-servlet/2.23.2/jersey-container-servlet-2.23.2.jar:/home/student/.m2/repository/org/glassfish/jersey/containers/jersey-container-servlet-core/2.23.2/jersey-container-servlet-core-2.23.2.jar:/home/student/.m2/repository/org/glassfish/jersey/core/jersey-common/2.23.2/jersey-common-2.23.2.jar:/home/student/.m2/repository/javax/annotation/javax.annotation-api/1.2/javax.annotation-api-1.2.jar:/home/student/.m2/repository/org/glassfish/jersey/bundles/repackaged/jersey-guava/2.23.2/jersey-guava-2.23.2.jar:/home/student/.m2/repository/org/glassfish/hk2/osgi-resource-locator/1.0.1/osgi-resource-locator-1.0.1.jar:/home/student/.m2/repository/org/glassfish/jersey/core/jersey-server/2.23.2/jersey-server-2.23.2.jar:/home/student/.m2/repository/org/glassfish/jersey/media/jersey-media-jaxb/2.23.2/jersey-media-jaxb-2.23.2.jar:/home/student/.m2/repository/javax/validation/validation-api/1.1.0.Final/validation-api-1.1.0.Final.jar:/home/student/.m2/repository/javax/ws/rs/javax.ws.rs-api/2.0.1/javax.ws.rs-api-2.0.1.jar:/home/student/.m2/repository/org/apache/logging/log4j/log4j-api/2.10.0/log4j-api-2.10.0.jar:/home/student/.m2/repository/org/apache/logging/log4j/log4j-core/2.10.0/log4j-core-2.10.0.jar:/home/student/.m2/repository/org/hibernate/hibernate-core/5.2.12.Final/hibernate-core-5.2.12.Final.jar:/home/student/.m2/repository/org/jboss/logging/jboss-logging/3.3.0.Final/jboss-logging-3.3.0.Final.jar:/home/student/.m2/repository/org/hibernate/javax/persistence/hibernate-jpa-2.1-api/1.0.0.Final/hibernate-jpa-2.1-api-1.0.0.Final.jar:/home/student/.m2/repository/org/javassist/javassist/3.20.0-GA/javassist-3.20.0-GA.jar:/home/student/.m2/repository/antlr/antlr/2.7.7/antlr-2.7.7.jar:/home/student/.m2/repository/org/jboss/spec/javax/transaction/jboss-transaction-api_1.2_spec/1.0.1.Final/jboss-transaction-api_1.2_spec-1.0.1.Final.jar:/home/student/.m2/repository/org/jboss/jandex/2.0.3.Final/jandex-2.0.3.Final.jar:/home/student/.m2/repository/com/fasterxml/classmate/1.3.0/classmate-1.3.0.jar:/home/student/.m2/repository/dom4j/dom4j/1.6.1/dom4j-1.6.1.jar:/home/student/.m2/repository/org/hibernate/common/hibernate-commons-annotations/5.0.1.Final/hibernate-commons-annotations-5.0.1.Final.jar:/home/student/.m2/repository/org/hibernate/hibernate-c3p0/5.2.12.Final/hibernate-c3p0-5.2.12.Final.jar:/home/student/.m2/repository/com/mchange/c3p0/0.9.5.2/c3p0-0.9.5.2.jar:/home/student/.m2/repository/com/mchange/mchange-commons-java/0.2.11/mchange-commons-java-0.2.11.jar:/home/student/.m2/repository/mysql/mysql-connector-java/5.1.39/mysql-connector-java-5.1.39.jar:/home/student/.m2/repository/jstl/jstl/1.2/jstl-1.2.jar:/home/student/.m2/repository/org/glassfish/jersey/core/jersey-client/2.23.2/jersey-client-2.23.2.jar:/home/student/.m2/repository/org/glassfish/hk2/hk2-api/2.5.0-b05/hk2-api-2.5.0-b05.jar:/home/student/.m2/repository/org/glassfish/hk2/hk2-utils/2.5.0-b05/hk2-utils-2.5.0-b05.jar:/home/student/.m2/repository/org/glassfish/hk2/external/aopalliance-repackaged/2.5.0-b05/aopalliance-repackaged-2.5.0-b05.jar:/home/student/.m2/repository/org/glassfish/hk2/external/javax.inject/2.5.0-b05/javax.inject-2.5.0-b05.jar:/home/student/.m2/repository/org/glassfish/hk2/hk2-locator/2.5.0-b05/hk2-locator-2.5.0-b05.jar:/home/student/.m2/repository/com/fasterxml/jackson/core/jackson-core/2.9.3/jackson-core-2.9.3.jar:/home/student/.m2/repository/com/fasterxml/jackson/core/jackson-annotations/2.9.3/jackson-annotations-2.9.3.jar:/home/student/.m2/repository/com/fasterxml/jackson/core/jackson-databind/2.8.3/jackson-databind-2.8.3.jar:/home/student/Downloads/idea-IU-173.4674.33/lib/idea_rt.jar, java.vm.vendor=Oracle Corporation, sun.arch.data.model=64, idea.test.cyclic.buffer.size=1048576, java.vendor.url=http://java.oracle.com/, user.timezone=America/Chicago, os.name=Linux, java.vm.specification.version=1.8, user.country=US, sun.java.launcher=SUN_STANDARD, sun.boot.library.path=/usr/lib/jvm/java-8-oracle/jre/lib/amd64, sun.java.command=com.intellij.rt.execution.junit.JUnitStarter -ideVersion5 -junit5 rest.RestServiceTest,deleteSuccess, sun.cpu.endian=little, hibernate.c3p0.max_statements=50, user.home=/home/student, user.language=en, java.specification.vendor=Oracle Corporation, java.home=/usr/lib/jvm/java-8-oracle/jre, file.separator=/, line.separator=
, hibernate.c3p0.timeout=300, java.vm.specification.vendor=Oracle Corporation, java.specification.name=Java Platform API Specification, java.awt.graphicsenv=sun.awt.X11GraphicsEnvironment, sun.boot.class.path=/usr/lib/jvm/java-8-oracle/jre/lib/resources.jar:/usr/lib/jvm/java-8-oracle/jre/lib/rt.jar:/usr/lib/jvm/java-8-oracle/jre/lib/sunrsasign.jar:/usr/lib/jvm/java-8-oracle/jre/lib/jsse.jar:/usr/lib/jvm/java-8-oracle/jre/lib/jce.jar:/usr/lib/jvm/java-8-oracle/jre/lib/charsets.jar:/usr/lib/jvm/java-8-oracle/jre/lib/jfr.jar:/usr/lib/jvm/java-8-oracle/jre/classes, connection.password=student, sun.management.compiler=HotSpot 64-Bit Tiered Compilers, hibernate.c3p0.max_size=20, java.runtime.version=1.8.0_144-b01, user.name=student, path.separator=:, hibernate.connection.username=root, os.version=4.4.0-57-generic, java.endorsed.dirs=/usr/lib/jvm/java-8-oracle/jre/lib/endorsed, java.runtime.name=Java(TM) SE Runtime Environment, hibernate.connection.url=jdbc:mysql://localhost:3306/AnimalFacts, file.encoding=UTF-8, java.vm.name=Java HotSpot(TM) 64-Bit Server VM, hibernate.connection.driver_class=com.mysql.jdbc.Driver, java.vendor.url.bug=http://bugreport.sun.com/bugreport/, java.io.tmpdir=/tmp, java.version=1.8.0_144, user.dir=/home/student/IdeaProjects/AnimalFactsRepo, os.arch=amd64, connection.username=root, java.vm.specification.name=Java Virtual Machine Specification, hibernate.connection.password=****, java.awt.printerjob=sun.print.PSPrinterJob, sun.os.patch.level=unknown, connection.driver_class=com.mysql.jdbc.Driver, hibernate.boot.CfgXmlAccessService.key=org.hibernate.boot.cfgxml.spi.LoadedConfig@407cf41, java.library.path=/usr/java/packages/lib/amd64:/usr/lib64:/lib64:/lib:/usr/lib, java.vm.info=mixed mode, java.vendor=Oracle Corporation, java.vm.version=25.144-b01, hibernate.bytecode.use_reflection_optimizer=false, java.ext.dirs=/usr/lib/jvm/java-8-oracle/jre/lib/ext:/usr/java/packages/lib/ext, sun.io.unicode.encoding=UnicodeLittle, connection.url=jdbc:mysql://localhost:3306/AnimalFacts, java.class.version=52.0}
[DEBUG] 2018-11-20 15:17:25.584 [main] TypeSafeActivator - Unable to acquire Bean Validation ValidatorFactory, skipping activation
[DEBUG] 2018-11-20 15:17:25.590 [main] JaccIntegrator - Skipping JACC integration as it was not enabled
[DEBUG] 2018-11-20 15:17:25.591 [main] SessionFactoryImpl - Instantiated session factory
[DEBUG] 2018-11-20 15:17:25.707 [main] ClassLoaderAccessImpl - Not known whether passed class name [entity.Animal] is safe
[DEBUG] 2018-11-20 15:17:25.709 [main] ClassLoaderAccessImpl - No temp ClassLoader provided; using live ClassLoader for loading potentially unsafe class : entity.Animal
[DEBUG] 2018-11-20 15:17:25.750 [main] ClassLoaderAccessImpl - Not known whether passed class name [entity.Animal] is safe
[DEBUG] 2018-11-20 15:17:25.750 [main] ClassLoaderAccessImpl - No temp ClassLoader provided; using live ClassLoader for loading potentially unsafe class : entity.Animal
[DEBUG] 2018-11-20 15:17:25.889 [main] ClassLoaderAccessImpl - Not known whether passed class name [entity.Fact] is safe
[DEBUG] 2018-11-20 15:17:25.894 [main] ClassLoaderAccessImpl - No temp ClassLoader provided; using live ClassLoader for loading potentially unsafe class : entity.Fact
[DEBUG] 2018-11-20 15:17:25.895 [main] ClassLoaderAccessImpl - Not known whether passed class name [entity.Fact] is safe
[DEBUG] 2018-11-20 15:17:25.895 [main] ClassLoaderAccessImpl - No temp ClassLoader provided; using live ClassLoader for loading potentially unsafe class : entity.Fact
[DEBUG] 2018-11-20 15:17:25.933 [main] AbstractCollectionPersister - Static SQL for collection: entity.Animal.fact
[DEBUG] 2018-11-20 15:17:25.933 [main] AbstractCollectionPersister -  Row insert: update facts set animalId=? where id=?
[DEBUG] 2018-11-20 15:17:25.936 [main] AbstractCollectionPersister -  Row update: update facts set  where id=?
[DEBUG] 2018-11-20 15:17:25.937 [main] AbstractCollectionPersister -  Row delete: update facts set animalId=null where animalId=? and id=?
[DEBUG] 2018-11-20 15:17:25.938 [main] AbstractCollectionPersister -  One-shot delete: update facts set animalId=null where animalId=?
[DEBUG] 2018-11-20 15:17:25.948 [main] AbstractEntityPersister - Static SQL for entity: entity.Animal
[DEBUG] 2018-11-20 15:17:25.948 [main] AbstractEntityPersister -  Version select: select id from animal where id =?
[DEBUG] 2018-11-20 15:17:25.949 [main] AbstractEntityPersister -  Snapshot select: select animal_.id, animal_.animal as animal2_0_ from animal animal_ where animal_.id=?
[DEBUG] 2018-11-20 15:17:25.952 [main] AbstractEntityPersister -  Insert 0: insert into animal (animal, id) values (?, ?)
[DEBUG] 2018-11-20 15:17:25.955 [main] AbstractEntityPersister -  Update 0: update animal set animal=? where id=?
[DEBUG] 2018-11-20 15:17:25.955 [main] AbstractEntityPersister -  Delete 0: delete from animal where id=?
[DEBUG] 2018-11-20 15:17:25.956 [main] AbstractEntityPersister -  Identity insert: insert into animal (animal) values (?)
[DEBUG] 2018-11-20 15:17:26.005 [main] QuerySpacesImpl - Adding QuerySpace : uid = <gen:0> -> org.hibernate.loader.plan.build.internal.spaces.EntityQuerySpaceImpl@6034e75d]
[DEBUG] 2018-11-20 15:17:26.007 [main] MetamodelGraphWalker - Visiting attribute path : animal
[DEBUG] 2018-11-20 15:17:26.007 [main] MetamodelGraphWalker - Visiting attribute path : fact
[DEBUG] 2018-11-20 15:17:26.018 [main] QuerySpacesImpl - Adding QuerySpace : uid = <gen:1> -> org.hibernate.loader.plan.build.internal.spaces.CollectionQuerySpaceImpl@78d39a69]
[DEBUG] 2018-11-20 15:17:26.025 [main] QuerySpacesImpl - Adding QuerySpace : uid = <gen:2> -> org.hibernate.loader.plan.build.internal.spaces.EntityQuerySpaceImpl@77e80a5e]
[DEBUG] 2018-11-20 15:17:26.032 [main] MetamodelGraphWalker - Visiting attribute path : fact.animal
[DEBUG] 2018-11-20 15:17:26.033 [main] MetamodelGraphWalker - Property path deemed to be circular : fact.animal
[DEBUG] 2018-11-20 15:17:26.033 [main] MetamodelGraphWalker - Visiting attribute path : fact.fact
[DEBUG] 2018-11-20 15:17:26.033 [main] FetchStyleLoadPlanBuildingAssociationVisitationStrategy - Building LoadPlan...
[DEBUG] 2018-11-20 15:17:26.058 [main] LoadQueryJoinAndFetchProcessor - processing queryspace <gen:0>
[DEBUG] 2018-11-20 15:17:26.074 [main] LoadPlanTreePrinter - LoadPlan(entity=entity.Animal)
    - Returns
       - EntityReturnImpl(entity=entity.Animal, querySpaceUid=<gen:0>, path=entity.Animal)
          - CollectionAttributeFetchImpl(collection=entity.Animal.fact, querySpaceUid=<gen:1>, path=entity.Animal.fact)
             - (collection element) CollectionFetchableElementEntityGraph(entity=entity.Fact, querySpaceUid=<gen:2>, path=entity.Animal.fact.<elements>)
    - QuerySpaces
       - EntityQuerySpaceImpl(uid=<gen:0>, entity=entity.Animal)
          - SQL table alias mapping - animal0_
          - alias suffix - 0_
          - suffixed key columns - {id1_0_0_}
          - JOIN (JoinDefinedByMetadata(fact)) : <gen:0> -> <gen:1>
             - CollectionQuerySpaceImpl(uid=<gen:1>, collection=entity.Animal.fact)
                - SQL table alias mapping - fact1_
                - alias suffix - 1_
                - suffixed key columns - {animalId3_1_1_}
                - entity-element alias suffix - 2_
                - 2_entity-element suffixed key columns - id1_1_2_
                - JOIN (JoinDefinedByMetadata(elements)) : <gen:1> -> <gen:2>
                   - EntityQuerySpaceImpl(uid=<gen:2>, entity=entity.Fact)
                      - SQL table alias mapping - fact1_
                      - alias suffix - 2_
                      - suffixed key columns - {id1_1_2_}

[DEBUG] 2018-11-20 15:17:26.078 [main] EntityLoader - Static select for entity entity.Animal [NONE]: select animal0_.id as id1_0_0_, animal0_.animal as animal2_0_0_, fact1_.animalId as animalId3_1_1_, fact1_.id as id1_1_1_, fact1_.id as id1_1_2_, fact1_.animalId as animalId3_1_2_, fact1_.fact as fact2_1_2_ from animal animal0_ left outer join facts fact1_ on animal0_.id=fact1_.animalId where animal0_.id=?
[DEBUG] 2018-11-20 15:17:26.078 [main] QuerySpacesImpl - Adding QuerySpace : uid = <gen:0> -> org.hibernate.loader.plan.build.internal.spaces.EntityQuerySpaceImpl@907f2b7]
[DEBUG] 2018-11-20 15:17:26.078 [main] MetamodelGraphWalker - Visiting attribute path : animal
[DEBUG] 2018-11-20 15:17:26.080 [main] MetamodelGraphWalker - Visiting attribute path : fact
[DEBUG] 2018-11-20 15:17:26.081 [main] QuerySpacesImpl - Adding QuerySpace : uid = <gen:1> -> org.hibernate.loader.plan.build.internal.spaces.CollectionQuerySpaceImpl@537b32ef]
[DEBUG] 2018-11-20 15:17:26.081 [main] QuerySpacesImpl - Adding QuerySpace : uid = <gen:2> -> org.hibernate.loader.plan.build.internal.spaces.EntityQuerySpaceImpl@7dc51783]
[DEBUG] 2018-11-20 15:17:26.081 [main] MetamodelGraphWalker - Visiting attribute path : fact.animal
[DEBUG] 2018-11-20 15:17:26.081 [main] MetamodelGraphWalker - Property path deemed to be circular : fact.animal
[DEBUG] 2018-11-20 15:17:26.085 [main] MetamodelGraphWalker - Visiting attribute path : fact.fact
[DEBUG] 2018-11-20 15:17:26.086 [main] FetchStyleLoadPlanBuildingAssociationVisitationStrategy - Building LoadPlan...
[DEBUG] 2018-11-20 15:17:26.086 [main] LoadQueryJoinAndFetchProcessor - processing queryspace <gen:0>
[DEBUG] 2018-11-20 15:17:26.087 [main] LoadPlanTreePrinter - LoadPlan(entity=entity.Animal)
    - Returns
       - EntityReturnImpl(entity=entity.Animal, querySpaceUid=<gen:0>, path=entity.Animal)
          - CollectionAttributeFetchImpl(collection=entity.Animal.fact, querySpaceUid=<gen:1>, path=entity.Animal.fact)
             - (collection element) CollectionFetchableElementEntityGraph(entity=entity.Fact, querySpaceUid=<gen:2>, path=entity.Animal.fact.<elements>)
    - QuerySpaces
       - EntityQuerySpaceImpl(uid=<gen:0>, entity=entity.Animal)
          - SQL table alias mapping - animal0_
          - alias suffix - 0_
          - suffixed key columns - {id1_0_0_}
          - JOIN (JoinDefinedByMetadata(fact)) : <gen:0> -> <gen:1>
             - CollectionQuerySpaceImpl(uid=<gen:1>, collection=entity.Animal.fact)
                - SQL table alias mapping - fact1_
                - alias suffix - 1_
                - suffixed key columns - {animalId3_1_1_}
                - entity-element alias suffix - 2_
                - 2_entity-element suffixed key columns - id1_1_2_
                - JOIN (JoinDefinedByMetadata(elements)) : <gen:1> -> <gen:2>
                   - EntityQuerySpaceImpl(uid=<gen:2>, entity=entity.Fact)
                      - SQL table alias mapping - fact1_
                      - alias suffix - 2_
                      - suffixed key columns - {id1_1_2_}

[DEBUG] 2018-11-20 15:17:26.087 [main] EntityLoader - Static select for entity entity.Animal [READ]: select animal0_.id as id1_0_0_, animal0_.animal as animal2_0_0_, fact1_.animalId as animalId3_1_1_, fact1_.id as id1_1_1_, fact1_.id as id1_1_2_, fact1_.animalId as animalId3_1_2_, fact1_.fact as fact2_1_2_ from animal animal0_ left outer join facts fact1_ on animal0_.id=fact1_.animalId where animal0_.id=?
[DEBUG] 2018-11-20 15:17:26.087 [main] QuerySpacesImpl - Adding QuerySpace : uid = <gen:0> -> org.hibernate.loader.plan.build.internal.spaces.EntityQuerySpaceImpl@65e7f52a]
[DEBUG] 2018-11-20 15:17:26.087 [main] MetamodelGraphWalker - Visiting attribute path : animal
[DEBUG] 2018-11-20 15:17:26.087 [main] MetamodelGraphWalker - Visiting attribute path : fact
[DEBUG] 2018-11-20 15:17:26.087 [main] QuerySpacesImpl - Adding QuerySpace : uid = <gen:1> -> org.hibernate.loader.plan.build.internal.spaces.CollectionQuerySpaceImpl@75699e35]
[DEBUG] 2018-11-20 15:17:26.087 [main] QuerySpacesImpl - Adding QuerySpace : uid = <gen:2> -> org.hibernate.loader.plan.build.internal.spaces.EntityQuerySpaceImpl@107e5441]
[DEBUG] 2018-11-20 15:17:26.087 [main] FetchStyleLoadPlanBuildingAssociationVisitationStrategy - Building LoadPlan...
[DEBUG] 2018-11-20 15:17:26.088 [main] LoadQueryJoinAndFetchProcessor - processing queryspace <gen:0>
[DEBUG] 2018-11-20 15:17:26.088 [main] LoadPlanTreePrinter - LoadPlan(entity=entity.Animal)
    - Returns
       - EntityReturnImpl(entity=entity.Animal, querySpaceUid=<gen:0>, path=entity.Animal)
          - CollectionAttributeFetchImpl(collection=entity.Animal.fact, querySpaceUid=<gen:1>, path=entity.Animal.fact)
             - (collection element) CollectionFetchableElementEntityGraph(entity=entity.Fact, querySpaceUid=<gen:2>, path=entity.Animal.fact.<elements>)
    - QuerySpaces
       - EntityQuerySpaceImpl(uid=<gen:0>, entity=entity.Animal)
          - SQL table alias mapping - animal0_
          - alias suffix - 0_
          - suffixed key columns - {id1_0_0_}

[DEBUG] 2018-11-20 15:17:26.088 [main] EntityLoader - Static select for entity entity.Animal [UPGRADE]: select animal0_.id as id1_0_0_, animal0_.animal as animal2_0_0_ from animal animal0_ where animal0_.id=? for update
[DEBUG] 2018-11-20 15:17:26.088 [main] QuerySpacesImpl - Adding QuerySpace : uid = <gen:0> -> org.hibernate.loader.plan.build.internal.spaces.EntityQuerySpaceImpl@4aeaadc1]
[DEBUG] 2018-11-20 15:17:26.088 [main] MetamodelGraphWalker - Visiting attribute path : animal
[DEBUG] 2018-11-20 15:17:26.088 [main] MetamodelGraphWalker - Visiting attribute path : fact
[DEBUG] 2018-11-20 15:17:26.089 [main] QuerySpacesImpl - Adding QuerySpace : uid = <gen:1> -> org.hibernate.loader.plan.build.internal.spaces.CollectionQuerySpaceImpl@1f14f20c]
[DEBUG] 2018-11-20 15:17:26.089 [main] QuerySpacesImpl - Adding QuerySpace : uid = <gen:2> -> org.hibernate.loader.plan.build.internal.spaces.EntityQuerySpaceImpl@7daa61f3]
[DEBUG] 2018-11-20 15:17:26.089 [main] FetchStyleLoadPlanBuildingAssociationVisitationStrategy - Building LoadPlan...
[DEBUG] 2018-11-20 15:17:26.089 [main] LoadQueryJoinAndFetchProcessor - processing queryspace <gen:0>
[DEBUG] 2018-11-20 15:17:26.089 [main] LoadPlanTreePrinter - LoadPlan(entity=entity.Animal)
    - Returns
       - EntityReturnImpl(entity=entity.Animal, querySpaceUid=<gen:0>, path=entity.Animal)
          - CollectionAttributeFetchImpl(collection=entity.Animal.fact, querySpaceUid=<gen:1>, path=entity.Animal.fact)
             - (collection element) CollectionFetchableElementEntityGraph(entity=entity.Fact, querySpaceUid=<gen:2>, path=entity.Animal.fact.<elements>)
    - QuerySpaces
       - EntityQuerySpaceImpl(uid=<gen:0>, entity=entity.Animal)
          - SQL table alias mapping - animal0_
          - alias suffix - 0_
          - suffixed key columns - {id1_0_0_}

[DEBUG] 2018-11-20 15:17:26.089 [main] EntityLoader - Static select for entity entity.Animal [UPGRADE_NOWAIT]: select animal0_.id as id1_0_0_, animal0_.animal as animal2_0_0_ from animal animal0_ where animal0_.id=? for update
[DEBUG] 2018-11-20 15:17:26.089 [main] QuerySpacesImpl - Adding QuerySpace : uid = <gen:0> -> org.hibernate.loader.plan.build.internal.spaces.EntityQuerySpaceImpl@62315f22]
[DEBUG] 2018-11-20 15:17:26.090 [main] MetamodelGraphWalker - Visiting attribute path : animal
[DEBUG] 2018-11-20 15:17:26.090 [main] MetamodelGraphWalker - Visiting attribute path : fact
[DEBUG] 2018-11-20 15:17:26.090 [main] QuerySpacesImpl - Adding QuerySpace : uid = <gen:1> -> org.hibernate.loader.plan.build.internal.spaces.CollectionQuerySpaceImpl@56f2bbea]
[DEBUG] 2018-11-20 15:17:26.090 [main] QuerySpacesImpl - Adding QuerySpace : uid = <gen:2> -> org.hibernate.loader.plan.build.internal.spaces.EntityQuerySpaceImpl@78f9ed3e]
[DEBUG] 2018-11-20 15:17:26.090 [main] FetchStyleLoadPlanBuildingAssociationVisitationStrategy - Building LoadPlan...
[DEBUG] 2018-11-20 15:17:26.090 [main] LoadQueryJoinAndFetchProcessor - processing queryspace <gen:0>
[DEBUG] 2018-11-20 15:17:26.090 [main] LoadPlanTreePrinter - LoadPlan(entity=entity.Animal)
    - Returns
       - EntityReturnImpl(entity=entity.Animal, querySpaceUid=<gen:0>, path=entity.Animal)
          - CollectionAttributeFetchImpl(collection=entity.Animal.fact, querySpaceUid=<gen:1>, path=entity.Animal.fact)
             - (collection element) CollectionFetchableElementEntityGraph(entity=entity.Fact, querySpaceUid=<gen:2>, path=entity.Animal.fact.<elements>)
    - QuerySpaces
       - EntityQuerySpaceImpl(uid=<gen:0>, entity=entity.Animal)
          - SQL table alias mapping - animal0_
          - alias suffix - 0_
          - suffixed key columns - {id1_0_0_}

[DEBUG] 2018-11-20 15:17:26.090 [main] EntityLoader - Static select for entity entity.Animal [UPGRADE_SKIPLOCKED]: select animal0_.id as id1_0_0_, animal0_.animal as animal2_0_0_ from animal animal0_ where animal0_.id=? for update
[DEBUG] 2018-11-20 15:17:26.090 [main] QuerySpacesImpl - Adding QuerySpace : uid = <gen:0> -> org.hibernate.loader.plan.build.internal.spaces.EntityQuerySpaceImpl@1059754c]
[DEBUG] 2018-11-20 15:17:26.090 [main] MetamodelGraphWalker - Visiting attribute path : animal
[DEBUG] 2018-11-20 15:17:26.090 [main] MetamodelGraphWalker - Visiting attribute path : fact
[DEBUG] 2018-11-20 15:17:26.091 [main] QuerySpacesImpl - Adding QuerySpace : uid = <gen:1> -> org.hibernate.loader.plan.build.internal.spaces.CollectionQuerySpaceImpl@48e7b3d2]
[DEBUG] 2018-11-20 15:17:26.091 [main] QuerySpacesImpl - Adding QuerySpace : uid = <gen:2> -> org.hibernate.loader.plan.build.internal.spaces.EntityQuerySpaceImpl@7f4037ed]
[DEBUG] 2018-11-20 15:17:26.091 [main] FetchStyleLoadPlanBuildingAssociationVisitationStrategy - Building LoadPlan...
[DEBUG] 2018-11-20 15:17:26.091 [main] LoadQueryJoinAndFetchProcessor - processing queryspace <gen:0>
[DEBUG] 2018-11-20 15:17:26.094 [main] LoadPlanTreePrinter - LoadPlan(entity=entity.Animal)
    - Returns
       - EntityReturnImpl(entity=entity.Animal, querySpaceUid=<gen:0>, path=entity.Animal)
          - CollectionAttributeFetchImpl(collection=entity.Animal.fact, querySpaceUid=<gen:1>, path=entity.Animal.fact)
             - (collection element) CollectionFetchableElementEntityGraph(entity=entity.Fact, querySpaceUid=<gen:2>, path=entity.Animal.fact.<elements>)
    - QuerySpaces
       - EntityQuerySpaceImpl(uid=<gen:0>, entity=entity.Animal)
          - SQL table alias mapping - animal0_
          - alias suffix - 0_
          - suffixed key columns - {id1_0_0_}

[DEBUG] 2018-11-20 15:17:26.094 [main] EntityLoader - Static select for entity entity.Animal [FORCE]: select animal0_.id as id1_0_0_, animal0_.animal as animal2_0_0_ from animal animal0_ where animal0_.id=? for update
[DEBUG] 2018-11-20 15:17:26.094 [main] QuerySpacesImpl - Adding QuerySpace : uid = <gen:0> -> org.hibernate.loader.plan.build.internal.spaces.EntityQuerySpaceImpl@24e8de5c]
[DEBUG] 2018-11-20 15:17:26.094 [main] MetamodelGraphWalker - Visiting attribute path : animal
[DEBUG] 2018-11-20 15:17:26.094 [main] MetamodelGraphWalker - Visiting attribute path : fact
[DEBUG] 2018-11-20 15:17:26.094 [main] QuerySpacesImpl - Adding QuerySpace : uid = <gen:1> -> org.hibernate.loader.plan.build.internal.spaces.CollectionQuerySpaceImpl@110844f6]
[DEBUG] 2018-11-20 15:17:26.094 [main] QuerySpacesImpl - Adding QuerySpace : uid = <gen:2> -> org.hibernate.loader.plan.build.internal.spaces.EntityQuerySpaceImpl@6f89f665]
[DEBUG] 2018-11-20 15:17:26.097 [main] FetchStyleLoadPlanBuildingAssociationVisitationStrategy - Building LoadPlan...
[DEBUG] 2018-11-20 15:17:26.098 [main] LoadQueryJoinAndFetchProcessor - processing queryspace <gen:0>
[DEBUG] 2018-11-20 15:17:26.098 [main] LoadPlanTreePrinter - LoadPlan(entity=entity.Animal)
    - Returns
       - EntityReturnImpl(entity=entity.Animal, querySpaceUid=<gen:0>, path=entity.Animal)
          - CollectionAttributeFetchImpl(collection=entity.Animal.fact, querySpaceUid=<gen:1>, path=entity.Animal.fact)
             - (collection element) CollectionFetchableElementEntityGraph(entity=entity.Fact, querySpaceUid=<gen:2>, path=entity.Animal.fact.<elements>)
    - QuerySpaces
       - EntityQuerySpaceImpl(uid=<gen:0>, entity=entity.Animal)
          - SQL table alias mapping - animal0_
          - alias suffix - 0_
          - suffixed key columns - {id1_0_0_}

[DEBUG] 2018-11-20 15:17:26.098 [main] EntityLoader - Static select for entity entity.Animal [PESSIMISTIC_READ]: select animal0_.id as id1_0_0_, animal0_.animal as animal2_0_0_ from animal animal0_ where animal0_.id=? lock in share mode
[DEBUG] 2018-11-20 15:17:26.098 [main] QuerySpacesImpl - Adding QuerySpace : uid = <gen:0> -> org.hibernate.loader.plan.build.internal.spaces.EntityQuerySpaceImpl@df1cff6]
[DEBUG] 2018-11-20 15:17:26.098 [main] MetamodelGraphWalker - Visiting attribute path : animal
[DEBUG] 2018-11-20 15:17:26.099 [main] MetamodelGraphWalker - Visiting attribute path : fact
[DEBUG] 2018-11-20 15:17:26.099 [main] QuerySpacesImpl - Adding QuerySpace : uid = <gen:1> -> org.hibernate.loader.plan.build.internal.spaces.CollectionQuerySpaceImpl@1ad926d3]
[DEBUG] 2018-11-20 15:17:26.099 [main] QuerySpacesImpl - Adding QuerySpace : uid = <gen:2> -> org.hibernate.loader.plan.build.internal.spaces.EntityQuerySpaceImpl@3a43d133]
[DEBUG] 2018-11-20 15:17:26.099 [main] FetchStyleLoadPlanBuildingAssociationVisitationStrategy - Building LoadPlan...
[DEBUG] 2018-11-20 15:17:26.099 [main] LoadQueryJoinAndFetchProcessor - processing queryspace <gen:0>
[DEBUG] 2018-11-20 15:17:26.102 [main] LoadPlanTreePrinter - LoadPlan(entity=entity.Animal)
    - Returns
       - EntityReturnImpl(entity=entity.Animal, querySpaceUid=<gen:0>, path=entity.Animal)
          - CollectionAttributeFetchImpl(collection=entity.Animal.fact, querySpaceUid=<gen:1>, path=entity.Animal.fact)
             - (collection element) CollectionFetchableElementEntityGraph(entity=entity.Fact, querySpaceUid=<gen:2>, path=entity.Animal.fact.<elements>)
    - QuerySpaces
       - EntityQuerySpaceImpl(uid=<gen:0>, entity=entity.Animal)
          - SQL table alias mapping - animal0_
          - alias suffix - 0_
          - suffixed key columns - {id1_0_0_}

[DEBUG] 2018-11-20 15:17:26.103 [main] EntityLoader - Static select for entity entity.Animal [PESSIMISTIC_WRITE]: select animal0_.id as id1_0_0_, animal0_.animal as animal2_0_0_ from animal animal0_ where animal0_.id=? for update
[DEBUG] 2018-11-20 15:17:26.103 [main] QuerySpacesImpl - Adding QuerySpace : uid = <gen:0> -> org.hibernate.loader.plan.build.internal.spaces.EntityQuerySpaceImpl@39ce27f2]
[DEBUG] 2018-11-20 15:17:26.103 [main] MetamodelGraphWalker - Visiting attribute path : animal
[DEBUG] 2018-11-20 15:17:26.103 [main] MetamodelGraphWalker - Visiting attribute path : fact
[DEBUG] 2018-11-20 15:17:26.103 [main] QuerySpacesImpl - Adding QuerySpace : uid = <gen:1> -> org.hibernate.loader.plan.build.internal.spaces.CollectionQuerySpaceImpl@c96a4ea]
[DEBUG] 2018-11-20 15:17:26.103 [main] QuerySpacesImpl - Adding QuerySpace : uid = <gen:2> -> org.hibernate.loader.plan.build.internal.spaces.EntityQuerySpaceImpl@28782602]
[DEBUG] 2018-11-20 15:17:26.103 [main] FetchStyleLoadPlanBuildingAssociationVisitationStrategy - Building LoadPlan...
[DEBUG] 2018-11-20 15:17:26.104 [main] LoadQueryJoinAndFetchProcessor - processing queryspace <gen:0>
[DEBUG] 2018-11-20 15:17:26.104 [main] LoadPlanTreePrinter - LoadPlan(entity=entity.Animal)
    - Returns
       - EntityReturnImpl(entity=entity.Animal, querySpaceUid=<gen:0>, path=entity.Animal)
          - CollectionAttributeFetchImpl(collection=entity.Animal.fact, querySpaceUid=<gen:1>, path=entity.Animal.fact)
             - (collection element) CollectionFetchableElementEntityGraph(entity=entity.Fact, querySpaceUid=<gen:2>, path=entity.Animal.fact.<elements>)
    - QuerySpaces
       - EntityQuerySpaceImpl(uid=<gen:0>, entity=entity.Animal)
          - SQL table alias mapping - animal0_
          - alias suffix - 0_
          - suffixed key columns - {id1_0_0_}

[DEBUG] 2018-11-20 15:17:26.104 [main] EntityLoader - Static select for entity entity.Animal [PESSIMISTIC_FORCE_INCREMENT]: select animal0_.id as id1_0_0_, animal0_.animal as animal2_0_0_ from animal animal0_ where animal0_.id=? for update
[DEBUG] 2018-11-20 15:17:26.104 [main] QuerySpacesImpl - Adding QuerySpace : uid = <gen:0> -> org.hibernate.loader.plan.build.internal.spaces.EntityQuerySpaceImpl@60c16548]
[DEBUG] 2018-11-20 15:17:26.104 [main] MetamodelGraphWalker - Visiting attribute path : animal
[DEBUG] 2018-11-20 15:17:26.104 [main] MetamodelGraphWalker - Visiting attribute path : fact
[DEBUG] 2018-11-20 15:17:26.104 [main] QuerySpacesImpl - Adding QuerySpace : uid = <gen:1> -> org.hibernate.loader.plan.build.internal.spaces.CollectionQuerySpaceImpl@511816c0]
[DEBUG] 2018-11-20 15:17:26.104 [main] QuerySpacesImpl - Adding QuerySpace : uid = <gen:2> -> org.hibernate.loader.plan.build.internal.spaces.EntityQuerySpaceImpl@38b972d7]
[DEBUG] 2018-11-20 15:17:26.104 [main] FetchStyleLoadPlanBuildingAssociationVisitationStrategy - Building LoadPlan...
[DEBUG] 2018-11-20 15:17:26.104 [main] LoadQueryJoinAndFetchProcessor - processing queryspace <gen:0>
[DEBUG] 2018-11-20 15:17:26.105 [main] LoadPlanTreePrinter - LoadPlan(entity=entity.Animal)
    - Returns
       - EntityReturnImpl(entity=entity.Animal, querySpaceUid=<gen:0>, path=entity.Animal)
          - CollectionAttributeFetchImpl(collection=entity.Animal.fact, querySpaceUid=<gen:1>, path=entity.Animal.fact)
             - (collection element) CollectionFetchableElementEntityGraph(entity=entity.Fact, querySpaceUid=<gen:2>, path=entity.Animal.fact.<elements>)
    - QuerySpaces
       - EntityQuerySpaceImpl(uid=<gen:0>, entity=entity.Animal)
          - SQL table alias mapping - animal0_
          - alias suffix - 0_
          - suffixed key columns - {id1_0_0_}

[DEBUG] 2018-11-20 15:17:26.105 [main] EntityLoader - Static select for entity entity.Animal [OPTIMISTIC]: select animal0_.id as id1_0_0_, animal0_.animal as animal2_0_0_ from animal animal0_ where animal0_.id=?
[DEBUG] 2018-11-20 15:17:26.107 [main] QuerySpacesImpl - Adding QuerySpace : uid = <gen:0> -> org.hibernate.loader.plan.build.internal.spaces.EntityQuerySpaceImpl@5339bbad]
[DEBUG] 2018-11-20 15:17:26.108 [main] MetamodelGraphWalker - Visiting attribute path : animal
[DEBUG] 2018-11-20 15:17:26.108 [main] MetamodelGraphWalker - Visiting attribute path : fact
[DEBUG] 2018-11-20 15:17:26.108 [main] QuerySpacesImpl - Adding QuerySpace : uid = <gen:1> -> org.hibernate.loader.plan.build.internal.spaces.CollectionQuerySpaceImpl@288a4658]
[DEBUG] 2018-11-20 15:17:26.108 [main] QuerySpacesImpl - Adding QuerySpace : uid = <gen:2> -> org.hibernate.loader.plan.build.internal.spaces.EntityQuerySpaceImpl@5b56b654]
[DEBUG] 2018-11-20 15:17:26.108 [main] FetchStyleLoadPlanBuildingAssociationVisitationStrategy - Building LoadPlan...
[DEBUG] 2018-11-20 15:17:26.108 [main] LoadQueryJoinAndFetchProcessor - processing queryspace <gen:0>
[DEBUG] 2018-11-20 15:17:26.108 [main] LoadPlanTreePrinter - LoadPlan(entity=entity.Animal)
    - Returns
       - EntityReturnImpl(entity=entity.Animal, querySpaceUid=<gen:0>, path=entity.Animal)
          - CollectionAttributeFetchImpl(collection=entity.Animal.fact, querySpaceUid=<gen:1>, path=entity.Animal.fact)
             - (collection element) CollectionFetchableElementEntityGraph(entity=entity.Fact, querySpaceUid=<gen:2>, path=entity.Animal.fact.<elements>)
    - QuerySpaces
       - EntityQuerySpaceImpl(uid=<gen:0>, entity=entity.Animal)
          - SQL table alias mapping - animal0_
          - alias suffix - 0_
          - suffixed key columns - {id1_0_0_}

[DEBUG] 2018-11-20 15:17:26.108 [main] EntityLoader - Static select for entity entity.Animal [OPTIMISTIC_FORCE_INCREMENT]: select animal0_.id as id1_0_0_, animal0_.animal as animal2_0_0_ from animal animal0_ where animal0_.id=?
[DEBUG] 2018-11-20 15:17:26.140 [main] Loader - Static select for action ACTION_MERGE on entity entity.Animal: select animal0_.id as id1_0_1_, animal0_.animal as animal2_0_1_, fact1_.animalId as animalId3_1_3_, fact1_.id as id1_1_3_, fact1_.id as id1_1_0_, fact1_.animalId as animalId3_1_0_, fact1_.fact as fact2_1_0_ from animal animal0_ left outer join facts fact1_ on animal0_.id=fact1_.animalId where animal0_.id=?
[DEBUG] 2018-11-20 15:17:26.144 [main] Loader - Static select for action ACTION_REFRESH on entity entity.Animal: select animal0_.id as id1_0_1_, animal0_.animal as animal2_0_1_, fact1_.animalId as animalId3_1_3_, fact1_.id as id1_1_3_, fact1_.id as id1_1_0_, fact1_.animalId as animalId3_1_0_, fact1_.fact as fact2_1_0_ from animal animal0_ left outer join facts fact1_ on animal0_.id=fact1_.animalId where animal0_.id=?
[DEBUG] 2018-11-20 15:17:26.144 [main] AbstractEntityPersister - Static SQL for entity: entity.Fact
[DEBUG] 2018-11-20 15:17:26.144 [main] AbstractEntityPersister -  Version select: select id from facts where id =?
[DEBUG] 2018-11-20 15:17:26.144 [main] AbstractEntityPersister -  Snapshot select: select fact_.id, fact_.animalId as animalId3_1_, fact_.fact as fact2_1_ from facts fact_ where fact_.id=?
[DEBUG] 2018-11-20 15:17:26.144 [main] AbstractEntityPersister -  Insert 0: insert into facts (animalId, fact, id) values (?, ?, ?)
[DEBUG] 2018-11-20 15:17:26.145 [main] AbstractEntityPersister -  Update 0: update facts set animalId=?, fact=? where id=?
[DEBUG] 2018-11-20 15:17:26.145 [main] AbstractEntityPersister -  Delete 0: delete from facts where id=?
[DEBUG] 2018-11-20 15:17:26.145 [main] AbstractEntityPersister -  Identity insert: insert into facts (animalId, fact) values (?, ?)
[DEBUG] 2018-11-20 15:17:26.145 [main] QuerySpacesImpl - Adding QuerySpace : uid = <gen:0> -> org.hibernate.loader.plan.build.internal.spaces.EntityQuerySpaceImpl@5652f555]
[DEBUG] 2018-11-20 15:17:26.145 [main] MetamodelGraphWalker - Visiting attribute path : animal
[DEBUG] 2018-11-20 15:17:26.146 [main] QuerySpacesImpl - Adding QuerySpace : uid = <gen:1> -> org.hibernate.loader.plan.build.internal.spaces.EntityQuerySpaceImpl@55120f99]
[DEBUG] 2018-11-20 15:17:26.150 [main] MetamodelGraphWalker - Visiting attribute path : animal.animal
[DEBUG] 2018-11-20 15:17:26.151 [main] MetamodelGraphWalker - Visiting attribute path : animal.fact
[DEBUG] 2018-11-20 15:17:26.152 [main] MetamodelGraphWalker - Property path deemed to be circular : animal.fact
[DEBUG] 2018-11-20 15:17:26.155 [main] MetamodelGraphWalker - Visiting attribute path : fact
[DEBUG] 2018-11-20 15:17:26.155 [main] FetchStyleLoadPlanBuildingAssociationVisitationStrategy - Building LoadPlan...
[DEBUG] 2018-11-20 15:17:26.155 [main] LoadQueryJoinAndFetchProcessor - processing queryspace <gen:0>
[DEBUG] 2018-11-20 15:17:26.156 [main] LoadPlanTreePrinter - LoadPlan(entity=entity.Fact)
    - Returns
       - EntityReturnImpl(entity=entity.Fact, querySpaceUid=<gen:0>, path=entity.Fact)
          - EntityAttributeFetchImpl(entity=entity.Animal, querySpaceUid=<gen:1>, path=entity.Fact.animal)
    - QuerySpaces
       - EntityQuerySpaceImpl(uid=<gen:0>, entity=entity.Fact)
          - SQL table alias mapping - fact0_
          - alias suffix - 0_
          - suffixed key columns - {id1_1_0_}
          - JOIN (JoinDefinedByMetadata(animal)) : <gen:0> -> <gen:1>
             - EntityQuerySpaceImpl(uid=<gen:1>, entity=entity.Animal)
                - SQL table alias mapping - animal1_
                - alias suffix - 1_
                - suffixed key columns - {id1_0_1_}

[DEBUG] 2018-11-20 15:17:26.156 [main] EntityLoader - Static select for entity entity.Fact [NONE]: select fact0_.id as id1_1_0_, fact0_.animalId as animalId3_1_0_, fact0_.fact as fact2_1_0_, animal1_.id as id1_0_1_, animal1_.animal as animal2_0_1_ from facts fact0_ left outer join animal animal1_ on fact0_.animalId=animal1_.id where fact0_.id=?
[DEBUG] 2018-11-20 15:17:26.156 [main] QuerySpacesImpl - Adding QuerySpace : uid = <gen:0> -> org.hibernate.loader.plan.build.internal.spaces.EntityQuerySpaceImpl@323659f8]
[DEBUG] 2018-11-20 15:17:26.156 [main] MetamodelGraphWalker - Visiting attribute path : animal
[DEBUG] 2018-11-20 15:17:26.158 [main] QuerySpacesImpl - Adding QuerySpace : uid = <gen:1> -> org.hibernate.loader.plan.build.internal.spaces.EntityQuerySpaceImpl@3e521715]
[DEBUG] 2018-11-20 15:17:26.158 [main] MetamodelGraphWalker - Visiting attribute path : animal.animal
[DEBUG] 2018-11-20 15:17:26.158 [main] MetamodelGraphWalker - Visiting attribute path : animal.fact
[DEBUG] 2018-11-20 15:17:26.158 [main] MetamodelGraphWalker - Property path deemed to be circular : animal.fact
[DEBUG] 2018-11-20 15:17:26.158 [main] MetamodelGraphWalker - Visiting attribute path : fact
[DEBUG] 2018-11-20 15:17:26.158 [main] FetchStyleLoadPlanBuildingAssociationVisitationStrategy - Building LoadPlan...
[DEBUG] 2018-11-20 15:17:26.158 [main] LoadQueryJoinAndFetchProcessor - processing queryspace <gen:0>
[DEBUG] 2018-11-20 15:17:26.159 [main] LoadPlanTreePrinter - LoadPlan(entity=entity.Fact)
    - Returns
       - EntityReturnImpl(entity=entity.Fact, querySpaceUid=<gen:0>, path=entity.Fact)
          - EntityAttributeFetchImpl(entity=entity.Animal, querySpaceUid=<gen:1>, path=entity.Fact.animal)
    - QuerySpaces
       - EntityQuerySpaceImpl(uid=<gen:0>, entity=entity.Fact)
          - SQL table alias mapping - fact0_
          - alias suffix - 0_
          - suffixed key columns - {id1_1_0_}
          - JOIN (JoinDefinedByMetadata(animal)) : <gen:0> -> <gen:1>
             - EntityQuerySpaceImpl(uid=<gen:1>, entity=entity.Animal)
                - SQL table alias mapping - animal1_
                - alias suffix - 1_
                - suffixed key columns - {id1_0_1_}

[DEBUG] 2018-11-20 15:17:26.159 [main] EntityLoader - Static select for entity entity.Fact [READ]: select fact0_.id as id1_1_0_, fact0_.animalId as animalId3_1_0_, fact0_.fact as fact2_1_0_, animal1_.id as id1_0_1_, animal1_.animal as animal2_0_1_ from facts fact0_ left outer join animal animal1_ on fact0_.animalId=animal1_.id where fact0_.id=?
[DEBUG] 2018-11-20 15:17:26.159 [main] QuerySpacesImpl - Adding QuerySpace : uid = <gen:0> -> org.hibernate.loader.plan.build.internal.spaces.EntityQuerySpaceImpl@265c5d69]
[DEBUG] 2018-11-20 15:17:26.159 [main] MetamodelGraphWalker - Visiting attribute path : animal
[DEBUG] 2018-11-20 15:17:26.159 [main] QuerySpacesImpl - Adding QuerySpace : uid = <gen:1> -> org.hibernate.loader.plan.build.internal.spaces.EntityQuerySpaceImpl@3cc20577]
[DEBUG] 2018-11-20 15:17:26.159 [main] MetamodelGraphWalker - Visiting attribute path : fact
[DEBUG] 2018-11-20 15:17:26.159 [main] FetchStyleLoadPlanBuildingAssociationVisitationStrategy - Building LoadPlan...
[DEBUG] 2018-11-20 15:17:26.160 [main] LoadQueryJoinAndFetchProcessor - processing queryspace <gen:0>
[DEBUG] 2018-11-20 15:17:26.160 [main] LoadPlanTreePrinter - LoadPlan(entity=entity.Fact)
    - Returns
       - EntityReturnImpl(entity=entity.Fact, querySpaceUid=<gen:0>, path=entity.Fact)
          - EntityAttributeFetchImpl(entity=entity.Animal, querySpaceUid=<gen:1>, path=entity.Fact.animal)
    - QuerySpaces
       - EntityQuerySpaceImpl(uid=<gen:0>, entity=entity.Fact)
          - SQL table alias mapping - fact0_
          - alias suffix - 0_
          - suffixed key columns - {id1_1_0_}

[DEBUG] 2018-11-20 15:17:26.160 [main] EntityLoader - Static select for entity entity.Fact [UPGRADE]: select fact0_.id as id1_1_0_, fact0_.animalId as animalId3_1_0_, fact0_.fact as fact2_1_0_ from facts fact0_ where fact0_.id=? for update
[DEBUG] 2018-11-20 15:17:26.160 [main] QuerySpacesImpl - Adding QuerySpace : uid = <gen:0> -> org.hibernate.loader.plan.build.internal.spaces.EntityQuerySpaceImpl@33a630fa]
[DEBUG] 2018-11-20 15:17:26.160 [main] MetamodelGraphWalker - Visiting attribute path : animal
[DEBUG] 2018-11-20 15:17:26.160 [main] QuerySpacesImpl - Adding QuerySpace : uid = <gen:1> -> org.hibernate.loader.plan.build.internal.spaces.EntityQuerySpaceImpl@5767b2af]
[DEBUG] 2018-11-20 15:17:26.160 [main] MetamodelGraphWalker - Visiting attribute path : fact
[DEBUG] 2018-11-20 15:17:26.160 [main] FetchStyleLoadPlanBuildingAssociationVisitationStrategy - Building LoadPlan...
[DEBUG] 2018-11-20 15:17:26.160 [main] LoadQueryJoinAndFetchProcessor - processing queryspace <gen:0>
[DEBUG] 2018-11-20 15:17:26.161 [main] LoadPlanTreePrinter - LoadPlan(entity=entity.Fact)
    - Returns
       - EntityReturnImpl(entity=entity.Fact, querySpaceUid=<gen:0>, path=entity.Fact)
          - EntityAttributeFetchImpl(entity=entity.Animal, querySpaceUid=<gen:1>, path=entity.Fact.animal)
    - QuerySpaces
       - EntityQuerySpaceImpl(uid=<gen:0>, entity=entity.Fact)
          - SQL table alias mapping - fact0_
          - alias suffix - 0_
          - suffixed key columns - {id1_1_0_}

[DEBUG] 2018-11-20 15:17:26.161 [main] EntityLoader - Static select for entity entity.Fact [UPGRADE_NOWAIT]: select fact0_.id as id1_1_0_, fact0_.animalId as animalId3_1_0_, fact0_.fact as fact2_1_0_ from facts fact0_ where fact0_.id=? for update
[DEBUG] 2018-11-20 15:17:26.161 [main] QuerySpacesImpl - Adding QuerySpace : uid = <gen:0> -> org.hibernate.loader.plan.build.internal.spaces.EntityQuerySpaceImpl@7b22ec89]
[DEBUG] 2018-11-20 15:17:26.161 [main] MetamodelGraphWalker - Visiting attribute path : animal
[DEBUG] 2018-11-20 15:17:26.161 [main] QuerySpacesImpl - Adding QuerySpace : uid = <gen:1> -> org.hibernate.loader.plan.build.internal.spaces.EntityQuerySpaceImpl@2228db21]
[DEBUG] 2018-11-20 15:17:26.161 [main] MetamodelGraphWalker - Visiting attribute path : fact
[DEBUG] 2018-11-20 15:17:26.161 [main] FetchStyleLoadPlanBuildingAssociationVisitationStrategy - Building LoadPlan...
[DEBUG] 2018-11-20 15:17:26.161 [main] LoadQueryJoinAndFetchProcessor - processing queryspace <gen:0>
[DEBUG] 2018-11-20 15:17:26.161 [main] LoadPlanTreePrinter - LoadPlan(entity=entity.Fact)
    - Returns
       - EntityReturnImpl(entity=entity.Fact, querySpaceUid=<gen:0>, path=entity.Fact)
          - EntityAttributeFetchImpl(entity=entity.Animal, querySpaceUid=<gen:1>, path=entity.Fact.animal)
    - QuerySpaces
       - EntityQuerySpaceImpl(uid=<gen:0>, entity=entity.Fact)
          - SQL table alias mapping - fact0_
          - alias suffix - 0_
          - suffixed key columns - {id1_1_0_}

[DEBUG] 2018-11-20 15:17:26.161 [main] EntityLoader - Static select for entity entity.Fact [UPGRADE_SKIPLOCKED]: select fact0_.id as id1_1_0_, fact0_.animalId as animalId3_1_0_, fact0_.fact as fact2_1_0_ from facts fact0_ where fact0_.id=? for update
[DEBUG] 2018-11-20 15:17:26.162 [main] QuerySpacesImpl - Adding QuerySpace : uid = <gen:0> -> org.hibernate.loader.plan.build.internal.spaces.EntityQuerySpaceImpl@48b0e701]
[DEBUG] 2018-11-20 15:17:26.162 [main] MetamodelGraphWalker - Visiting attribute path : animal
[DEBUG] 2018-11-20 15:17:26.162 [main] QuerySpacesImpl - Adding QuerySpace : uid = <gen:1> -> org.hibernate.loader.plan.build.internal.spaces.EntityQuerySpaceImpl@547c04c4]
[DEBUG] 2018-11-20 15:17:26.162 [main] MetamodelGraphWalker - Visiting attribute path : fact
[DEBUG] 2018-11-20 15:17:26.168 [main] FetchStyleLoadPlanBuildingAssociationVisitationStrategy - Building LoadPlan...
[DEBUG] 2018-11-20 15:17:26.168 [main] LoadQueryJoinAndFetchProcessor - processing queryspace <gen:0>
[DEBUG] 2018-11-20 15:17:26.169 [main] LoadPlanTreePrinter - LoadPlan(entity=entity.Fact)
    - Returns
       - EntityReturnImpl(entity=entity.Fact, querySpaceUid=<gen:0>, path=entity.Fact)
          - EntityAttributeFetchImpl(entity=entity.Animal, querySpaceUid=<gen:1>, path=entity.Fact.animal)
    - QuerySpaces
       - EntityQuerySpaceImpl(uid=<gen:0>, entity=entity.Fact)
          - SQL table alias mapping - fact0_
          - alias suffix - 0_
          - suffixed key columns - {id1_1_0_}

[DEBUG] 2018-11-20 15:17:26.169 [main] EntityLoader - Static select for entity entity.Fact [FORCE]: select fact0_.id as id1_1_0_, fact0_.animalId as animalId3_1_0_, fact0_.fact as fact2_1_0_ from facts fact0_ where fact0_.id=? for update
[DEBUG] 2018-11-20 15:17:26.169 [main] QuerySpacesImpl - Adding QuerySpace : uid = <gen:0> -> org.hibernate.loader.plan.build.internal.spaces.EntityQuerySpaceImpl@30e92cb9]
[DEBUG] 2018-11-20 15:17:26.169 [main] MetamodelGraphWalker - Visiting attribute path : animal
[DEBUG] 2018-11-20 15:17:26.169 [main] QuerySpacesImpl - Adding QuerySpace : uid = <gen:1> -> org.hibernate.loader.plan.build.internal.spaces.EntityQuerySpaceImpl@ba1f559]
[DEBUG] 2018-11-20 15:17:26.169 [main] MetamodelGraphWalker - Visiting attribute path : fact
[DEBUG] 2018-11-20 15:17:26.169 [main] FetchStyleLoadPlanBuildingAssociationVisitationStrategy - Building LoadPlan...
[DEBUG] 2018-11-20 15:17:26.170 [main] LoadQueryJoinAndFetchProcessor - processing queryspace <gen:0>
[DEBUG] 2018-11-20 15:17:26.170 [main] LoadPlanTreePrinter - LoadPlan(entity=entity.Fact)
    - Returns
       - EntityReturnImpl(entity=entity.Fact, querySpaceUid=<gen:0>, path=entity.Fact)
          - EntityAttributeFetchImpl(entity=entity.Animal, querySpaceUid=<gen:1>, path=entity.Fact.animal)
    - QuerySpaces
       - EntityQuerySpaceImpl(uid=<gen:0>, entity=entity.Fact)
          - SQL table alias mapping - fact0_
          - alias suffix - 0_
          - suffixed key columns - {id1_1_0_}

[DEBUG] 2018-11-20 15:17:26.170 [main] EntityLoader - Static select for entity entity.Fact [PESSIMISTIC_READ]: select fact0_.id as id1_1_0_, fact0_.animalId as animalId3_1_0_, fact0_.fact as fact2_1_0_ from facts fact0_ where fact0_.id=? lock in share mode
[DEBUG] 2018-11-20 15:17:26.170 [main] QuerySpacesImpl - Adding QuerySpace : uid = <gen:0> -> org.hibernate.loader.plan.build.internal.spaces.EntityQuerySpaceImpl@3f4f9acd]
[DEBUG] 2018-11-20 15:17:26.171 [main] MetamodelGraphWalker - Visiting attribute path : animal
[DEBUG] 2018-11-20 15:17:26.171 [main] QuerySpacesImpl - Adding QuerySpace : uid = <gen:1> -> org.hibernate.loader.plan.build.internal.spaces.EntityQuerySpaceImpl@4bf324f9]
[DEBUG] 2018-11-20 15:17:26.172 [main] MetamodelGraphWalker - Visiting attribute path : fact
[DEBUG] 2018-11-20 15:17:26.172 [main] FetchStyleLoadPlanBuildingAssociationVisitationStrategy - Building LoadPlan...
[DEBUG] 2018-11-20 15:17:26.172 [main] LoadQueryJoinAndFetchProcessor - processing queryspace <gen:0>
[DEBUG] 2018-11-20 15:17:26.173 [main] LoadPlanTreePrinter - LoadPlan(entity=entity.Fact)
    - Returns
       - EntityReturnImpl(entity=entity.Fact, querySpaceUid=<gen:0>, path=entity.Fact)
          - EntityAttributeFetchImpl(entity=entity.Animal, querySpaceUid=<gen:1>, path=entity.Fact.animal)
    - QuerySpaces
       - EntityQuerySpaceImpl(uid=<gen:0>, entity=entity.Fact)
          - SQL table alias mapping - fact0_
          - alias suffix - 0_
          - suffixed key columns - {id1_1_0_}

[DEBUG] 2018-11-20 15:17:26.173 [main] EntityLoader - Static select for entity entity.Fact [PESSIMISTIC_WRITE]: select fact0_.id as id1_1_0_, fact0_.animalId as animalId3_1_0_, fact0_.fact as fact2_1_0_ from facts fact0_ where fact0_.id=? for update
[DEBUG] 2018-11-20 15:17:26.173 [main] QuerySpacesImpl - Adding QuerySpace : uid = <gen:0> -> org.hibernate.loader.plan.build.internal.spaces.EntityQuerySpaceImpl@4f7c0be3]
[DEBUG] 2018-11-20 15:17:26.173 [main] MetamodelGraphWalker - Visiting attribute path : animal
[DEBUG] 2018-11-20 15:17:26.174 [main] QuerySpacesImpl - Adding QuerySpace : uid = <gen:1> -> org.hibernate.loader.plan.build.internal.spaces.EntityQuerySpaceImpl@1d2644e3]
[DEBUG] 2018-11-20 15:17:26.174 [main] MetamodelGraphWalker - Visiting attribute path : fact
[DEBUG] 2018-11-20 15:17:26.174 [main] FetchStyleLoadPlanBuildingAssociationVisitationStrategy - Building LoadPlan...
[DEBUG] 2018-11-20 15:17:26.174 [main] LoadQueryJoinAndFetchProcessor - processing queryspace <gen:0>
[DEBUG] 2018-11-20 15:17:26.174 [main] LoadPlanTreePrinter - LoadPlan(entity=entity.Fact)
    - Returns
       - EntityReturnImpl(entity=entity.Fact, querySpaceUid=<gen:0>, path=entity.Fact)
          - EntityAttributeFetchImpl(entity=entity.Animal, querySpaceUid=<gen:1>, path=entity.Fact.animal)
    - QuerySpaces
       - EntityQuerySpaceImpl(uid=<gen:0>, entity=entity.Fact)
          - SQL table alias mapping - fact0_
          - alias suffix - 0_
          - suffixed key columns - {id1_1_0_}

[DEBUG] 2018-11-20 15:17:26.175 [main] EntityLoader - Static select for entity entity.Fact [PESSIMISTIC_FORCE_INCREMENT]: select fact0_.id as id1_1_0_, fact0_.animalId as animalId3_1_0_, fact0_.fact as fact2_1_0_ from facts fact0_ where fact0_.id=? for update
[DEBUG] 2018-11-20 15:17:26.175 [main] QuerySpacesImpl - Adding QuerySpace : uid = <gen:0> -> org.hibernate.loader.plan.build.internal.spaces.EntityQuerySpaceImpl@4fa06f52]
[DEBUG] 2018-11-20 15:17:26.175 [main] MetamodelGraphWalker - Visiting attribute path : animal
[DEBUG] 2018-11-20 15:17:26.175 [main] QuerySpacesImpl - Adding QuerySpace : uid = <gen:1> -> org.hibernate.loader.plan.build.internal.spaces.EntityQuerySpaceImpl@5ffc5491]
[DEBUG] 2018-11-20 15:17:26.175 [main] MetamodelGraphWalker - Visiting attribute path : fact
[DEBUG] 2018-11-20 15:17:26.175 [main] FetchStyleLoadPlanBuildingAssociationVisitationStrategy - Building LoadPlan...
[DEBUG] 2018-11-20 15:17:26.179 [main] LoadQueryJoinAndFetchProcessor - processing queryspace <gen:0>
[DEBUG] 2018-11-20 15:17:26.179 [main] LoadPlanTreePrinter - LoadPlan(entity=entity.Fact)
    - Returns
       - EntityReturnImpl(entity=entity.Fact, querySpaceUid=<gen:0>, path=entity.Fact)
          - EntityAttributeFetchImpl(entity=entity.Animal, querySpaceUid=<gen:1>, path=entity.Fact.animal)
    - QuerySpaces
       - EntityQuerySpaceImpl(uid=<gen:0>, entity=entity.Fact)
          - SQL table alias mapping - fact0_
          - alias suffix - 0_
          - suffixed key columns - {id1_1_0_}

[DEBUG] 2018-11-20 15:17:26.179 [main] EntityLoader - Static select for entity entity.Fact [OPTIMISTIC]: select fact0_.id as id1_1_0_, fact0_.animalId as animalId3_1_0_, fact0_.fact as fact2_1_0_ from facts fact0_ where fact0_.id=?
[DEBUG] 2018-11-20 15:17:26.180 [main] QuerySpacesImpl - Adding QuerySpace : uid = <gen:0> -> org.hibernate.loader.plan.build.internal.spaces.EntityQuerySpaceImpl@705202d1]
[DEBUG] 2018-11-20 15:17:26.180 [main] MetamodelGraphWalker - Visiting attribute path : animal
[DEBUG] 2018-11-20 15:17:26.180 [main] QuerySpacesImpl - Adding QuerySpace : uid = <gen:1> -> org.hibernate.loader.plan.build.internal.spaces.EntityQuerySpaceImpl@3e58d65e]
[DEBUG] 2018-11-20 15:17:26.180 [main] MetamodelGraphWalker - Visiting attribute path : fact
[DEBUG] 2018-11-20 15:17:26.180 [main] FetchStyleLoadPlanBuildingAssociationVisitationStrategy - Building LoadPlan...
[DEBUG] 2018-11-20 15:17:26.181 [main] LoadQueryJoinAndFetchProcessor - processing queryspace <gen:0>
[DEBUG] 2018-11-20 15:17:26.181 [main] LoadPlanTreePrinter - LoadPlan(entity=entity.Fact)
    - Returns
       - EntityReturnImpl(entity=entity.Fact, querySpaceUid=<gen:0>, path=entity.Fact)
          - EntityAttributeFetchImpl(entity=entity.Animal, querySpaceUid=<gen:1>, path=entity.Fact.animal)
    - QuerySpaces
       - EntityQuerySpaceImpl(uid=<gen:0>, entity=entity.Fact)
          - SQL table alias mapping - fact0_
          - alias suffix - 0_
          - suffixed key columns - {id1_1_0_}

[DEBUG] 2018-11-20 15:17:26.181 [main] EntityLoader - Static select for entity entity.Fact [OPTIMISTIC_FORCE_INCREMENT]: select fact0_.id as id1_1_0_, fact0_.animalId as animalId3_1_0_, fact0_.fact as fact2_1_0_ from facts fact0_ where fact0_.id=?
[DEBUG] 2018-11-20 15:17:26.181 [main] Loader - Static select for action ACTION_MERGE on entity entity.Fact: select fact0_.id as id1_1_0_, fact0_.animalId as animalId3_1_0_, fact0_.fact as fact2_1_0_ from facts fact0_ where fact0_.id=?
[DEBUG] 2018-11-20 15:17:26.182 [main] Loader - Static select for action ACTION_REFRESH on entity entity.Fact: select fact0_.id as id1_1_0_, fact0_.animalId as animalId3_1_0_, fact0_.fact as fact2_1_0_ from facts fact0_ where fact0_.id=?
[DEBUG] 2018-11-20 15:17:26.193 [main] QuerySpacesImpl - Adding QuerySpace : uid = <gen:0> -> org.hibernate.loader.plan.build.internal.spaces.CollectionQuerySpaceImpl@412c995d]
[DEBUG] 2018-11-20 15:17:26.193 [main] QuerySpacesImpl - Adding QuerySpace : uid = <gen:1> -> org.hibernate.loader.plan.build.internal.spaces.EntityQuerySpaceImpl@3249a1ce]
[DEBUG] 2018-11-20 15:17:26.193 [main] MetamodelGraphWalker - Visiting attribute path : animal
[DEBUG] 2018-11-20 15:17:26.193 [main] MetamodelGraphWalker - Property path deemed to be circular : animal
[DEBUG] 2018-11-20 15:17:26.193 [main] MetamodelGraphWalker - Visiting attribute path : fact
[DEBUG] 2018-11-20 15:17:26.194 [main] FetchStyleLoadPlanBuildingAssociationVisitationStrategy - Building LoadPlan...
[DEBUG] 2018-11-20 15:17:26.196 [main] LoadQueryJoinAndFetchProcessor - processing queryspace <gen:0>
[DEBUG] 2018-11-20 15:17:26.198 [main] LoadPlanTreePrinter - LoadPlan(collection=entity.Animal.fact)
    - Returns
       - CollectionReturnImpl(collection=entity.Animal.fact, querySpaceUid=<gen:0>, path=[entity.Animal.fact])
          - (collection element) CollectionFetchableElementEntityGraph(entity=entity.Fact, querySpaceUid=<gen:1>, path=[entity.Animal.fact].<elements>)
    - QuerySpaces
       - CollectionQuerySpaceImpl(uid=<gen:0>, collection=entity.Animal.fact)
          - SQL table alias mapping - fact0_
          - alias suffix - 0_
          - suffixed key columns - {animalId3_1_0_}
          - entity-element alias suffix - 1_
          - 1_entity-element suffixed key columns - id1_1_1_
          - JOIN (JoinDefinedByMetadata(elements)) : <gen:0> -> <gen:1>
             - EntityQuerySpaceImpl(uid=<gen:1>, entity=entity.Fact)
                - SQL table alias mapping - fact0_
                - alias suffix - 1_
                - suffixed key columns - {id1_1_1_}

[DEBUG] 2018-11-20 15:17:26.199 [main] CollectionLoader - Static select for collection entity.Animal.fact: select fact0_.animalId as animalId3_1_0_, fact0_.id as id1_1_0_, fact0_.id as id1_1_1_, fact0_.animalId as animalId3_1_1_, fact0_.fact as fact2_1_1_ from facts fact0_ where fact0_.animalId=?
[DEBUG] 2018-11-20 15:17:26.267 [main] SchemaManagementToolCoordinator - No actions specified; doing nothing
[DEBUG] 2018-11-20 15:17:26.267 [main] JtaPlatformInitiator - No JtaPlatform was specified, checking resolver
[DEBUG] 2018-11-20 15:17:26.273 [main] JtaPlatformResolverInitiator - No JtaPlatformResolver was specified, using default [org.hibernate.engine.transaction.jta.platform.internal.StandardJtaPlatformResolver]
[DEBUG] 2018-11-20 15:17:26.277 [main] StandardJtaPlatformResolver - Could not resolve JtaPlatform, using default [org.hibernate.engine.transaction.jta.platform.internal.NoJtaPlatform]
[DEBUG] 2018-11-20 15:17:26.278 [main] NamedQueryRepository - Checking 0 named HQL queries
[DEBUG] 2018-11-20 15:17:26.279 [main] NamedQueryRepository - Checking 0 named SQL queries
[DEBUG] 2018-11-20 15:17:26.288 [main] SessionFactoryRegistry - Initializing SessionFactoryRegistry : org.hibernate.internal.SessionFactoryRegistry@3eb631b8
[DEBUG] 2018-11-20 15:17:26.293 [main] SessionFactoryRegistry - Registering SessionFactory: a11eada4-398f-460e-95b1-4cf8259c34f2 (<unnamed>)
[DEBUG] 2018-11-20 15:17:26.293 [main] SessionFactoryRegistry - Not binding SessionFactory to JNDI, no JNDI name configured
[DEBUG] 2018-11-20 15:17:26.456 [main] StatisticsInitiator - Statistics initialized [enabled=false]
[DEBUG] 2018-11-20 15:17:26.485 [main] SQL - select fact0_.id as id1_1_0_, fact0_.animalId as animalId3_1_0_, fact0_.fact as fact2_1_0_, animal1_.id as id1_0_1_, animal1_.animal as animal2_0_1_ from facts fact0_ left outer join animal animal1_ on fact0_.animalId=animal1_.id where fact0_.id=?
[DEBUG] 2018-11-20 15:17:26.542 [main] ResourceRegistryStandardImpl - HHH000387: ResultSet's statement was not registered
[DEBUG] 2018-11-20 15:17:26.542 [main] AbstractLoadPlanBasedEntityLoader - Done entity load : entity.Fact#1
[DEBUG] 2018-11-20 15:17:26.542 [main] LogicalConnectionManagedImpl - Initiating JDBC connection release from afterTransaction
[DEBUG] 2018-11-20 15:17:26.551 [main] TransactionImpl - begin
